2017-03-20 18:09:05,164 INFO Beginnning Scan at: 18:09:05
2017-03-20 18:09:05,165 INFO Scanning tweets for: 2012-10-18 at 18:09:05
2017-03-20 18:09:37,570 INFO Beginnning Scan at: 18:09:37
2017-03-20 18:09:37,571 INFO Scanning tweets for: 2012-10-18 at 18:09:37
2017-03-20 18:14:49,878 INFO Beginnning Scan at: 18:14:49
2017-03-20 18:14:49,879 INFO Scanning tweets for: 2012-10-18 at 18:14:49
2017-03-20 18:16:14,118 INFO Beginnning Scan at: 18:16:14
2017-03-20 18:16:14,118 INFO Scanning tweets for: 2012-10-18 at 18:16:14
2017-03-20 18:16:43,765 INFO Beginnning Scan at: 18:16:43
2017-03-20 18:16:43,766 INFO Scanning tweets for: 2012-10-18 at 18:16:43
2017-03-20 18:17:14,285 INFO Tweet analysis for 2012-10-18 complete at 18:17:14. 20000 tweets scanned
2017-03-20 18:17:14,286 INFO Scanning tweets for: 2012-10-27 at 18:17:14
2017-03-20 18:17:50,934 INFO Tweet analysis for 2012-10-27 complete at 18:17:50. 20000 tweets scanned
2017-03-20 18:17:50,934 INFO Scanning tweets for: 2008-10-27 at 18:17:50
2017-03-20 18:18:33,203 INFO Tweet analysis for 2008-10-27 complete at 18:18:33. 20078 tweets scanned
2017-03-20 18:18:33,203 INFO Scanning tweets for: 2016-10-16 at 18:18:33
2017-03-20 18:19:33,235 INFO Tweet analysis for 2016-10-16 complete at 18:19:33. 20000 tweets scanned
2017-03-20 18:19:33,235 INFO Scanning tweets for: 2008-10-11 at 18:19:33
2017-03-20 18:20:36,624 INFO Tweet analysis for 2008-10-11 complete at 18:20:36. 18755 tweets scanned
2017-03-20 18:20:36,624 INFO Scanning tweets for: 2016-10-28.csv at 18:20:36
2017-03-20 18:34:42,504 INFO Beginnning Scan at: 18:34:42
2017-03-20 18:34:42,508 INFO Scanning tweets for: 2012-10-18 at 18:34:42
2017-03-20 18:35:10,527 INFO Tweet analysis for 2012-10-18 complete at 18:35:10. 20000 tweets scanned
2017-03-20 18:35:10,528 INFO Scanning tweets for: 2012-10-27 at 18:35:10
2017-03-20 18:35:38,713 INFO Tweet analysis for 2012-10-27 complete at 18:35:38. 20000 tweets scanned
2017-03-20 18:35:38,713 INFO Scanning tweets for: 2008-10-27 at 18:35:38
2017-03-20 18:36:05,253 INFO Tweet analysis for 2008-10-27 complete at 18:36:05. 20078 tweets scanned
2017-03-20 18:36:05,253 INFO Scanning tweets for: 2016-10-16 at 18:36:05
2017-03-20 18:36:31,847 INFO Tweet analysis for 2016-10-16 complete at 18:36:31. 20000 tweets scanned
2017-03-20 18:36:31,847 INFO Scanning tweets for: 2008-10-11 at 18:36:31
2017-03-20 18:36:57,170 INFO Tweet analysis for 2008-10-11 complete at 18:36:57. 18755 tweets scanned
2017-03-20 18:36:57,170 INFO Scanning tweets for: 2008-10-07 at 18:36:57
2017-03-20 18:37:28,280 INFO Tweet analysis for 2008-10-07 complete at 18:37:28. 22868 tweets scanned
2017-03-20 18:37:28,280 INFO Scanning tweets for: 2016-10-29 at 18:37:28
2017-03-20 18:37:54,746 INFO Tweet analysis for 2016-10-29 complete at 18:37:54. 20000 tweets scanned
2017-03-20 18:37:54,746 INFO Scanning tweets for: 2012-11-02 at 18:37:54
2017-03-20 18:38:22,117 INFO Tweet analysis for 2012-11-02 complete at 18:38:22. 20000 tweets scanned
2017-03-20 18:38:22,118 INFO Scanning tweets for: 2012-10-07 at 18:38:22
2017-03-20 18:38:49,274 INFO Tweet analysis for 2012-10-07 complete at 18:38:49. 20000 tweets scanned
2017-03-20 18:38:49,274 INFO Scanning tweets for: 2016-10-25 at 18:38:49
2017-03-20 18:39:16,071 INFO Tweet analysis for 2016-10-25 complete at 18:39:16. 20000 tweets scanned
2017-03-20 18:39:16,071 INFO Scanning tweets for: 2008-10-17 at 18:39:16
2017-03-20 18:39:48,222 INFO Tweet analysis for 2008-10-17 complete at 18:39:48. 24197 tweets scanned
2017-03-20 18:39:48,222 INFO Scanning tweets for: 2008-10-25 at 18:39:48
2017-03-20 18:40:11,384 INFO Tweet analysis for 2008-10-25 complete at 18:40:11. 17236 tweets scanned
2017-03-20 18:40:11,384 INFO Scanning tweets for: 2012-10-12 at 18:40:11
2017-03-20 18:40:34,438 INFO Tweet analysis for 2012-10-12 complete at 18:40:34. 16605 tweets scanned
2017-03-20 18:40:34,438 INFO Scanning tweets for: 2008-10-16 at 18:40:34
2017-03-20 18:41:15,191 INFO Tweet analysis for 2008-10-16 complete at 18:41:15. 29729 tweets scanned
2017-03-20 18:41:15,191 INFO Scanning tweets for: 2008-10-15 at 18:41:15
2017-03-20 18:41:45,325 INFO Tweet analysis for 2008-10-15 complete at 18:41:45. 22429 tweets scanned
2017-03-20 18:41:45,325 INFO Scanning tweets for: 2008-10-21 at 18:41:45
2017-03-20 18:42:14,203 INFO Tweet analysis for 2008-10-21 complete at 18:42:14. 21417 tweets scanned
2017-03-20 18:42:14,203 INFO Scanning tweets for: 2012-10-24 at 18:42:14
2017-03-20 18:42:42,079 INFO Tweet analysis for 2012-10-24 complete at 18:42:42. 20000 tweets scanned
2017-03-20 18:42:42,079 INFO Scanning tweets for: 2012-10-25 at 18:42:42
2017-03-20 18:43:09,840 INFO Tweet analysis for 2012-10-25 complete at 18:43:09. 20000 tweets scanned
2017-03-20 18:43:09,840 INFO Scanning tweets for: 2012-11-03 at 18:43:09
2017-03-20 18:43:37,540 INFO Tweet analysis for 2012-11-03 complete at 18:43:37. 20000 tweets scanned
2017-03-20 18:43:37,540 INFO Scanning tweets for: 2012-10-13 at 18:43:37
2017-03-20 18:44:05,352 INFO Tweet analysis for 2012-10-13 complete at 18:44:05. 20000 tweets scanned
2017-03-20 18:44:05,352 INFO Scanning tweets for: 2016-10-30 at 18:44:05
2017-03-20 18:44:20,164 INFO Tweet analysis for 2016-10-30 complete at 18:44:20. 11032 tweets scanned
2017-03-20 18:44:20,164 INFO Scanning tweets for: 2016-10-10 at 18:44:20
2017-03-20 18:44:47,118 INFO Tweet analysis for 2016-10-10 complete at 18:44:47. 20000 tweets scanned
2017-03-20 18:44:47,118 INFO Scanning tweets for: 2012-10-10 at 18:44:47
2017-03-20 18:45:14,710 INFO Tweet analysis for 2012-10-10 complete at 18:45:14. 20000 tweets scanned
2017-03-20 18:45:14,710 INFO Scanning tweets for: 2016-11-07 at 18:45:14
2017-03-20 18:45:41,309 INFO Tweet analysis for 2016-11-07 complete at 18:45:41. 20000 tweets scanned
2017-03-20 18:45:41,309 INFO Scanning tweets for: 2016-10-15 at 18:45:41
2017-03-20 18:46:08,164 INFO Tweet analysis for 2016-10-15 complete at 18:46:08. 20000 tweets scanned
2017-03-20 18:46:08,165 INFO Scanning tweets for: 2012-10-19 at 18:46:08
2017-03-20 18:46:35,990 INFO Tweet analysis for 2012-10-19 complete at 18:46:35. 20000 tweets scanned
2017-03-20 18:46:35,990 INFO Scanning tweets for: 2016-10-26 at 18:46:35
2017-03-20 18:46:51,792 INFO Tweet analysis for 2016-10-26 complete at 18:46:51. 11629 tweets scanned
2017-03-20 18:46:51,792 INFO Scanning tweets for: 2016-10-21 at 18:46:51
2017-03-20 18:47:18,389 INFO Tweet analysis for 2016-10-21 complete at 18:47:18. 20000 tweets scanned
2017-03-20 18:47:18,389 INFO Scanning tweets for: 2016-10-28 at 18:47:18
2017-03-20 18:47:45,495 INFO Tweet analysis for 2016-10-28 complete at 18:47:45. 20000 tweets scanned
2017-03-20 18:47:45,495 INFO Scanning tweets for: 2016-11-04 at 18:47:45
2017-03-20 18:48:11,463 INFO Tweet analysis for 2016-11-04 complete at 18:48:11. 20000 tweets scanned
2017-03-20 18:48:11,463 INFO Scanning tweets for: 2008-10-13 at 18:48:11
2017-03-20 18:48:36,503 INFO Tweet analysis for 2008-10-13 complete at 18:48:36. 18400 tweets scanned
2017-03-20 18:48:36,503 INFO Scanning tweets for: 2008-10-30 at 18:48:36
2017-03-20 18:49:07,903 INFO Tweet analysis for 2008-10-30 complete at 18:49:07. 22605 tweets scanned
2017-03-20 18:49:07,903 INFO Scanning tweets for: 2012-10-09 at 18:49:07
2017-03-20 18:49:35,691 INFO Tweet analysis for 2012-10-09 complete at 18:49:35. 20000 tweets scanned
2017-03-20 18:49:35,691 INFO Scanning tweets for: 2008-11-01 at 18:49:35
2017-03-20 18:50:01,360 INFO Tweet analysis for 2008-11-01 complete at 18:50:01. 20653 tweets scanned
2017-03-20 18:50:01,360 INFO Scanning tweets for: 2012-11-04 at 18:50:01
2017-03-20 18:50:28,702 INFO Tweet analysis for 2012-11-04 complete at 18:50:28. 20000 tweets scanned
2017-03-20 18:50:28,702 INFO Scanning tweets for: 2008-10-14 at 18:50:28
2017-03-20 18:50:53,814 INFO Tweet analysis for 2008-10-14 complete at 18:50:53. 18922 tweets scanned
2017-03-20 18:50:53,815 INFO Scanning tweets for: 2008-10-18 at 18:50:53
2017-03-20 18:51:15,220 INFO Tweet analysis for 2008-10-18 complete at 18:51:15. 15822 tweets scanned
2017-03-20 18:51:15,220 INFO Scanning tweets for: 2012-10-15 at 18:51:15
2017-03-20 18:51:43,105 INFO Tweet analysis for 2012-10-15 complete at 18:51:43. 20000 tweets scanned
2017-03-20 18:51:43,105 INFO Scanning tweets for: 2016-10-08 at 18:51:43
2017-03-20 18:52:11,390 INFO Tweet analysis for 2016-10-08 complete at 18:52:11. 20000 tweets scanned
2017-03-20 18:52:11,390 INFO Scanning tweets for: 2008-10-19 at 18:52:11
2017-03-20 18:52:21,287 INFO Tweet analysis for 2008-10-19 complete at 18:52:21. 7112 tweets scanned
2017-03-20 18:52:21,287 INFO Scanning tweets for: 2008-10-05 at 18:52:21
2017-03-20 18:52:39,601 INFO Tweet analysis for 2008-10-05 complete at 18:52:39. 13768 tweets scanned
2017-03-20 18:52:39,601 INFO Scanning tweets for: 2012-10-14 at 18:52:39
2017-03-20 18:53:11,728 INFO Tweet analysis for 2012-10-14 complete at 18:53:11. 20000 tweets scanned
2017-03-20 18:53:11,728 INFO Scanning tweets for: 2016-11-01 at 18:53:11
2017-03-20 18:53:44,771 INFO Tweet analysis for 2016-11-01 complete at 18:53:44. 20000 tweets scanned
2017-03-20 18:53:44,771 INFO Scanning tweets for: 2012-10-11 at 18:53:44
2017-03-20 18:54:20,648 INFO Tweet analysis for 2012-10-11 complete at 18:54:20. 20000 tweets scanned
2017-03-20 18:54:20,648 INFO Scanning tweets for: 2008-10-31 at 18:54:20
2017-03-20 18:55:03,596 INFO Tweet analysis for 2008-10-31 complete at 18:55:03. 22806 tweets scanned
2017-03-20 18:55:03,596 INFO Scanning tweets for: 2008-10-28 at 18:55:03
2017-03-20 18:55:39,529 INFO Tweet analysis for 2008-10-28 complete at 18:55:39. 20729 tweets scanned
2017-03-20 18:55:39,529 INFO Scanning tweets for: 2012-10-29 at 18:55:39
2017-03-20 18:56:19,968 INFO Tweet analysis for 2012-10-29 complete at 18:56:19. 20000 tweets scanned
2017-03-20 18:56:19,969 INFO Scanning tweets for: 2008-10-09 at 18:56:19
2017-03-20 18:57:02,679 INFO Tweet analysis for 2008-10-09 complete at 18:57:02. 20988 tweets scanned
2017-03-20 18:57:02,679 INFO Scanning tweets for: 2016-10-22 at 18:57:02
2017-03-20 18:57:37,080 INFO Tweet analysis for 2016-10-22 complete at 18:57:37. 20000 tweets scanned
2017-03-20 18:57:37,080 INFO Scanning tweets for: 2008-10-26 at 18:57:37
2017-03-20 18:58:04,667 INFO Tweet analysis for 2008-10-26 complete at 18:58:04. 17123 tweets scanned
2017-03-20 18:58:04,668 INFO Scanning tweets for: 2012-10-17 at 18:58:04
2017-03-20 18:58:42,274 INFO Tweet analysis for 2012-10-17 complete at 18:58:42. 20000 tweets scanned
2017-03-20 18:58:42,274 INFO Scanning tweets for: 2008-11-03 at 18:58:42
2017-03-20 18:59:25,043 INFO Tweet analysis for 2008-11-03 complete at 18:59:25. 24073 tweets scanned
2017-03-20 18:59:25,043 INFO Scanning tweets for: 2008-10-24 at 18:59:25
2017-03-20 19:00:02,833 INFO Tweet analysis for 2008-10-24 complete at 19:00:02. 23281 tweets scanned
2017-03-20 19:00:02,833 INFO Scanning tweets for: 2016-10-20 at 19:00:02
2017-03-20 19:00:34,872 INFO Tweet analysis for 2016-10-20 complete at 19:00:34. 20000 tweets scanned
2017-03-20 19:00:34,872 INFO Scanning tweets for: 2012-10-20 at 19:00:34
2017-03-20 19:01:07,216 INFO Tweet analysis for 2012-10-20 complete at 19:01:07. 20000 tweets scanned
2017-03-20 19:01:07,216 INFO Scanning tweets for: 2016-10-11 at 19:01:07
2017-03-20 19:01:40,441 INFO Tweet analysis for 2016-10-11 complete at 19:01:40. 20000 tweets scanned
2017-03-20 19:01:40,442 INFO Scanning tweets for: 2008-10-29 at 19:01:40
2017-03-20 19:02:11,386 INFO Tweet analysis for 2008-10-29 complete at 19:02:11. 21481 tweets scanned
2017-03-20 19:02:11,386 INFO Scanning tweets for: 2012-10-26 at 19:02:11
2017-03-20 19:02:50,900 INFO Tweet analysis for 2012-10-26 complete at 19:02:50. 20000 tweets scanned
2017-03-20 19:02:50,900 INFO Scanning tweets for: 2008-10-12 at 19:02:50
2017-03-20 19:03:12,855 INFO Tweet analysis for 2008-10-12 complete at 19:03:12. 12501 tweets scanned
2017-03-20 19:03:12,855 INFO Scanning tweets for: 2016-10-17 at 19:03:12
2017-03-20 19:04:00,898 INFO Beginnning Scan at: 19:04:00
2017-03-20 19:04:00,954 INFO Scanning tweets for: 2012-10-18 at 19:04:00
2017-03-20 19:04:35,038 INFO Tweet analysis for 2012-10-18 complete at 19:04:35. 20000 tweets scanned
2017-03-20 19:04:35,038 INFO Scanning tweets for: 2012-10-27 at 19:04:35
2017-03-20 19:05:11,725 INFO Tweet analysis for 2012-10-27 complete at 19:05:11. 20000 tweets scanned
2017-03-20 19:05:11,725 INFO Scanning tweets for: 2008-10-27 at 19:05:11
2017-03-20 19:05:47,163 INFO Tweet analysis for 2008-10-27 complete at 19:05:47. 20078 tweets scanned
2017-03-20 19:05:47,163 INFO Scanning tweets for: 2016-10-16 at 19:05:47
2017-03-20 19:06:23,145 INFO Tweet analysis for 2016-10-16 complete at 19:06:23. 20000 tweets scanned
2017-03-20 19:06:23,145 INFO Scanning tweets for: 2008-10-11 at 19:06:23
2017-03-20 19:06:54,729 INFO Tweet analysis for 2008-10-11 complete at 19:06:54. 18755 tweets scanned
2017-03-20 19:06:54,730 INFO Scanning tweets for: 2008-10-07 at 19:06:54
2017-03-20 19:07:33,299 INFO Tweet analysis for 2008-10-07 complete at 19:07:33. 22868 tweets scanned
2017-03-20 19:07:33,299 INFO Scanning tweets for: 2016-10-29 at 19:07:33
2017-03-20 19:08:08,217 INFO Tweet analysis for 2016-10-29 complete at 19:08:08. 20000 tweets scanned
2017-03-20 19:08:08,217 INFO Scanning tweets for: 2012-11-02 at 19:08:08
2017-03-20 19:08:44,251 INFO Tweet analysis for 2012-11-02 complete at 19:08:44. 20000 tweets scanned
2017-03-20 19:08:44,252 INFO Scanning tweets for: 2012-10-07 at 19:08:44
2017-03-20 19:09:21,162 INFO Tweet analysis for 2012-10-07 complete at 19:09:21. 20000 tweets scanned
2017-03-20 19:09:21,162 INFO Scanning tweets for: 2016-10-25 at 19:09:21
2017-03-20 19:09:53,972 INFO Tweet analysis for 2016-10-25 complete at 19:09:53. 20000 tweets scanned
2017-03-20 19:09:53,972 INFO Scanning tweets for: 2008-10-17 at 19:09:53
2017-03-20 19:10:32,220 INFO Tweet analysis for 2008-10-17 complete at 19:10:32. 24197 tweets scanned
2017-03-20 19:10:32,221 INFO Scanning tweets for: 2008-10-25 at 19:10:32
2017-03-20 19:10:59,141 INFO Tweet analysis for 2008-10-25 complete at 19:10:59. 17236 tweets scanned
2017-03-20 19:10:59,141 INFO Scanning tweets for: 2012-10-12 at 19:10:59
2017-03-20 19:11:27,208 INFO Tweet analysis for 2012-10-12 complete at 19:11:27. 16605 tweets scanned
2017-03-20 19:11:27,208 INFO Scanning tweets for: 2008-10-16 at 19:11:27
2017-03-20 19:12:15,440 INFO Tweet analysis for 2008-10-16 complete at 19:12:15. 29729 tweets scanned
2017-03-20 19:12:15,440 INFO Scanning tweets for: 2008-10-15 at 19:12:15
2017-03-20 19:12:50,918 INFO Tweet analysis for 2008-10-15 complete at 19:12:50. 22429 tweets scanned
2017-03-20 19:12:50,918 INFO Scanning tweets for: 2008-10-21 at 19:12:50
2017-03-20 19:13:25,380 INFO Tweet analysis for 2008-10-21 complete at 19:13:25. 21417 tweets scanned
2017-03-20 19:13:25,380 INFO Scanning tweets for: 2012-10-24 at 19:13:25
2017-03-20 19:13:58,614 INFO Tweet analysis for 2012-10-24 complete at 19:13:58. 20000 tweets scanned
2017-03-20 19:13:58,614 INFO Scanning tweets for: 2012-10-25 at 19:13:58
2017-03-20 19:14:31,490 INFO Tweet analysis for 2012-10-25 complete at 19:14:31. 20000 tweets scanned
2017-03-20 19:14:31,490 INFO Scanning tweets for: 2012-11-03 at 19:14:31
2017-03-20 19:15:04,809 INFO Tweet analysis for 2012-11-03 complete at 19:15:04. 20000 tweets scanned
2017-03-20 19:15:04,809 INFO Scanning tweets for: 2012-10-13 at 19:15:04
2017-03-20 19:15:37,560 INFO Tweet analysis for 2012-10-13 complete at 19:15:37. 20000 tweets scanned
2017-03-20 19:15:37,560 INFO Scanning tweets for: 2016-10-30 at 19:15:37
2017-03-20 19:15:54,895 INFO Tweet analysis for 2016-10-30 complete at 19:15:54. 11032 tweets scanned
2017-03-20 19:15:54,895 INFO Scanning tweets for: 2016-10-10 at 19:15:54
2017-03-20 19:16:26,823 INFO Tweet analysis for 2016-10-10 complete at 19:16:26. 20000 tweets scanned
2017-03-20 19:16:26,823 INFO Scanning tweets for: 2012-10-10 at 19:16:26
2017-03-20 19:16:59,536 INFO Tweet analysis for 2012-10-10 complete at 19:16:59. 20000 tweets scanned
2017-03-20 19:16:59,537 INFO Scanning tweets for: 2016-11-07 at 19:16:59
2017-03-20 19:17:30,878 INFO Tweet analysis for 2016-11-07 complete at 19:17:30. 20000 tweets scanned
2017-03-20 19:17:30,878 INFO Scanning tweets for: 2016-10-15 at 19:17:30
2017-03-20 19:18:02,525 INFO Tweet analysis for 2016-10-15 complete at 19:18:02. 20000 tweets scanned
2017-03-20 19:18:02,525 INFO Scanning tweets for: 2012-10-19 at 19:18:02
2017-03-20 19:18:35,378 INFO Tweet analysis for 2012-10-19 complete at 19:18:35. 20000 tweets scanned
2017-03-20 19:18:35,378 INFO Scanning tweets for: 2016-10-26 at 19:18:35
2017-03-20 19:18:53,956 INFO Tweet analysis for 2016-10-26 complete at 19:18:53. 11629 tweets scanned
2017-03-20 19:18:53,956 INFO Scanning tweets for: 2016-10-21 at 19:18:53
2017-03-20 19:19:25,302 INFO Tweet analysis for 2016-10-21 complete at 19:19:25. 20000 tweets scanned
2017-03-20 19:19:25,302 INFO Scanning tweets for: 2016-10-28 at 19:19:25
2017-03-20 19:19:57,593 INFO Tweet analysis for 2016-10-28 complete at 19:19:57. 20000 tweets scanned
2017-03-20 19:19:57,594 INFO Scanning tweets for: 2016-11-04 at 19:19:57
2017-03-20 19:20:28,482 INFO Tweet analysis for 2016-11-04 complete at 19:20:28. 20000 tweets scanned
2017-03-20 19:20:28,482 INFO Scanning tweets for: 2008-10-13 at 19:20:28
2017-03-20 19:20:58,286 INFO Tweet analysis for 2008-10-13 complete at 19:20:58. 18400 tweets scanned
2017-03-20 19:20:58,286 INFO Scanning tweets for: 2008-10-30 at 19:20:58
2017-03-20 19:21:34,785 INFO Tweet analysis for 2008-10-30 complete at 19:21:34. 22605 tweets scanned
2017-03-20 19:21:34,785 INFO Scanning tweets for: 2012-10-09 at 19:21:34
2017-03-20 19:22:07,365 INFO Tweet analysis for 2012-10-09 complete at 19:22:07. 20000 tweets scanned
2017-03-20 19:22:07,365 INFO Scanning tweets for: 2008-11-01 at 19:22:07
2017-03-20 19:22:38,180 INFO Tweet analysis for 2008-11-01 complete at 19:22:38. 20653 tweets scanned
2017-03-20 19:22:38,180 INFO Scanning tweets for: 2012-11-04 at 19:22:38
2017-03-20 19:23:10,148 INFO Tweet analysis for 2012-11-04 complete at 19:23:10. 20000 tweets scanned
2017-03-20 19:23:10,148 INFO Scanning tweets for: 2008-10-14 at 19:23:10
2017-03-20 19:23:39,491 INFO Tweet analysis for 2008-10-14 complete at 19:23:39. 18922 tweets scanned
2017-03-20 19:23:39,491 INFO Scanning tweets for: 2008-10-18 at 19:23:39
2017-03-20 19:24:05,706 INFO Tweet analysis for 2008-10-18 complete at 19:24:05. 15822 tweets scanned
2017-03-20 19:24:05,706 INFO Scanning tweets for: 2012-10-15 at 19:24:05
2017-03-20 19:24:37,855 INFO Tweet analysis for 2012-10-15 complete at 19:24:37. 20000 tweets scanned
2017-03-20 19:24:37,855 INFO Scanning tweets for: 2016-10-08 at 19:24:37
2017-03-20 19:25:11,020 INFO Tweet analysis for 2016-10-08 complete at 19:25:11. 20000 tweets scanned
2017-03-20 19:25:11,020 INFO Scanning tweets for: 2008-10-19 at 19:25:11
2017-03-20 19:25:22,944 INFO Tweet analysis for 2008-10-19 complete at 19:25:22. 7112 tweets scanned
2017-03-20 19:25:22,944 INFO Scanning tweets for: 2008-10-05 at 19:25:22
2017-03-20 19:25:44,640 INFO Tweet analysis for 2008-10-05 complete at 19:25:44. 13768 tweets scanned
2017-03-20 19:25:44,640 INFO Scanning tweets for: 2012-10-14 at 19:25:44
2017-03-20 19:26:17,472 INFO Tweet analysis for 2012-10-14 complete at 19:26:17. 20000 tweets scanned
2017-03-20 19:26:17,472 INFO Scanning tweets for: 2016-11-01 at 19:26:17
2017-03-20 19:26:48,996 INFO Tweet analysis for 2016-11-01 complete at 19:26:48. 20000 tweets scanned
2017-03-20 19:26:48,996 INFO Scanning tweets for: 2012-10-11 at 19:26:48
2017-03-20 19:27:22,502 INFO Tweet analysis for 2012-10-11 complete at 19:27:22. 20000 tweets scanned
2017-03-20 19:27:22,503 INFO Scanning tweets for: 2008-10-31 at 19:27:22
2017-03-20 19:27:58,875 INFO Tweet analysis for 2008-10-31 complete at 19:27:58. 22806 tweets scanned
2017-03-20 19:27:58,876 INFO Scanning tweets for: 2008-10-28 at 19:27:58
2017-03-20 19:28:31,725 INFO Tweet analysis for 2008-10-28 complete at 19:28:31. 20729 tweets scanned
2017-03-20 19:28:31,725 INFO Scanning tweets for: 2012-10-29 at 19:28:31
2017-03-20 19:29:03,868 INFO Tweet analysis for 2012-10-29 complete at 19:29:03. 20000 tweets scanned
2017-03-20 19:29:03,868 INFO Scanning tweets for: 2008-10-09 at 19:29:03
2017-03-20 19:29:37,639 INFO Tweet analysis for 2008-10-09 complete at 19:29:37. 20988 tweets scanned
2017-03-20 19:29:37,639 INFO Scanning tweets for: 2016-10-22 at 19:29:37
2017-03-20 19:30:08,983 INFO Tweet analysis for 2016-10-22 complete at 19:30:08. 20000 tweets scanned
2017-03-20 19:30:08,983 INFO Scanning tweets for: 2008-10-26 at 19:30:08
2017-03-20 19:30:35,629 INFO Tweet analysis for 2008-10-26 complete at 19:30:35. 17123 tweets scanned
2017-03-20 19:30:35,629 INFO Scanning tweets for: 2012-10-17 at 19:30:35
2017-03-20 19:31:15,716 INFO Tweet analysis for 2012-10-17 complete at 19:31:15. 20000 tweets scanned
2017-03-20 19:31:15,716 INFO Scanning tweets for: 2008-11-03 at 19:31:15
2017-03-20 19:31:55,353 INFO Tweet analysis for 2008-11-03 complete at 19:31:55. 24073 tweets scanned
2017-03-20 19:31:55,353 INFO Scanning tweets for: 2008-10-24 at 19:31:55
2017-03-20 19:32:34,388 INFO Tweet analysis for 2008-10-24 complete at 19:32:34. 23281 tweets scanned
2017-03-20 19:32:34,388 INFO Scanning tweets for: 2016-10-20 at 19:32:34
2017-03-20 19:33:06,065 INFO Tweet analysis for 2016-10-20 complete at 19:33:06. 20000 tweets scanned
2017-03-20 19:33:06,066 INFO Scanning tweets for: 2012-10-20 at 19:33:06
2017-03-20 19:33:38,300 INFO Tweet analysis for 2012-10-20 complete at 19:33:38. 20000 tweets scanned
2017-03-20 19:33:38,300 INFO Scanning tweets for: 2016-10-11 at 19:33:38
2017-03-20 19:34:11,316 INFO Tweet analysis for 2016-10-11 complete at 19:34:11. 20000 tweets scanned
2017-03-20 19:34:11,316 INFO Scanning tweets for: 2008-10-29 at 19:34:11
2017-03-20 19:34:46,123 INFO Tweet analysis for 2008-10-29 complete at 19:34:46. 21481 tweets scanned
2017-03-20 19:34:46,123 INFO Scanning tweets for: 2012-10-26 at 19:34:46
2017-03-20 19:35:19,179 INFO Tweet analysis for 2012-10-26 complete at 19:35:19. 20000 tweets scanned
2017-03-20 19:35:19,179 INFO Scanning tweets for: 2008-10-12 at 19:35:19
2017-03-20 19:35:39,279 INFO Tweet analysis for 2008-10-12 complete at 19:35:39. 12501 tweets scanned
2017-03-20 19:35:39,279 INFO Scanning tweets for: 2016-10-17 at 19:35:39
2017-03-20 19:36:11,182 INFO Tweet analysis for 2016-10-17 complete at 19:36:11. 20000 tweets scanned
2017-03-20 19:36:11,182 INFO Scanning tweets for: 2016-10-14 at 19:36:11
2017-03-20 19:36:43,475 INFO Tweet analysis for 2016-10-14 complete at 19:36:43. 20000 tweets scanned
2017-03-20 19:36:43,475 INFO Scanning tweets for: 2016-10-13 at 19:36:43
2017-03-20 19:37:15,908 INFO Tweet analysis for 2016-10-13 complete at 19:37:15. 20000 tweets scanned
2017-03-20 19:37:15,908 INFO Scanning tweets for: 2016-10-12 at 19:37:15
2017-03-20 19:37:47,830 INFO Tweet analysis for 2016-10-12 complete at 19:37:47. 20000 tweets scanned
2017-03-20 19:37:47,831 INFO Scanning tweets for: 2016-10-19 at 19:37:47
2017-03-20 19:38:22,143 INFO Tweet analysis for 2016-10-19 complete at 19:38:22. 20000 tweets scanned
2017-03-20 19:38:22,271 INFO Scanning tweets for: 2012-10-21 at 19:38:22
2017-03-20 19:39:07,137 INFO Tweet analysis for 2012-10-21 complete at 19:39:07. 20000 tweets scanned
2017-03-20 19:39:07,289 INFO Scanning tweets for: 2012-10-08 at 19:39:07
2017-03-20 19:39:38,237 INFO Tweet analysis for 2012-10-08 complete at 19:39:38. 20000 tweets scanned
2017-03-20 19:39:38,237 INFO Scanning tweets for: 2012-10-23 at 19:39:38
2017-03-20 19:40:11,234 INFO Tweet analysis for 2012-10-23 complete at 19:40:11. 20000 tweets scanned
2017-03-20 19:40:11,234 INFO Scanning tweets for: 2012-10-16 at 19:40:11
2017-03-20 19:40:44,776 INFO Tweet analysis for 2012-10-16 complete at 19:40:44. 20000 tweets scanned
2017-03-20 19:40:44,776 INFO Scanning tweets for: 2008-11-02 at 19:40:44
2017-03-20 19:41:20,908 INFO Tweet analysis for 2008-11-02 complete at 19:41:20. 23839 tweets scanned
2017-03-20 19:41:20,909 INFO Scanning tweets for: 2016-10-18 at 19:41:20
2017-03-20 19:41:54,199 INFO Tweet analysis for 2016-10-18 complete at 19:41:54. 20000 tweets scanned
2017-03-20 19:41:54,199 INFO Scanning tweets for: 2016-10-23 at 19:41:54
2017-03-20 19:42:26,448 INFO Tweet analysis for 2016-10-23 complete at 19:42:26. 20000 tweets scanned
2017-03-20 19:42:26,448 INFO Scanning tweets for: 2016-10-27 at 19:42:26
2017-03-20 19:42:59,989 INFO Tweet analysis for 2016-10-27 complete at 19:42:59. 20000 tweets scanned
2017-03-20 19:43:00,039 INFO Scanning tweets for: 2016-11-02 at 19:43:00
2017-03-20 19:43:32,470 INFO Tweet analysis for 2016-11-02 complete at 19:43:32. 20000 tweets scanned
2017-03-20 19:43:32,470 INFO Scanning tweets for: 2008-10-08 at 19:43:32
2017-03-20 19:44:16,989 INFO Tweet analysis for 2008-10-08 complete at 19:44:16. 26851 tweets scanned
2017-03-20 19:44:16,990 INFO Scanning tweets for: 2012-10-22 at 19:44:16
2017-03-20 19:44:53,789 INFO Tweet analysis for 2012-10-22 complete at 19:44:53. 20000 tweets scanned
2017-03-20 19:44:53,789 INFO Scanning tweets for: 2008-10-04 at 19:44:53
2017-03-20 19:45:11,192 INFO Tweet analysis for 2008-10-04 complete at 19:45:11. 11132 tweets scanned
2017-03-20 19:45:11,192 INFO Scanning tweets for: 2008-10-23 at 19:45:11
2017-03-20 19:45:48,865 INFO Tweet analysis for 2008-10-23 complete at 19:45:48. 21951 tweets scanned
2017-03-20 19:45:48,866 INFO Scanning tweets for: 2012-10-28 at 19:45:48
2017-03-20 19:46:22,596 INFO Tweet analysis for 2012-10-28 complete at 19:46:22. 20000 tweets scanned
2017-03-20 19:46:22,597 INFO Scanning tweets for: 2012-10-30 at 19:46:22
2017-03-20 19:46:57,153 INFO Tweet analysis for 2012-10-30 complete at 19:46:57. 20000 tweets scanned
2017-03-20 19:46:57,153 INFO Scanning tweets for: 2008-10-06 at 19:46:57
2017-03-20 19:47:30,907 INFO Tweet analysis for 2008-10-06 complete at 19:47:30. 19768 tweets scanned
2017-03-20 19:47:30,907 INFO Scanning tweets for: 2008-10-22 at 19:47:30
2017-03-20 19:48:07,280 INFO Tweet analysis for 2008-10-22 complete at 19:48:07. 21701 tweets scanned
2017-03-20 19:48:07,280 INFO Scanning tweets for: 2008-10-20 at 19:48:07
2017-03-20 19:48:48,401 INFO Tweet analysis for 2008-10-20 complete at 19:48:48. 21595 tweets scanned
2017-03-20 19:48:48,401 INFO Scanning tweets for: 2008-10-10 at 19:48:48
2017-03-20 19:49:23,000 INFO Tweet analysis for 2008-10-10 complete at 19:49:23. 20622 tweets scanned
2017-03-20 19:49:23,000 INFO Scanning tweets for: 2016-11-03 at 19:49:23
2017-03-20 19:49:55,210 INFO Tweet analysis for 2016-11-03 complete at 19:49:55. 20000 tweets scanned
2017-03-20 19:49:55,211 INFO Scanning tweets for: 2016-11-05 at 19:49:55
2017-03-20 19:50:38,479 INFO Tweet analysis for 2016-11-05 complete at 19:50:38. 20000 tweets scanned
2017-03-20 19:50:38,675 INFO Scanning tweets for: 2016-10-09 at 19:50:38
2017-03-20 19:51:09,242 INFO Tweet analysis for 2016-10-09 complete at 19:51:09. 20000 tweets scanned
2017-03-20 19:51:09,242 INFO Scanning tweets for: 2016-11-06 at 19:51:09
2017-03-20 19:51:40,582 INFO Tweet analysis for 2016-11-06 complete at 19:51:40. 20000 tweets scanned
2017-03-20 19:51:40,582 INFO Scanning tweets for: 2012-11-05 at 19:51:40
2017-03-20 19:52:12,208 INFO Tweet analysis for 2012-11-05 complete at 19:52:12. 20000 tweets scanned
2017-03-20 19:52:12,208 INFO Scanning tweets for: 2016-10-24 at 19:52:12
2017-03-20 19:52:43,809 INFO Tweet analysis for 2016-10-24 complete at 19:52:43. 20000 tweets scanned
2017-03-20 19:52:43,809 INFO Scanning tweets for: 2016-10-31 at 19:52:43
2017-03-20 19:53:15,214 INFO Tweet analysis for 2016-10-31 complete at 19:53:15. 20000 tweets scanned
2017-03-20 19:53:15,214 INFO Scanning tweets for: 2012-10-31 at 19:53:15
2017-03-20 19:53:45,243 INFO Tweet analysis for 2012-10-31 complete at 19:53:45. 20000 tweets scanned
2017-03-20 19:53:45,243 INFO Scanning tweets for: 2012-10-06 at 19:53:45
2017-03-20 19:54:13,730 INFO Tweet analysis for 2012-10-06 complete at 19:54:13. 20000 tweets scanned
2017-03-20 19:54:13,730 INFO Scanning tweets for: 2012-11-01 at 19:54:13
2017-03-20 19:54:46,628 INFO Tweet analysis for 2012-11-01 complete at 19:54:46. 20000 tweets scanned
2017-03-20 19:55:07,284 INFO Input tweets: 1843698
2017-03-20 19:55:07,457 INFO Dropped tweets: 39439
2017-03-20 19:55:07,594 INFO Average scan time: 0.00161301701874
2017-03-20 19:55:07,718 INFO All input scanned at 19:55:07
2017-03-20 19:55:07,827 INFO Time taken: 2973.91625142s
2017-03-20 19:59:32,439 INFO 0 duplicates dropped at data5/2012-10-18/romney.csv
2017-03-20 19:59:33,221 INFO 0 duplicates dropped at data5/2012-10-18/obama2.csv
2017-03-20 19:59:35,392 INFO 0 duplicates dropped at data5/2012-10-18/all.csv
2017-03-20 19:59:43,402 INFO 0 duplicates dropped at data5/romney.csv
2017-03-20 19:59:44,155 INFO 0 duplicates dropped at data5/2012-10-27/romney.csv
2017-03-20 19:59:45,119 INFO 0 duplicates dropped at data5/2012-10-27/obama2.csv
2017-03-20 19:59:47,875 INFO 1660 duplicates dropped at data5/2012-10-27/all.csv
2017-03-20 19:59:48,755 INFO 0 duplicates dropped at data5/2008-10-27/obama1.csv
2017-03-20 19:59:48,973 INFO 0 duplicates dropped at data5/2008-10-27/palin.csv
2017-03-20 19:59:49,320 INFO 0 duplicates dropped at data5/2008-10-27/mccain.csv
2017-03-20 19:59:53,487 INFO 2678 duplicates dropped at data5/2008-10-27/all.csv
2017-03-20 19:59:54,194 INFO 39 duplicates dropped at data5/2016-10-16/clinton.csv
2017-03-20 19:59:54,882 INFO 39 duplicates dropped at data5/2016-10-16/trump.csv
2017-03-20 19:59:57,603 INFO 877 duplicates dropped at data5/2016-10-16/all.csv
2017-03-20 19:59:57,969 INFO 0 duplicates dropped at data5/2008-10-11/obama1.csv
2017-03-20 19:59:58,290 INFO 0 duplicates dropped at data5/2008-10-11/palin.csv
2017-03-20 19:59:58,601 INFO 0 duplicates dropped at data5/2008-10-11/mccain.csv
2017-03-20 20:00:01,180 INFO 3448 duplicates dropped at data5/2008-10-11/all.csv
2017-03-20 20:09:53,236 INFO 0 duplicates dropped at data5/2016-10-29.csv.csv
2017-03-20 20:09:53,236 INFO 0 duplicates dropped at data5/2016-10-25.csv.csv
2017-03-20 20:09:53,237 INFO 0 duplicates dropped at data5/2012-10-18/romney.csv
2017-03-20 20:09:54,641 INFO 0 duplicates dropped at data5/2012-10-18/obama2.csv
2017-03-20 20:09:59,587 INFO 0 duplicates dropped at data5/2012-10-18/all.csv
2017-03-20 20:10:16,767 INFO 0 duplicates dropped at data5/romney.csv
2017-03-20 20:10:17,963 INFO 0 duplicates dropped at data5/2012-10-27/romney.csv
2017-03-20 20:10:19,073 INFO 0 duplicates dropped at data5/2012-10-27/obama2.csv
2017-03-20 20:10:23,879 INFO 0 duplicates dropped at data5/2012-10-27/all.csv
2017-03-20 20:10:23,897 INFO 0 duplicates dropped at data5/2008-10-24.csv.csv
2017-03-20 20:10:23,899 INFO 0 duplicates dropped at data5/2016-10-16.csv.csv
2017-03-20 20:10:23,901 INFO 0 duplicates dropped at data5/2012-11-03.csv.csv
2017-03-20 20:10:26,395 INFO 0 duplicates dropped at data5/2008-10-27/obama1.csv
2017-03-20 20:10:26,739 INFO 0 duplicates dropped at data5/2008-10-27/palin.csv
2017-03-20 20:10:27,437 INFO 0 duplicates dropped at data5/2008-10-27/mccain.csv
2017-03-20 20:10:37,299 INFO 0 duplicates dropped at data5/2008-10-27/all.csv
2017-03-20 20:10:38,428 INFO 0 duplicates dropped at data5/2016-10-16/clinton.csv
2017-03-20 20:10:39,604 INFO 0 duplicates dropped at data5/2016-10-16/trump.csv
2017-03-20 20:10:44,521 INFO 0 duplicates dropped at data5/2016-10-16/all.csv
2017-03-20 20:10:45,280 INFO 0 duplicates dropped at data5/2008-10-11/obama1.csv
2017-03-20 20:10:45,948 INFO 0 duplicates dropped at data5/2008-10-11/palin.csv
2017-03-20 20:10:46,667 INFO 0 duplicates dropped at data5/2008-10-11/mccain.csv
2017-03-20 20:10:54,090 INFO 0 duplicates dropped at data5/2008-10-11/all.csv
2017-03-20 20:11:03,727 INFO 20363 duplicates dropped at data5/2016-10-28.csv
2017-03-20 20:11:05,813 INFO 0 duplicates dropped at data5/2008-10-07/obama1.csv
2017-03-20 20:11:06,540 INFO 0 duplicates dropped at data5/2008-10-07/palin.csv
2017-03-20 20:11:07,994 INFO 0 duplicates dropped at data5/2008-10-07/mccain.csv
2017-03-20 20:11:20,416 INFO 4065 duplicates dropped at data5/2008-10-07/all.csv
2017-03-20 20:11:20,425 INFO 0 duplicates dropped at data5/2016-10-28.csv.csv
2017-03-20 20:11:21,834 INFO 23 duplicates dropped at data5/2016-10-29/clinton.csv
2017-03-20 20:11:23,157 INFO 26 duplicates dropped at data5/2016-10-29/trump.csv
2017-03-20 20:11:28,249 INFO 883 duplicates dropped at data5/2016-10-29/all.csv
2017-03-20 20:11:28,272 INFO 0 duplicates dropped at data5/trump.csv.csv
2017-03-20 20:11:36,933 INFO 21525 duplicates dropped at data5/2012-11-01.csv
2017-03-20 20:11:36,977 INFO 0 duplicates dropped at data5/2012-10-27.csv.csv
2017-03-20 20:11:46,605 INFO 22267 duplicates dropped at data5/2012-10-21.csv
2017-03-20 20:12:17,189 INFO 25984 duplicates dropped at data5/2008-11-02.csv
2017-03-20 20:12:36,232 INFO 22787 duplicates dropped at data5/2008-10-06.csv
2017-03-20 20:12:50,242 INFO 19692 duplicates dropped at data5/2008-10-25.csv
2017-03-20 20:12:53,165 INFO 11520 duplicates dropped at data5/2016-10-26.csv
2017-03-20 20:12:58,449 INFO 12679 duplicates dropped at data5/2008-10-04.csv
2017-03-20 20:12:59,978 INFO 0 duplicates dropped at data5/2012-11-02/romney.csv
2017-03-20 20:13:01,172 INFO 0 duplicates dropped at data5/2012-11-02/obama2.csv
2017-03-20 20:13:06,495 INFO 2029 duplicates dropped at data5/2012-11-02/all.csv
2017-03-20 20:13:15,714 INFO 19985 duplicates dropped at data5/2016-10-21.csv
2017-03-20 20:13:24,884 INFO 22188 duplicates dropped at data5/2012-10-19.csv
2017-03-20 20:13:26,339 INFO 0 duplicates dropped at data5/2012-10-07/romney.csv
2017-03-20 20:13:27,508 INFO 0 duplicates dropped at data5/2012-10-07/obama2.csv
2017-03-20 20:13:32,846 INFO 2188 duplicates dropped at data5/2012-10-07/all.csv
2017-03-20 20:13:41,572 INFO 22801 duplicates dropped at data5/2012-10-17.csv
2017-03-20 20:13:41,600 INFO 0 duplicates dropped at data5/2008-10-05.csv.csv
2017-03-20 20:13:42,942 INFO 20 duplicates dropped at data5/2016-10-25/clinton.csv
2017-03-20 20:13:44,200 INFO 29 duplicates dropped at data5/2016-10-25/trump.csv
2017-03-20 20:13:49,643 INFO 755 duplicates dropped at data5/2016-10-25/all.csv
2017-03-20 20:13:49,665 INFO 0 duplicates dropped at data5/2012-10-13.csv.csv
2017-03-20 20:14:00,010 INFO 21440 duplicates dropped at data5/2012-10-30.csv
2017-03-20 20:14:10,161 INFO 19914 duplicates dropped at data5/2016-10-25.csv
2017-03-20 20:14:20,262 INFO 19813 duplicates dropped at data5/2012-10-27.csv
2017-03-20 20:14:22,393 INFO 0 duplicates dropped at data5/2008-10-17/obama1.csv
2017-03-20 20:14:22,695 INFO 0 duplicates dropped at data5/2008-10-17/palin.csv
2017-03-20 20:14:25,085 INFO 0 duplicates dropped at data5/2008-10-17/mccain.csv
2017-03-20 20:14:41,451 INFO 3783 duplicates dropped at data5/2008-10-17/all.csv
2017-03-20 20:14:41,481 INFO 0 duplicates dropped at data5/2008-10-14.csv.csv
2017-03-20 20:14:41,483 INFO 0 duplicates dropped at data5/2012-10-12.csv.csv
2017-03-20 20:14:42,686 INFO 0 duplicates dropped at data5/2008-10-25/obama1.csv
2017-03-20 20:14:42,973 INFO 0 duplicates dropped at data5/2008-10-25/palin.csv
2017-03-20 20:14:43,628 INFO 0 duplicates dropped at data5/2008-10-25/mccain.csv
2017-03-20 20:14:50,652 INFO 2768 duplicates dropped at data5/2008-10-25/all.csv
2017-03-20 20:14:50,664 INFO 0 duplicates dropped at data5/2012-10-20.csv.csv
2017-03-20 20:14:50,664 INFO 0 duplicates dropped at data5/2012-10-08.csv.csv
2017-03-20 20:15:00,624 INFO 19890 duplicates dropped at data5/2016-10-14.csv
2017-03-20 20:15:10,122 INFO 22280 duplicates dropped at data5/2012-10-15.csv
2017-03-20 20:15:10,156 INFO 0 duplicates dropped at data5/all.csv.csv
2017-03-20 20:15:10,156 INFO 0 duplicates dropped at data5/2012-10-31.csv.csv
2017-03-20 20:15:11,670 INFO 0 duplicates dropped at data5/2012-10-12/romney.csv
2017-03-20 20:15:12,243 INFO 0 duplicates dropped at data5/2012-10-12/obama2.csv
2017-03-20 20:15:15,717 INFO 996 duplicates dropped at data5/2012-10-12/all.csv
2017-03-20 20:15:17,852 INFO 0 duplicates dropped at data5/2008-10-16/obama1.csv
2017-03-20 20:15:20,139 INFO 0 duplicates dropped at data5/2008-10-16/palin.csv
2017-03-20 20:15:22,328 INFO 0 duplicates dropped at data5/2008-10-16/mccain.csv
2017-03-20 20:15:47,775 INFO 3658 duplicates dropped at data5/2008-10-16/all.csv
2017-03-20 20:15:47,806 INFO 0 duplicates dropped at data5/2016-10-20.csv.csv
2017-03-20 20:15:50,374 INFO 0 duplicates dropped at data5/2008-10-15/obama1.csv
2017-03-20 20:15:50,713 INFO 0 duplicates dropped at data5/2008-10-15/palin.csv
2017-03-20 20:15:52,293 INFO 0 duplicates dropped at data5/2008-10-15/mccain.csv
2017-03-20 20:16:05,913 INFO 3557 duplicates dropped at data5/2008-10-15/all.csv
2017-03-20 20:16:16,003 INFO 20021 duplicates dropped at data5/2016-10-27.csv
2017-03-20 20:16:16,044 INFO 0 duplicates dropped at data5/2008-10-15.csv.csv
2017-03-20 20:16:18,659 INFO 0 duplicates dropped at data5/2008-10-21/obama1.csv
2017-03-20 20:16:19,242 INFO 0 duplicates dropped at data5/2008-10-21/palin.csv
2017-03-20 20:16:20,419 INFO 0 duplicates dropped at data5/2008-10-21/mccain.csv
2017-03-20 20:16:32,639 INFO 2979 duplicates dropped at data5/2008-10-21/all.csv
2017-03-20 20:17:00,825 INFO 26619 duplicates dropped at data5/2008-10-07.csv
2017-03-20 20:17:02,328 INFO 0 duplicates dropped at data5/2012-10-24/romney.csv
2017-03-20 20:17:03,564 INFO 0 duplicates dropped at data5/2012-10-24/obama2.csv
2017-03-20 20:17:08,089 INFO 1884 duplicates dropped at data5/2012-10-24/all.csv
2017-03-20 20:17:08,107 INFO 0 duplicates dropped at data5/obama1.csv.csv.csv
2017-03-20 20:17:09,833 INFO 0 duplicates dropped at data5/2012-10-25/romney.csv
2017-03-20 20:17:11,301 INFO 0 duplicates dropped at data5/2012-10-25/obama2.csv
2017-03-20 20:17:16,313 INFO 1630 duplicates dropped at data5/2012-10-25/all.csv
2017-03-20 20:17:16,327 INFO 0 duplicates dropped at data5/2012-11-01.csv.csv
2017-03-20 20:17:17,821 INFO 0 duplicates dropped at data5/2012-11-03/romney.csv
2017-03-20 20:17:19,115 INFO 0 duplicates dropped at data5/2012-11-03/obama2.csv
2017-03-20 20:17:23,663 INFO 2038 duplicates dropped at data5/2012-11-03/all.csv
2017-03-20 20:17:23,689 INFO 0 duplicates dropped at data5/trump.csv.csv.csv
2017-03-20 20:17:23,693 INFO 0 duplicates dropped at data5/2008-10-20.csv.csv
2017-03-20 20:17:23,695 INFO 0 duplicates dropped at data5/2012-10-29.csv.csv
2017-03-20 20:17:23,696 INFO 0 duplicates dropped at data5/2016-10-09.csv.csv
2017-03-20 20:17:23,698 INFO 0 duplicates dropped at data5/2016-10-14.csv.csv
2017-03-20 20:17:25,051 INFO 0 duplicates dropped at data5/2012-10-13/romney.csv
2017-03-20 20:17:26,338 INFO 0 duplicates dropped at data5/2012-10-13/obama2.csv
2017-03-20 20:17:31,322 INFO 2237 duplicates dropped at data5/2012-10-13/all.csv
2017-03-20 20:17:31,347 INFO 0 duplicates dropped at data5/2012-11-02.csv.csv
2017-03-20 20:17:41,136 INFO 21337 duplicates dropped at data5/2012-10-31.csv
2017-03-20 20:17:41,189 INFO 0 duplicates dropped at data5/2012-10-23.csv.csv
2017-03-20 20:17:42,332 INFO 71 duplicates dropped at data5/2016-10-30/clinton.csv
2017-03-20 20:17:42,365 INFO 23 duplicates dropped at data5/2016-10-30/trump.csv
2017-03-20 20:17:43,544 INFO 176 duplicates dropped at data5/2016-10-30/all.csv
2017-03-20 20:17:43,551 INFO 0 duplicates dropped at data5/2012-10-19.csv.csv
2017-03-20 20:17:44,907 INFO 35 duplicates dropped at data5/2016-10-10/clinton.csv
2017-03-20 20:17:46,336 INFO 73 duplicates dropped at data5/2016-10-10/trump.csv
2017-03-20 20:17:51,241 INFO 1145 duplicates dropped at data5/2016-10-10/all.csv
2017-03-20 20:17:51,269 INFO 0 duplicates dropped at data5/2008-11-01.csv.csv
2017-03-20 20:17:51,270 INFO 0 duplicates dropped at data5/2016-10-17.csv.csv
2017-03-20 20:17:52,599 INFO 0 duplicates dropped at data5/2012-10-10/romney.csv
2017-03-20 20:17:53,845 INFO 0 duplicates dropped at data5/2012-10-10/obama2.csv
2017-03-20 20:17:59,051 INFO 2200 duplicates dropped at data5/2012-10-10/all.csv
2017-03-20 20:17:59,068 INFO 0 duplicates dropped at data5/2008-10-10.csv.csv
2017-03-20 20:18:00,185 INFO 24 duplicates dropped at data5/2016-11-07/clinton.csv
2017-03-20 20:18:01,239 INFO 77 duplicates dropped at data5/2016-11-07/trump.csv
2017-03-20 20:18:05,915 INFO 969 duplicates dropped at data5/2016-11-07/all.csv
2017-03-20 20:18:05,933 INFO 0 duplicates dropped at data5/mccain.csv.csv
2017-03-20 20:18:54,350 INFO 32973 duplicates dropped at data5/2008-10-16.csv
2017-03-20 20:19:10,209 INFO 20972 duplicates dropped at data5/2008-10-13.csv
2017-03-20 20:19:10,245 INFO 0 duplicates dropped at data5/2008-10-08.csv.csv
2017-03-20 20:19:10,247 INFO 0 duplicates dropped at data5/2016-10-22.csv.csv
2017-03-20 20:19:10,248 INFO 0 duplicates dropped at data5/2008-10-06.csv.csv
2017-03-20 20:19:10,249 INFO 0 duplicates dropped at data5/2016-11-06.csv.csv
2017-03-20 20:19:10,251 INFO 0 duplicates dropped at data5/2012-10-17.csv.csv
2017-03-20 20:19:10,255 INFO 0 duplicates dropped at data5/2016-10-12.csv.csv
2017-03-20 20:19:24,011 INFO 19517 duplicates dropped at data5/2008-10-26.csv
2017-03-20 20:19:24,042 INFO 0 duplicates dropped at data5/2008-10-23.csv.csv
2017-03-20 20:19:24,042 INFO 0 duplicates dropped at data5/2008-10-04.csv.csv
2017-03-20 20:19:24,043 INFO 0 duplicates dropped at data5/2016-10-21.csv.csv
2017-03-20 20:19:32,845 INFO 21524 duplicates dropped at data5/2012-10-06.csv
2017-03-20 20:19:32,890 INFO 0 duplicates dropped at data5/BarackObama.csv
2017-03-20 20:19:59,261 INFO 25282 duplicates dropped at data5/2008-10-30.csv
2017-03-20 20:19:59,297 INFO 0 duplicates dropped at data5/2008-10-07.csv.csv
2017-03-20 20:20:00,563 INFO 12 duplicates dropped at data5/2016-10-15/clinton.csv
2017-03-20 20:20:01,785 INFO 38 duplicates dropped at data5/2016-10-15/trump.csv
2017-03-20 20:20:06,588 INFO 1023 duplicates dropped at data5/2016-10-15/all.csv
2017-03-20 20:20:16,058 INFO 22069 duplicates dropped at data5/2012-10-11.csv
2017-03-20 20:20:25,485 INFO 20230 duplicates dropped at data5/2016-10-23.csv
2017-03-20 20:20:50,178 INFO 24320 duplicates dropped at data5/2008-10-20.csv
2017-03-20 20:21:00,045 INFO 20021 duplicates dropped at data5/2016-11-06.csv
2017-03-20 20:21:10,193 INFO 20009 duplicates dropped at data5/2016-10-12.csv
2017-03-20 20:21:10,241 INFO 0 duplicates dropped at data5/2008-10-12.csv.csv
2017-03-20 20:21:10,246 INFO 0 duplicates dropped at data5/2012-10-22.csv.csv
2017-03-20 20:21:11,674 INFO 0 duplicates dropped at data5/2012-10-19/romney.csv
2017-03-20 20:21:12,997 INFO 0 duplicates dropped at data5/2012-10-19/obama2.csv
2017-03-20 20:21:18,058 INFO 2315 duplicates dropped at data5/2012-10-19/all.csv
2017-03-20 20:21:18,148 INFO 7 duplicates dropped at data5/2016-10-26/clinton.csv
2017-03-20 20:21:19,321 INFO 47 duplicates dropped at data5/2016-10-26/trump.csv
2017-03-20 20:21:20,938 INFO 408 duplicates dropped at data5/2016-10-26/all.csv
2017-03-20 20:21:22,136 INFO 21 duplicates dropped at data5/2016-10-21/clinton.csv
2017-03-20 20:21:23,321 INFO 38 duplicates dropped at data5/2016-10-21/trump.csv
2017-03-20 20:21:28,686 INFO 891 duplicates dropped at data5/2016-10-21/all.csv
2017-03-20 20:21:28,700 INFO 0 duplicates dropped at data5/2016-11-02.csv.csv
2017-03-20 20:21:37,912 INFO 22377 duplicates dropped at data5/2012-10-20.csv
2017-03-20 20:21:37,963 INFO 0 duplicates dropped at data5/2016-11-03.csv.csv
2017-03-20 20:21:37,964 INFO 0 duplicates dropped at data5/2008-10-22.csv.csv
2017-03-20 20:21:37,965 INFO 0 duplicates dropped at data5/2008-10-16.csv.csv
2017-03-20 20:21:47,853 INFO 21404 duplicates dropped at data5/2012-10-28.csv
2017-03-20 20:21:49,287 INFO 68 duplicates dropped at data5/2016-10-28/clinton.csv
2017-03-20 20:21:50,477 INFO 32 duplicates dropped at data5/2016-10-28/trump.csv
2017-03-20 20:21:55,327 INFO 1079 duplicates dropped at data5/2016-10-28/all.csv
2017-03-20 20:21:56,391 INFO 38 duplicates dropped at data5/2016-11-04/clinton.csv
2017-03-20 20:21:57,518 INFO 50 duplicates dropped at data5/2016-11-04/trump.csv
2017-03-20 20:22:01,862 INFO 959 duplicates dropped at data5/2016-11-04/all.csv
2017-03-20 20:22:01,876 INFO 0 duplicates dropped at data5/clinton.csv.csv.csv
2017-03-20 20:22:03,987 INFO 10760 duplicates dropped at data5/2016-10-30.csv
2017-03-20 20:22:04,006 INFO 0 duplicates dropped at data5/2016-10-08.csv.csv
2017-03-20 20:22:04,007 INFO 0 duplicates dropped at data5/2012-10-09.csv.csv
2017-03-20 20:22:04,007 INFO 0 duplicates dropped at data5/2008-10-19.csv.csv
2017-03-20 20:22:04,008 INFO 0 duplicates dropped at data5/2012-11-05.csv.csv
2017-03-20 20:22:04,008 INFO 0 duplicates dropped at data5/2012-10-21.csv.csv
2017-03-20 20:22:04,008 INFO 0 duplicates dropped at data5/obama2.csv.csv
2017-03-20 20:22:04,009 INFO 0 duplicates dropped at data5/2008-10-29.csv.csv
2017-03-20 20:22:05,303 INFO 0 duplicates dropped at data5/2008-10-13/obama1.csv
2017-03-20 20:22:05,627 INFO 0 duplicates dropped at data5/2008-10-13/palin.csv
2017-03-20 20:22:06,550 INFO 0 duplicates dropped at data5/2008-10-13/mccain.csv
2017-03-20 20:22:15,038 INFO 2863 duplicates dropped at data5/2008-10-13/all.csv
2017-03-20 20:22:37,611 INFO 24117 duplicates dropped at data5/2008-10-09.csv
2017-03-20 20:22:47,552 INFO 19910 duplicates dropped at data5/2016-10-08.csv
2017-03-20 20:23:02,507 INFO 18437 duplicates dropped at data5/2008-10-11.csv
2017-03-20 20:23:05,195 INFO 0 duplicates dropped at data5/2008-10-30/obama1.csv
2017-03-20 20:23:05,496 INFO 0 duplicates dropped at data5/2008-10-30/palin.csv
2017-03-20 20:23:07,228 INFO 0 duplicates dropped at data5/2008-10-30/mccain.csv
2017-03-20 20:23:22,574 INFO 2962 duplicates dropped at data5/2008-10-30/all.csv
2017-03-20 20:23:22,598 INFO 0 duplicates dropped at data5/2008-10-28.csv.csv
2017-03-20 20:23:24,054 INFO 0 duplicates dropped at data5/2012-10-09/romney.csv
2017-03-20 20:23:25,448 INFO 0 duplicates dropped at data5/2012-10-09/obama2.csv
2017-03-20 20:23:30,846 INFO 1917 duplicates dropped at data5/2012-10-09/all.csv
2017-03-20 20:23:33,448 INFO 0 duplicates dropped at data5/2008-11-01/obama1.csv
2017-03-20 20:23:33,638 INFO 0 duplicates dropped at data5/2008-11-01/palin.csv
2017-03-20 20:23:34,751 INFO 0 duplicates dropped at data5/2008-11-01/mccain.csv
2017-03-20 20:23:47,921 INFO 2237 duplicates dropped at data5/2008-11-01/all.csv
2017-03-20 20:23:49,349 INFO 0 duplicates dropped at data5/2012-11-04/romney.csv
2017-03-20 20:23:50,717 INFO 0 duplicates dropped at data5/2012-11-04/obama2.csv
2017-03-20 20:23:55,846 INFO 2478 duplicates dropped at data5/2012-11-04/all.csv
2017-03-20 20:24:21,695 INFO 25582 duplicates dropped at data5/2008-10-15.csv
2017-03-20 20:24:23,169 INFO 0 duplicates dropped at data5/2008-10-14/obama1.csv
2017-03-20 20:24:23,489 INFO 0 duplicates dropped at data5/2008-10-14/palin.csv
2017-03-20 20:24:24,210 INFO 0 duplicates dropped at data5/2008-10-14/mccain.csv
2017-03-20 20:24:33,221 INFO 2723 duplicates dropped at data5/2008-10-14/all.csv
2017-03-20 20:24:51,321 INFO 21288 duplicates dropped at data5/2008-10-14.csv
2017-03-20 20:24:51,369 INFO 0 duplicates dropped at data5/2012-10-24.csv.csv
2017-03-20 20:24:52,599 INFO 0 duplicates dropped at data5/2008-10-18/obama1.csv
2017-03-20 20:24:52,766 INFO 0 duplicates dropped at data5/2008-10-18/palin.csv
2017-03-20 20:24:53,334 INFO 0 duplicates dropped at data5/2008-10-18/mccain.csv
2017-03-20 20:24:59,800 INFO 2301 duplicates dropped at data5/2008-10-18/all.csv
2017-03-20 20:24:59,818 INFO 0 duplicates dropped at data5/2016-10-13.csv.csv
2017-03-20 20:25:10,146 INFO 19954 duplicates dropped at data5/2016-10-17.csv
2017-03-20 20:25:40,679 INFO 27561 duplicates dropped at data5/2008-10-17.csv
2017-03-20 20:25:50,025 INFO 20078 duplicates dropped at data5/2016-11-02.csv
2017-03-20 20:25:50,075 INFO 0 duplicates dropped at data5/obama1.csv.csv
2017-03-20 20:25:50,076 INFO 0 duplicates dropped at data5/2008-10-09.csv.csv
2017-03-20 20:25:59,667 INFO 22127 duplicates dropped at data5/2012-10-10.csv
2017-03-20 20:26:01,126 INFO 0 duplicates dropped at data5/2012-10-15/romney.csv
2017-03-20 20:26:02,330 INFO 0 duplicates dropped at data5/2012-10-15/obama2.csv
2017-03-20 20:26:06,639 INFO 2386 duplicates dropped at data5/2012-10-15/all.csv
2017-03-20 20:26:06,663 INFO 0 duplicates dropped at data5/2012-10-07.csv.csv
2017-03-20 20:26:06,663 INFO 0 duplicates dropped at data5/palin.csv.csv
2017-03-20 20:52:40,936 INFO Beginnning Scan at: 20:52:40
2017-03-20 20:52:41,409 INFO Scanning tweets for: 2012-10-18 at 20:52:41
2017-03-20 20:53:15,472 INFO Tweet analysis for 2012-10-18 complete at 20:53:15. 20000 tweets scanned
2017-03-20 20:53:15,472 INFO Scanning tweets for: 2012-10-27 at 20:53:15
2017-03-20 20:53:47,702 INFO Tweet analysis for 2012-10-27 complete at 20:53:47. 20000 tweets scanned
2017-03-20 20:53:47,702 INFO Scanning tweets for: 2008-10-27 at 20:53:47
2017-03-20 20:54:19,676 INFO Tweet analysis for 2008-10-27 complete at 20:54:19. 20078 tweets scanned
2017-03-20 20:54:19,676 INFO Scanning tweets for: 2016-10-16 at 20:54:19
2017-03-20 20:54:51,498 INFO Tweet analysis for 2016-10-16 complete at 20:54:51. 20000 tweets scanned
2017-03-20 20:54:51,498 INFO Scanning tweets for: 2008-10-11 at 20:54:51
2017-03-20 20:55:21,378 INFO Tweet analysis for 2008-10-11 complete at 20:55:21. 18755 tweets scanned
2017-03-20 20:55:21,378 INFO Scanning tweets for: 2008-10-07 at 20:55:21
2017-03-20 20:55:57,967 INFO Tweet analysis for 2008-10-07 complete at 20:55:57. 22868 tweets scanned
2017-03-20 20:55:57,967 INFO Scanning tweets for: 2016-10-29 at 20:55:57
2017-03-20 20:56:29,291 INFO Tweet analysis for 2016-10-29 complete at 20:56:29. 20000 tweets scanned
2017-03-20 20:56:29,291 INFO Scanning tweets for: 2012-11-02 at 20:56:29
2017-03-20 20:57:02,134 INFO Tweet analysis for 2012-11-02 complete at 20:57:02. 20000 tweets scanned
2017-03-20 20:57:02,135 INFO Scanning tweets for: 2012-10-07 at 20:57:02
2017-03-20 20:57:34,274 INFO Tweet analysis for 2012-10-07 complete at 20:57:34. 20000 tweets scanned
2017-03-20 20:57:34,274 INFO Scanning tweets for: 2016-10-25 at 20:57:34
2017-03-20 20:58:05,668 INFO Tweet analysis for 2016-10-25 complete at 20:58:05. 20000 tweets scanned
2017-03-20 20:58:05,668 INFO Scanning tweets for: 2008-10-17 at 20:58:05
2017-03-20 20:58:43,572 INFO Tweet analysis for 2008-10-17 complete at 20:58:43. 24197 tweets scanned
2017-03-20 20:58:43,572 INFO Scanning tweets for: 2008-10-25 at 20:58:43
2017-03-20 20:59:11,249 INFO Tweet analysis for 2008-10-25 complete at 20:59:11. 17236 tweets scanned
2017-03-20 20:59:11,250 INFO Scanning tweets for: 2012-10-12 at 20:59:11
2017-03-20 20:59:38,262 INFO Tweet analysis for 2012-10-12 complete at 20:59:38. 16605 tweets scanned
2017-03-20 20:59:38,262 INFO Scanning tweets for: 2008-10-16 at 20:59:38
2017-03-20 21:00:25,866 INFO Tweet analysis for 2008-10-16 complete at 21:00:25. 29729 tweets scanned
2017-03-20 21:00:25,866 INFO Scanning tweets for: 2008-10-15 at 21:00:25
2017-03-20 21:01:01,225 INFO Tweet analysis for 2008-10-15 complete at 21:01:01. 22429 tweets scanned
2017-03-20 21:01:01,225 INFO Scanning tweets for: 2008-10-21 at 21:01:01
2017-03-20 21:01:35,076 INFO Tweet analysis for 2008-10-21 complete at 21:01:35. 21417 tweets scanned
2017-03-20 21:01:35,076 INFO Scanning tweets for: 2012-10-24 at 21:01:35
2017-03-20 21:02:09,260 INFO Tweet analysis for 2012-10-24 complete at 21:02:09. 20000 tweets scanned
2017-03-20 21:02:09,260 INFO Scanning tweets for: 2012-10-25 at 21:02:09
2017-03-20 21:02:43,204 INFO Tweet analysis for 2012-10-25 complete at 21:02:43. 20000 tweets scanned
2017-03-20 21:02:43,204 INFO Scanning tweets for: 2012-11-03 at 21:02:43
2017-03-20 21:03:15,993 INFO Tweet analysis for 2012-11-03 complete at 21:03:15. 20000 tweets scanned
2017-03-20 21:03:15,993 INFO Scanning tweets for: 2012-10-13 at 21:03:15
2017-03-20 21:03:48,859 INFO Tweet analysis for 2012-10-13 complete at 21:03:48. 20000 tweets scanned
2017-03-20 21:03:48,859 INFO Scanning tweets for: 2016-10-30 at 21:03:48
2017-03-20 21:04:06,614 INFO Tweet analysis for 2016-10-30 complete at 21:04:06. 11032 tweets scanned
2017-03-20 21:04:06,614 INFO Scanning tweets for: 2016-10-10 at 21:04:06
2017-03-20 21:04:38,657 INFO Tweet analysis for 2016-10-10 complete at 21:04:38. 20000 tweets scanned
2017-03-20 21:04:38,657 INFO Scanning tweets for: 2012-10-10 at 21:04:38
2017-03-20 21:05:11,215 INFO Tweet analysis for 2012-10-10 complete at 21:05:11. 20000 tweets scanned
2017-03-20 21:05:11,215 INFO Scanning tweets for: 2016-11-07 at 21:05:11
2017-03-20 21:05:42,628 INFO Tweet analysis for 2016-11-07 complete at 21:05:42. 20000 tweets scanned
2017-03-20 21:05:42,628 INFO Scanning tweets for: 2016-10-15 at 21:05:42
2017-03-20 21:06:14,405 INFO Tweet analysis for 2016-10-15 complete at 21:06:14. 20000 tweets scanned
2017-03-20 21:06:14,405 INFO Scanning tweets for: 2012-10-19 at 21:06:14
2017-03-20 21:06:47,050 INFO Tweet analysis for 2012-10-19 complete at 21:06:47. 20000 tweets scanned
2017-03-20 21:06:47,050 INFO Scanning tweets for: 2016-10-26 at 21:06:47
2017-03-20 21:07:06,541 INFO Tweet analysis for 2016-10-26 complete at 21:07:06. 11629 tweets scanned
2017-03-20 21:07:06,541 INFO Scanning tweets for: 2016-10-21 at 21:07:06
2017-03-20 21:07:40,070 INFO Tweet analysis for 2016-10-21 complete at 21:07:40. 20000 tweets scanned
2017-03-20 21:07:40,070 INFO Scanning tweets for: 2016-10-28 at 21:07:40
2017-03-20 21:08:14,415 INFO Tweet analysis for 2016-10-28 complete at 21:08:14. 20000 tweets scanned
2017-03-20 21:08:14,415 INFO Scanning tweets for: 2016-11-04 at 21:08:14
2017-03-20 21:08:46,805 INFO Tweet analysis for 2016-11-04 complete at 21:08:46. 20000 tweets scanned
2017-03-20 21:08:46,805 INFO Scanning tweets for: 2008-10-13 at 21:08:46
2017-03-20 21:09:19,537 INFO Tweet analysis for 2008-10-13 complete at 21:09:19. 18400 tweets scanned
2017-03-20 21:09:19,537 INFO Scanning tweets for: 2008-10-30 at 21:09:19
2017-03-20 21:09:59,604 INFO Tweet analysis for 2008-10-30 complete at 21:09:59. 22605 tweets scanned
2017-03-20 21:09:59,604 INFO Scanning tweets for: 2012-10-09 at 21:09:59
2017-03-20 21:10:34,848 INFO Tweet analysis for 2012-10-09 complete at 21:10:34. 20000 tweets scanned
2017-03-20 21:10:34,849 INFO Scanning tweets for: 2008-11-01 at 21:10:34
2017-03-20 21:11:07,374 INFO Tweet analysis for 2008-11-01 complete at 21:11:07. 20653 tweets scanned
2017-03-20 21:11:07,375 INFO Scanning tweets for: 2012-11-04 at 21:11:07
2017-03-20 21:11:42,468 INFO Tweet analysis for 2012-11-04 complete at 21:11:42. 20000 tweets scanned
2017-03-20 21:11:42,468 INFO Scanning tweets for: 2008-10-14 at 21:11:42
2017-03-20 21:12:13,358 INFO Tweet analysis for 2008-10-14 complete at 21:12:13. 18922 tweets scanned
2017-03-20 21:12:13,358 INFO Scanning tweets for: 2008-10-18 at 21:12:13
2017-03-20 21:12:40,369 INFO Tweet analysis for 2008-10-18 complete at 21:12:40. 15822 tweets scanned
2017-03-20 21:12:40,369 INFO Scanning tweets for: 2012-10-15 at 21:12:40
2017-03-20 21:13:15,063 INFO Tweet analysis for 2012-10-15 complete at 21:13:15. 20000 tweets scanned
2017-03-20 21:13:15,064 INFO Scanning tweets for: 2016-10-08 at 21:13:15
2017-03-20 21:13:50,867 INFO Tweet analysis for 2016-10-08 complete at 21:13:50. 20000 tweets scanned
2017-03-20 21:13:50,867 INFO Scanning tweets for: 2008-10-19 at 21:13:50
2017-03-20 21:14:03,466 INFO Tweet analysis for 2008-10-19 complete at 21:14:03. 7112 tweets scanned
2017-03-20 21:14:03,466 INFO Scanning tweets for: 2008-10-05 at 21:14:03
2017-03-20 21:14:27,182 INFO Tweet analysis for 2008-10-05 complete at 21:14:27. 13768 tweets scanned
2017-03-20 21:14:27,183 INFO Scanning tweets for: 2012-10-14 at 21:14:27
2017-03-20 21:15:03,788 INFO Tweet analysis for 2012-10-14 complete at 21:15:03. 20000 tweets scanned
2017-03-20 21:15:03,788 INFO Scanning tweets for: 2016-11-01 at 21:15:03
2017-03-20 21:15:38,908 INFO Tweet analysis for 2016-11-01 complete at 21:15:38. 20000 tweets scanned
2017-03-20 21:15:38,909 INFO Scanning tweets for: 2012-10-11 at 21:15:38
2017-03-20 21:16:16,458 INFO Tweet analysis for 2012-10-11 complete at 21:16:16. 20000 tweets scanned
2017-03-20 21:16:16,458 INFO Scanning tweets for: 2008-10-31 at 21:16:16
2017-03-20 21:16:55,386 INFO Tweet analysis for 2008-10-31 complete at 21:16:55. 22806 tweets scanned
2017-03-20 21:16:55,386 INFO Scanning tweets for: 2008-10-28 at 21:16:55
2017-03-20 21:17:29,900 INFO Tweet analysis for 2008-10-28 complete at 21:17:29. 20729 tweets scanned
2017-03-20 21:17:29,900 INFO Scanning tweets for: 2012-10-29 at 21:17:29
2017-03-20 21:18:03,055 INFO Tweet analysis for 2012-10-29 complete at 21:18:03. 20000 tweets scanned
2017-03-20 21:18:03,055 INFO Scanning tweets for: 2008-10-09 at 21:18:03
2017-03-20 21:18:38,188 INFO Tweet analysis for 2008-10-09 complete at 21:18:38. 20988 tweets scanned
2017-03-20 21:18:38,188 INFO Scanning tweets for: 2016-10-22 at 21:18:38
2017-03-20 21:19:10,665 INFO Tweet analysis for 2016-10-22 complete at 21:19:10. 20000 tweets scanned
2017-03-20 21:19:10,665 INFO Scanning tweets for: 2008-10-26 at 21:19:10
2017-03-20 21:19:37,964 INFO Tweet analysis for 2008-10-26 complete at 21:19:37. 17123 tweets scanned
2017-03-20 21:19:37,964 INFO Scanning tweets for: 2012-10-17 at 21:19:37
2017-03-20 21:20:11,506 INFO Tweet analysis for 2012-10-17 complete at 21:20:11. 20000 tweets scanned
2017-03-20 21:20:11,506 INFO Scanning tweets for: 2008-11-03 at 21:20:11
2017-03-20 21:20:50,494 INFO Tweet analysis for 2008-11-03 complete at 21:20:50. 24073 tweets scanned
2017-03-20 21:20:50,494 INFO Scanning tweets for: 2008-10-24 at 21:20:50
2017-03-20 21:21:28,443 INFO Tweet analysis for 2008-10-24 complete at 21:21:28. 23281 tweets scanned
2017-03-20 21:21:28,443 INFO Scanning tweets for: 2016-10-20 at 21:21:28
2017-03-20 21:22:01,077 INFO Tweet analysis for 2016-10-20 complete at 21:22:01. 20000 tweets scanned
2017-03-20 21:22:01,077 INFO Scanning tweets for: 2012-10-20 at 21:22:01
2017-03-20 21:22:34,614 INFO Tweet analysis for 2012-10-20 complete at 21:22:34. 20000 tweets scanned
2017-03-20 21:22:34,614 INFO Scanning tweets for: 2016-10-11 at 21:22:34
2017-03-20 21:23:08,173 INFO Tweet analysis for 2016-10-11 complete at 21:23:08. 20000 tweets scanned
2017-03-20 21:23:08,173 INFO Scanning tweets for: 2008-10-29 at 21:23:08
2017-03-20 21:23:43,657 INFO Tweet analysis for 2008-10-29 complete at 21:23:43. 21481 tweets scanned
2017-03-20 21:23:43,657 INFO Scanning tweets for: 2012-10-26 at 21:23:43
2017-03-20 21:24:18,102 INFO Tweet analysis for 2012-10-26 complete at 21:24:18. 20000 tweets scanned
2017-03-20 21:24:18,102 INFO Scanning tweets for: 2008-10-12 at 21:24:18
2017-03-20 21:24:39,238 INFO Tweet analysis for 2008-10-12 complete at 21:24:39. 12501 tweets scanned
2017-03-20 21:24:39,238 INFO Scanning tweets for: 2016-10-17 at 21:24:39
2017-03-20 21:25:12,089 INFO Tweet analysis for 2016-10-17 complete at 21:25:12. 20000 tweets scanned
2017-03-20 21:25:12,089 INFO Scanning tweets for: 2016-10-14 at 21:25:12
2017-03-20 21:25:45,338 INFO Tweet analysis for 2016-10-14 complete at 21:25:45. 20000 tweets scanned
2017-03-20 21:25:45,338 INFO Scanning tweets for: 2016-10-13 at 21:25:45
2017-03-20 21:26:18,158 INFO Tweet analysis for 2016-10-13 complete at 21:26:18. 20000 tweets scanned
2017-03-20 21:26:18,158 INFO Scanning tweets for: 2016-10-12 at 21:26:18
2017-03-20 21:26:50,966 INFO Tweet analysis for 2016-10-12 complete at 21:26:50. 20000 tweets scanned
2017-03-20 21:26:50,966 INFO Scanning tweets for: 2016-10-19 at 21:26:50
2017-03-20 21:27:24,315 INFO Tweet analysis for 2016-10-19 complete at 21:27:24. 20000 tweets scanned
2017-03-20 21:27:24,315 INFO Scanning tweets for: 2012-10-21 at 21:27:24
2017-03-20 21:27:58,159 INFO Tweet analysis for 2012-10-21 complete at 21:27:58. 20000 tweets scanned
2017-03-20 21:27:58,159 INFO Scanning tweets for: 2012-10-08 at 21:27:58
2017-03-20 21:28:30,384 INFO Tweet analysis for 2012-10-08 complete at 21:28:30. 20000 tweets scanned
2017-03-20 21:28:30,384 INFO Scanning tweets for: 2012-10-23 at 21:28:30
2017-03-20 21:29:04,394 INFO Tweet analysis for 2012-10-23 complete at 21:29:04. 20000 tweets scanned
2017-03-20 21:29:04,394 INFO Scanning tweets for: 2012-10-16 at 21:29:04
2017-03-20 21:29:39,047 INFO Tweet analysis for 2012-10-16 complete at 21:29:39. 20000 tweets scanned
2017-03-20 21:29:39,047 INFO Scanning tweets for: 2008-11-02 at 21:29:39
2017-03-20 21:30:16,266 INFO Tweet analysis for 2008-11-02 complete at 21:30:16. 23839 tweets scanned
2017-03-20 21:30:16,267 INFO Scanning tweets for: 2016-10-18 at 21:30:16
2017-03-20 21:30:48,716 INFO Tweet analysis for 2016-10-18 complete at 21:30:48. 20000 tweets scanned
2017-03-20 21:30:48,716 INFO Scanning tweets for: 2016-10-23 at 21:30:48
2017-03-20 21:31:21,353 INFO Tweet analysis for 2016-10-23 complete at 21:31:21. 20000 tweets scanned
2017-03-20 21:31:21,353 INFO Scanning tweets for: 2016-10-27 at 21:31:21
2017-03-20 21:31:53,961 INFO Tweet analysis for 2016-10-27 complete at 21:31:53. 20000 tweets scanned
2017-03-20 21:31:53,961 INFO Scanning tweets for: 2016-11-02 at 21:31:53
2017-03-20 21:32:25,632 INFO Tweet analysis for 2016-11-02 complete at 21:32:25. 20000 tweets scanned
2017-03-20 21:32:25,632 INFO Scanning tweets for: 2008-10-08 at 21:32:25
2017-03-20 21:33:07,270 INFO Tweet analysis for 2008-10-08 complete at 21:33:07. 26851 tweets scanned
2017-03-20 21:33:07,270 INFO Scanning tweets for: 2012-10-22 at 21:33:07
2017-03-20 21:33:40,436 INFO Tweet analysis for 2012-10-22 complete at 21:33:40. 20000 tweets scanned
2017-03-20 21:33:40,436 INFO Scanning tweets for: 2008-10-04 at 21:33:40
2017-03-20 21:33:58,255 INFO Tweet analysis for 2008-10-04 complete at 21:33:58. 11132 tweets scanned
2017-03-20 21:33:58,255 INFO Scanning tweets for: 2008-10-23 at 21:33:58
2017-03-20 21:34:33,154 INFO Tweet analysis for 2008-10-23 complete at 21:34:33. 21951 tweets scanned
2017-03-20 21:34:33,154 INFO Scanning tweets for: 2012-10-28 at 21:34:33
2017-03-20 21:35:05,775 INFO Tweet analysis for 2012-10-28 complete at 21:35:05. 20000 tweets scanned
2017-03-20 21:35:05,775 INFO Scanning tweets for: 2012-10-30 at 21:35:05
2017-03-20 21:35:38,778 INFO Tweet analysis for 2012-10-30 complete at 21:35:38. 20000 tweets scanned
2017-03-20 21:35:38,778 INFO Scanning tweets for: 2008-10-06 at 21:35:38
2017-03-20 21:36:10,837 INFO Tweet analysis for 2008-10-06 complete at 21:36:10. 19768 tweets scanned
2017-03-20 21:36:10,837 INFO Scanning tweets for: 2008-10-22 at 21:36:10
2017-03-20 21:36:45,708 INFO Tweet analysis for 2008-10-22 complete at 21:36:45. 21701 tweets scanned
2017-03-20 21:36:45,708 INFO Scanning tweets for: 2008-10-20 at 21:36:45
2017-03-20 21:37:21,280 INFO Tweet analysis for 2008-10-20 complete at 21:37:21. 21595 tweets scanned
2017-03-20 21:37:21,280 INFO Scanning tweets for: 2008-10-10 at 21:37:21
2017-03-20 21:37:55,170 INFO Tweet analysis for 2008-10-10 complete at 21:37:55. 20622 tweets scanned
2017-03-20 21:37:55,170 INFO Scanning tweets for: 2016-11-03 at 21:37:55
2017-03-20 21:38:26,998 INFO Tweet analysis for 2016-11-03 complete at 21:38:26. 20000 tweets scanned
2017-03-20 21:38:26,998 INFO Scanning tweets for: 2016-11-05 at 21:38:26
2017-03-20 21:38:58,840 INFO Tweet analysis for 2016-11-05 complete at 21:38:58. 20000 tweets scanned
2017-03-20 21:38:58,840 INFO Scanning tweets for: 2016-10-09 at 21:38:58
2017-03-20 21:39:33,833 INFO Tweet analysis for 2016-10-09 complete at 21:39:33. 20000 tweets scanned
2017-03-20 21:39:33,833 INFO Scanning tweets for: 2016-11-06 at 21:39:33
2017-03-20 21:40:06,981 INFO Tweet analysis for 2016-11-06 complete at 21:40:06. 20000 tweets scanned
2017-03-20 21:40:06,982 INFO Scanning tweets for: 2012-11-05 at 21:40:06
2017-03-20 21:40:39,158 INFO Tweet analysis for 2012-11-05 complete at 21:40:39. 20000 tweets scanned
2017-03-20 21:40:39,158 INFO Scanning tweets for: 2016-10-24 at 21:40:39
2017-03-20 21:41:11,444 INFO Tweet analysis for 2016-10-24 complete at 21:41:11. 20000 tweets scanned
2017-03-20 21:41:11,444 INFO Scanning tweets for: 2016-10-31 at 21:41:11
2017-03-20 21:41:43,758 INFO Tweet analysis for 2016-10-31 complete at 21:41:43. 20000 tweets scanned
2017-03-20 21:41:43,758 INFO Scanning tweets for: 2012-10-31 at 21:41:43
2017-03-20 21:42:15,174 INFO Tweet analysis for 2012-10-31 complete at 21:42:15. 20000 tweets scanned
2017-03-20 21:42:15,175 INFO Scanning tweets for: 2012-10-06 at 21:42:15
2017-03-20 21:42:42,386 INFO Tweet analysis for 2012-10-06 complete at 21:42:42. 20000 tweets scanned
2017-03-20 21:42:42,386 INFO Scanning tweets for: 2012-11-01 at 21:42:42
2017-03-20 21:43:09,876 INFO Tweet analysis for 2012-11-01 complete at 21:43:09. 20000 tweets scanned
2017-03-20 21:43:26,663 INFO Input tweets: 1843698
2017-03-20 21:43:26,663 INFO Dropped tweets: 39439
2017-03-20 21:43:26,778 INFO Average scan time: 0.00161642625139
2017-03-20 21:43:26,881 INFO All input scanned at 21:43:26
2017-03-20 21:43:26,994 INFO Time taken: 2980.20184684s
2017-03-20 21:46:07,552 INFO 0 duplicates dropped at data5/2008-10-30.csv.csv.csv
2017-03-20 21:59:13,484 INFO 0 duplicates dropped at data5/2008-10-30.csv.csv.csv
2017-03-20 22:03:59,172 INFO 0 duplicates dropped at data5/2012-10-18/romney.csv
2017-03-20 22:04:00,153 INFO 0 duplicates dropped at data5/2012-10-18/obama2.csv
2017-03-20 22:04:02,923 INFO 2255 duplicates dropped at data5/2012-10-18/all.csv
2017-03-20 22:05:32,411 INFO 0 duplicates dropped at data5/2012-10-18/romney.csv
2017-03-20 22:05:33,149 INFO 0 duplicates dropped at data5/2012-10-18/obama2.csv
2017-03-20 22:05:35,250 INFO 0 duplicates dropped at data5/2012-10-18/all.csv
2017-03-20 22:05:37,953 INFO 0 duplicates dropped at data5/romney.csv
2017-03-20 22:05:38,676 INFO 0 duplicates dropped at data5/2012-10-27/romney.csv
2017-03-20 22:05:39,377 INFO 0 duplicates dropped at data5/2012-10-27/obama2.csv
2017-03-20 22:05:41,663 INFO 1660 duplicates dropped at data5/2012-10-27/all.csv
2017-03-20 22:05:42,429 INFO 0 duplicates dropped at data5/2008-10-27/obama1.csv
2017-03-20 22:05:42,575 INFO 0 duplicates dropped at data5/2008-10-27/palin.csv
2017-03-20 22:05:42,873 INFO 0 duplicates dropped at data5/2008-10-27/mccain.csv
2017-03-20 22:05:46,395 INFO 2678 duplicates dropped at data5/2008-10-27/all.csv
2017-03-20 22:05:47,178 INFO 39 duplicates dropped at data5/2016-10-16/clinton.csv
2017-03-20 22:05:48,035 INFO 39 duplicates dropped at data5/2016-10-16/trump.csv
2017-03-20 22:05:50,577 INFO 877 duplicates dropped at data5/2016-10-16/all.csv
2017-03-20 22:05:50,961 INFO 0 duplicates dropped at data5/2008-10-11/obama1.csv
2017-03-20 22:05:51,260 INFO 0 duplicates dropped at data5/2008-10-11/palin.csv
2017-03-20 22:05:51,552 INFO 0 duplicates dropped at data5/2008-10-11/mccain.csv
2017-03-20 22:05:54,009 INFO 3448 duplicates dropped at data5/2008-10-11/all.csv
2017-03-20 22:05:58,467 INFO 20363 duplicates dropped at data5/2016-10-28.csv
2017-03-20 22:05:59,097 INFO 0 duplicates dropped at data5/2008-10-07/obama1.csv
2017-03-20 22:05:59,382 INFO 0 duplicates dropped at data5/2008-10-07/palin.csv
2017-03-20 22:05:59,878 INFO 0 duplicates dropped at data5/2008-10-07/mccain.csv
2017-03-20 22:06:03,938 INFO 4065 duplicates dropped at data5/2008-10-07/all.csv
2017-03-20 22:06:04,613 INFO 23 duplicates dropped at data5/2016-10-29/clinton.csv
2017-03-20 22:06:05,258 INFO 26 duplicates dropped at data5/2016-10-29/trump.csv
2017-03-20 22:06:07,599 INFO 883 duplicates dropped at data5/2016-10-29/all.csv
2017-03-20 22:06:12,441 INFO 21525 duplicates dropped at data5/2012-11-01.csv
2017-03-20 22:06:17,438 INFO 22267 duplicates dropped at data5/2012-10-21.csv
2017-03-20 22:06:27,776 INFO 25984 duplicates dropped at data5/2008-11-02.csv
2017-03-20 22:06:33,852 INFO 22787 duplicates dropped at data5/2008-10-06.csv
2017-03-20 22:06:38,139 INFO 19692 duplicates dropped at data5/2008-10-25.csv
2017-03-20 22:06:39,819 INFO 11520 duplicates dropped at data5/2016-10-26.csv
2017-03-20 22:06:42,118 INFO 12679 duplicates dropped at data5/2008-10-04.csv
2017-03-20 22:06:42,945 INFO 0 duplicates dropped at data5/2012-11-02/romney.csv
2017-03-20 22:06:43,727 INFO 0 duplicates dropped at data5/2012-11-02/obama2.csv
2017-03-20 22:06:46,596 INFO 2029 duplicates dropped at data5/2012-11-02/all.csv
2017-03-20 22:06:51,894 INFO 19985 duplicates dropped at data5/2016-10-21.csv
2017-03-20 22:06:57,063 INFO 22188 duplicates dropped at data5/2012-10-19.csv
2017-03-20 22:06:57,888 INFO 0 duplicates dropped at data5/2012-10-07/romney.csv
2017-03-20 22:06:58,673 INFO 0 duplicates dropped at data5/2012-10-07/obama2.csv
2017-03-20 22:07:01,217 INFO 2188 duplicates dropped at data5/2012-10-07/all.csv
2017-03-20 22:07:05,289 INFO 22801 duplicates dropped at data5/2012-10-17.csv
2017-03-20 22:07:05,998 INFO 20 duplicates dropped at data5/2016-10-25/clinton.csv
2017-03-20 22:07:06,657 INFO 29 duplicates dropped at data5/2016-10-25/trump.csv
2017-03-20 22:07:09,045 INFO 755 duplicates dropped at data5/2016-10-25/all.csv
2017-03-20 22:07:13,547 INFO 21440 duplicates dropped at data5/2012-10-30.csv
2017-03-20 22:07:17,994 INFO 19914 duplicates dropped at data5/2016-10-25.csv
2017-03-20 22:07:22,400 INFO 21473 duplicates dropped at data5/2012-10-27.csv
2017-03-20 22:07:23,191 INFO 0 duplicates dropped at data5/2008-10-17/obama1.csv
2017-03-20 22:07:23,346 INFO 0 duplicates dropped at data5/2008-10-17/palin.csv
2017-03-20 22:07:24,168 INFO 0 duplicates dropped at data5/2008-10-17/mccain.csv
2017-03-20 22:07:28,837 INFO 3783 duplicates dropped at data5/2008-10-17/all.csv
2017-03-20 22:07:29,246 INFO 0 duplicates dropped at data5/2008-10-25/obama1.csv
2017-03-20 22:07:29,383 INFO 0 duplicates dropped at data5/2008-10-25/palin.csv
2017-03-20 22:07:29,654 INFO 0 duplicates dropped at data5/2008-10-25/mccain.csv
2017-03-20 22:07:31,777 INFO 2768 duplicates dropped at data5/2008-10-25/all.csv
2017-03-20 22:07:36,454 INFO 19890 duplicates dropped at data5/2016-10-14.csv
2017-03-20 22:07:40,801 INFO 22280 duplicates dropped at data5/2012-10-15.csv
2017-03-20 22:07:41,602 INFO 0 duplicates dropped at data5/2012-10-12/romney.csv
2017-03-20 22:07:41,941 INFO 0 duplicates dropped at data5/2012-10-12/obama2.csv
2017-03-20 22:07:43,670 INFO 996 duplicates dropped at data5/2012-10-12/all.csv
2017-03-20 22:07:44,443 INFO 0 duplicates dropped at data5/2008-10-16/obama1.csv
2017-03-20 22:07:45,180 INFO 0 duplicates dropped at data5/2008-10-16/palin.csv
2017-03-20 22:07:45,981 INFO 0 duplicates dropped at data5/2008-10-16/mccain.csv
2017-03-20 22:07:53,839 INFO 3658 duplicates dropped at data5/2008-10-16/all.csv
2017-03-20 22:07:54,626 INFO 0 duplicates dropped at data5/2008-10-15/obama1.csv
2017-03-20 22:07:54,788 INFO 0 duplicates dropped at data5/2008-10-15/palin.csv
2017-03-20 22:07:55,271 INFO 0 duplicates dropped at data5/2008-10-15/mccain.csv
2017-03-20 22:07:59,218 INFO 3557 duplicates dropped at data5/2008-10-15/all.csv
2017-03-20 22:08:03,698 INFO 20021 duplicates dropped at data5/2016-10-27.csv
2017-03-20 22:08:04,532 INFO 0 duplicates dropped at data5/2008-10-21/obama1.csv
2017-03-20 22:08:04,711 INFO 0 duplicates dropped at data5/2008-10-21/palin.csv
2017-03-20 22:08:05,063 INFO 0 duplicates dropped at data5/2008-10-21/mccain.csv
2017-03-20 22:08:08,852 INFO 2979 duplicates dropped at data5/2008-10-21/all.csv
2017-03-20 22:08:16,554 INFO 26619 duplicates dropped at data5/2008-10-07.csv
2017-03-20 22:08:17,273 INFO 0 duplicates dropped at data5/2012-10-24/romney.csv
2017-03-20 22:08:17,969 INFO 0 duplicates dropped at data5/2012-10-24/obama2.csv
2017-03-20 22:08:20,282 INFO 1884 duplicates dropped at data5/2012-10-24/all.csv
2017-03-20 22:08:21,176 INFO 0 duplicates dropped at data5/2012-10-25/romney.csv
2017-03-20 22:08:21,890 INFO 0 duplicates dropped at data5/2012-10-25/obama2.csv
2017-03-20 22:08:24,192 INFO 1630 duplicates dropped at data5/2012-10-25/all.csv
2017-03-20 22:08:24,898 INFO 0 duplicates dropped at data5/2012-11-03/romney.csv
2017-03-20 22:08:25,591 INFO 0 duplicates dropped at data5/2012-11-03/obama2.csv
2017-03-20 22:08:27,798 INFO 2038 duplicates dropped at data5/2012-11-03/all.csv
2017-03-20 22:08:28,501 INFO 0 duplicates dropped at data5/2012-10-13/romney.csv
2017-03-20 22:08:29,247 INFO 0 duplicates dropped at data5/2012-10-13/obama2.csv
2017-03-20 22:08:31,435 INFO 2237 duplicates dropped at data5/2012-10-13/all.csv
2017-03-20 22:08:35,912 INFO 21337 duplicates dropped at data5/2012-10-31.csv
2017-03-20 22:08:36,588 INFO 71 duplicates dropped at data5/2016-10-30/clinton.csv
2017-03-20 22:08:36,609 INFO 23 duplicates dropped at data5/2016-10-30/trump.csv
2017-03-20 22:08:37,409 INFO 176 duplicates dropped at data5/2016-10-30/all.csv
2017-03-20 22:08:38,075 INFO 35 duplicates dropped at data5/2016-10-10/clinton.csv
2017-03-20 22:08:38,737 INFO 73 duplicates dropped at data5/2016-10-10/trump.csv
2017-03-20 22:08:41,057 INFO 1145 duplicates dropped at data5/2016-10-10/all.csv
2017-03-20 22:08:41,764 INFO 0 duplicates dropped at data5/2012-10-10/romney.csv
2017-03-20 22:08:42,467 INFO 0 duplicates dropped at data5/2012-10-10/obama2.csv
2017-03-20 22:08:44,734 INFO 2200 duplicates dropped at data5/2012-10-10/all.csv
2017-03-20 22:08:45,398 INFO 24 duplicates dropped at data5/2016-11-07/clinton.csv
2017-03-20 22:08:46,056 INFO 77 duplicates dropped at data5/2016-11-07/trump.csv
2017-03-20 22:08:48,391 INFO 969 duplicates dropped at data5/2016-11-07/all.csv
2017-03-20 22:09:04,552 INFO 32973 duplicates dropped at data5/2008-10-16.csv
2017-03-20 22:09:09,350 INFO 20972 duplicates dropped at data5/2008-10-13.csv
2017-03-20 22:09:13,289 INFO 19517 duplicates dropped at data5/2008-10-26.csv
2017-03-20 22:09:17,704 INFO 21524 duplicates dropped at data5/2012-10-06.csv
2017-03-20 22:09:17,721 INFO 0 duplicates dropped at data5/BarackObama.csv
2017-03-20 22:09:26,223 INFO 25282 duplicates dropped at data5/2008-10-30.csv
2017-03-20 22:09:26,903 INFO 12 duplicates dropped at data5/2016-10-15/clinton.csv
2017-03-20 22:09:27,545 INFO 38 duplicates dropped at data5/2016-10-15/trump.csv
2017-03-20 22:09:29,850 INFO 1023 duplicates dropped at data5/2016-10-15/all.csv
2017-03-20 22:09:34,402 INFO 22069 duplicates dropped at data5/2012-10-11.csv
2017-03-20 22:09:38,730 INFO 20230 duplicates dropped at data5/2016-10-23.csv
2017-03-20 22:09:46,517 INFO 24320 duplicates dropped at data5/2008-10-20.csv
2017-03-20 22:09:50,980 INFO 20021 duplicates dropped at data5/2016-11-06.csv
2017-03-20 22:09:55,467 INFO 20009 duplicates dropped at data5/2016-10-12.csv
2017-03-20 22:09:56,187 INFO 0 duplicates dropped at data5/2012-10-19/romney.csv
2017-03-20 22:09:56,887 INFO 0 duplicates dropped at data5/2012-10-19/obama2.csv
2017-03-20 22:09:59,064 INFO 2315 duplicates dropped at data5/2012-10-19/all.csv
2017-03-20 22:09:59,108 INFO 7 duplicates dropped at data5/2016-10-26/clinton.csv
2017-03-20 22:09:59,757 INFO 47 duplicates dropped at data5/2016-10-26/trump.csv
2017-03-20 22:10:00,576 INFO 408 duplicates dropped at data5/2016-10-26/all.csv
2017-03-20 22:10:01,284 INFO 21 duplicates dropped at data5/2016-10-21/clinton.csv
2017-03-20 22:10:01,985 INFO 38 duplicates dropped at data5/2016-10-21/trump.csv
2017-03-20 22:10:04,266 INFO 891 duplicates dropped at data5/2016-10-21/all.csv
2017-03-20 22:10:08,430 INFO 22377 duplicates dropped at data5/2012-10-20.csv
2017-03-20 22:10:12,830 INFO 21404 duplicates dropped at data5/2012-10-28.csv
2017-03-20 22:10:13,576 INFO 68 duplicates dropped at data5/2016-10-28/clinton.csv
2017-03-20 22:10:14,282 INFO 32 duplicates dropped at data5/2016-10-28/trump.csv
2017-03-20 22:10:16,606 INFO 1079 duplicates dropped at data5/2016-10-28/all.csv
2017-03-20 22:10:17,303 INFO 38 duplicates dropped at data5/2016-11-04/clinton.csv
2017-03-20 22:10:18,011 INFO 50 duplicates dropped at data5/2016-11-04/trump.csv
2017-03-20 22:10:20,354 INFO 959 duplicates dropped at data5/2016-11-04/all.csv
2017-03-20 22:10:21,799 INFO 10760 duplicates dropped at data5/2016-10-30.csv
2017-03-20 22:10:22,296 INFO 0 duplicates dropped at data5/2008-10-13/obama1.csv
2017-03-20 22:10:22,432 INFO 0 duplicates dropped at data5/2008-10-13/palin.csv
2017-03-20 22:10:22,759 INFO 0 duplicates dropped at data5/2008-10-13/mccain.csv
2017-03-20 22:10:25,428 INFO 2863 duplicates dropped at data5/2008-10-13/all.csv
2017-03-20 22:10:32,495 INFO 24117 duplicates dropped at data5/2008-10-09.csv
2017-03-20 22:10:37,413 INFO 19910 duplicates dropped at data5/2016-10-08.csv
2017-03-20 22:10:44,177 INFO 21885 duplicates dropped at data5/2008-10-11.csv
2017-03-20 22:10:45,255 INFO 0 duplicates dropped at data5/2008-10-30/obama1.csv
2017-03-20 22:10:45,417 INFO 0 duplicates dropped at data5/2008-10-30/palin.csv
2017-03-20 22:10:46,137 INFO 0 duplicates dropped at data5/2008-10-30/mccain.csv
2017-03-20 22:10:52,215 INFO 2962 duplicates dropped at data5/2008-10-30/all.csv
2017-03-20 22:10:53,109 INFO 0 duplicates dropped at data5/2012-10-09/romney.csv
2017-03-20 22:10:53,929 INFO 0 duplicates dropped at data5/2012-10-09/obama2.csv
2017-03-20 22:10:56,700 INFO 1917 duplicates dropped at data5/2012-10-09/all.csv
2017-03-20 22:10:57,704 INFO 0 duplicates dropped at data5/2008-11-01/obama1.csv
2017-03-20 22:10:57,841 INFO 0 duplicates dropped at data5/2008-11-01/palin.csv
2017-03-20 22:10:58,331 INFO 0 duplicates dropped at data5/2008-11-01/mccain.csv
2017-03-20 22:11:03,480 INFO 2237 duplicates dropped at data5/2008-11-01/all.csv
2017-03-20 22:11:04,273 INFO 0 duplicates dropped at data5/2012-11-04/romney.csv
2017-03-20 22:11:05,087 INFO 0 duplicates dropped at data5/2012-11-04/obama2.csv
2017-03-20 22:11:07,716 INFO 2478 duplicates dropped at data5/2012-11-04/all.csv
2017-03-20 22:11:19,584 INFO 25582 duplicates dropped at data5/2008-10-15.csv
2017-03-20 22:11:20,286 INFO 0 duplicates dropped at data5/2008-10-14/obama1.csv
2017-03-20 22:11:20,511 INFO 0 duplicates dropped at data5/2008-10-14/palin.csv
2017-03-20 22:11:20,914 INFO 0 duplicates dropped at data5/2008-10-14/mccain.csv
2017-03-20 22:11:24,843 INFO 2723 duplicates dropped at data5/2008-10-14/all.csv
2017-03-20 22:11:32,410 INFO 21288 duplicates dropped at data5/2008-10-14.csv
2017-03-20 22:11:33,013 INFO 0 duplicates dropped at data5/2008-10-18/obama1.csv
2017-03-20 22:11:33,110 INFO 0 duplicates dropped at data5/2008-10-18/palin.csv
2017-03-20 22:11:33,367 INFO 0 duplicates dropped at data5/2008-10-18/mccain.csv
2017-03-20 22:11:35,940 INFO 2301 duplicates dropped at data5/2008-10-18/all.csv
2017-03-20 22:11:41,175 INFO 19954 duplicates dropped at data5/2016-10-17.csv
2017-03-20 22:11:54,401 INFO 27561 duplicates dropped at data5/2008-10-17.csv
2017-03-20 22:11:59,470 INFO 20078 duplicates dropped at data5/2016-11-02.csv
2017-03-20 22:12:04,686 INFO 22127 duplicates dropped at data5/2012-10-10.csv
2017-03-20 22:12:05,544 INFO 0 duplicates dropped at data5/2012-10-15/romney.csv
2017-03-20 22:12:06,364 INFO 0 duplicates dropped at data5/2012-10-15/obama2.csv
2017-03-20 22:12:09,037 INFO 2386 duplicates dropped at data5/2012-10-15/all.csv
2017-03-20 22:31:20,883 INFO 1200 duplicates dropped at data5/clinton.csv
2017-03-20 22:31:22,249 INFO 21 duplicates dropped at data5/2016-10-08/clinton.csv
2017-03-20 22:31:23,379 INFO 109 duplicates dropped at data5/2016-10-08/trump.csv
2017-03-20 22:31:28,761 INFO 667 duplicates dropped at data5/2016-10-08/all.csv
2017-03-20 22:31:29,030 INFO 0 duplicates dropped at data5/2008-10-19/obama1.csv
2017-03-20 22:31:29,085 INFO 0 duplicates dropped at data5/2008-10-19/palin.csv
2017-03-20 22:31:29,163 INFO 0 duplicates dropped at data5/2008-10-19/mccain.csv
2017-03-20 22:31:29,879 INFO 841 duplicates dropped at data5/2008-10-19/all.csv
2017-03-20 22:31:38,572 INFO 21729 duplicates dropped at data5/2012-10-29.csv
2017-03-20 22:31:46,283 INFO 23003 duplicates dropped at data5/2012-10-22.csv
2017-03-20 22:32:05,312 INFO 22432 duplicates dropped at data5/2008-10-27.csv
2017-03-20 22:32:05,729 INFO 0 duplicates dropped at data5/2008-10-05/obama1.csv
2017-03-20 22:32:06,253 INFO 0 duplicates dropped at data5/2008-10-05/palin.csv
2017-03-20 22:32:06,425 INFO 0 duplicates dropped at data5/2008-10-05/mccain.csv
2017-03-20 22:32:10,047 INFO 2367 duplicates dropped at data5/2008-10-05/all.csv
2017-03-20 22:32:16,282 INFO 14407 duplicates dropped at data5/2008-10-12.csv
2017-03-20 22:32:24,994 INFO 20207 duplicates dropped at data5/2016-11-07.csv
2017-03-20 22:32:26,281 INFO 0 duplicates dropped at data5/2012-10-14/romney.csv
2017-03-20 22:32:27,344 INFO 0 duplicates dropped at data5/2012-10-14/obama2.csv
2017-03-20 22:32:32,033 INFO 1786 duplicates dropped at data5/2012-10-14/all.csv
2017-03-20 22:32:33,124 INFO 32 duplicates dropped at data5/2016-11-01/clinton.csv
2017-03-20 22:32:34,351 INFO 35 duplicates dropped at data5/2016-11-01/trump.csv
2017-03-20 22:32:38,797 INFO 1217 duplicates dropped at data5/2016-11-01/all.csv
2017-03-20 22:58:22,765 INFO 0 duplicates dropped at data5/obama1.csv
2017-03-20 22:58:27,397 INFO 19950 duplicates dropped at data5/2016-10-29.csv
2017-03-20 22:58:28,135 INFO 0 duplicates dropped at data5/2012-10-11/romney.csv
2017-03-20 22:58:28,885 INFO 0 duplicates dropped at data5/2012-10-11/obama2.csv
2017-03-20 22:58:31,361 INFO 2167 duplicates dropped at data5/2012-10-11/all.csv
