
2017-03-21 08:38:58,743 INFO Beginnning Scan at: 08:38:58
2017-03-21 08:38:58,745 INFO Scanning tweets for: 2012-10-18 at 08:38:58
2017-03-21 08:39:26,402 INFO Tweet analysis for 2012-10-18 complete at 08:39:26. 20000 tweets scanned
2017-03-21 08:39:26,402 INFO Scanning tweets for: 2012-10-27 at 08:39:26
2017-03-21 08:39:36,030 INFO Beginnning Scan at: 08:39:36
2017-03-21 08:39:36,031 INFO Scanning tweets for: 2012-10-18 at 08:39:36
2017-03-21 08:40:03,890 INFO Tweet analysis for 2012-10-18 complete at 08:40:03. 20000 tweets scanned
2017-03-21 08:40:03,890 INFO Scanning tweets for: 2012-10-27 at 08:40:03
2017-03-21 08:40:31,270 INFO Tweet analysis for 2012-10-27 complete at 08:40:31. 20000 tweets scanned
2017-03-21 08:40:31,270 INFO Scanning tweets for: 2008-10-27 at 08:40:31
2017-03-21 08:40:57,724 INFO Tweet analysis for 2008-10-27 complete at 08:40:57. 20078 tweets scanned
2017-03-21 08:40:57,724 INFO Scanning tweets for: 2016-10-16 at 08:40:57
2017-03-21 08:41:24,248 INFO Tweet analysis for 2016-10-16 complete at 08:41:24. 20000 tweets scanned
2017-03-21 08:41:24,248 INFO Scanning tweets for: 2008-10-11 at 08:41:24
2017-03-21 08:41:49,523 INFO Tweet analysis for 2008-10-11 complete at 08:41:49. 18755 tweets scanned
2017-03-21 08:41:49,523 INFO Scanning tweets for: 2008-10-07 at 08:41:49
2017-03-21 08:42:20,375 INFO Tweet analysis for 2008-10-07 complete at 08:42:20. 22868 tweets scanned
2017-03-21 08:42:20,376 INFO Scanning tweets for: 2016-10-29 at 08:42:20
2017-03-21 08:42:46,825 INFO Tweet analysis for 2016-10-29 complete at 08:42:46. 20000 tweets scanned
2017-03-21 08:42:46,826 INFO Scanning tweets for: 2012-11-02 at 08:42:46
2017-03-21 08:43:14,054 INFO Tweet analysis for 2012-11-02 complete at 08:43:14. 20000 tweets scanned
2017-03-21 08:43:14,054 INFO Scanning tweets for: 2012-10-07 at 08:43:14
2017-03-21 08:43:41,048 INFO Tweet analysis for 2012-10-07 complete at 08:43:41. 20000 tweets scanned
2017-03-21 08:43:41,048 INFO Scanning tweets for: 2016-10-25 at 08:43:41
2017-03-21 08:44:07,705 INFO Tweet analysis for 2016-10-25 complete at 08:44:07. 20000 tweets scanned
2017-03-21 08:44:07,705 INFO Scanning tweets for: 2008-10-17 at 08:44:07
2017-03-21 08:44:39,753 INFO Tweet analysis for 2008-10-17 complete at 08:44:39. 24197 tweets scanned
2017-03-21 08:44:39,754 INFO Scanning tweets for: 2008-10-25 at 08:44:39
2017-03-21 08:45:02,466 INFO Tweet analysis for 2008-10-25 complete at 08:45:02. 17236 tweets scanned
2017-03-21 08:45:02,467 INFO Scanning tweets for: 2012-10-12 at 08:45:02
2017-03-21 08:45:25,451 INFO Tweet analysis for 2012-10-12 complete at 08:45:25. 16605 tweets scanned
2017-03-21 08:45:25,451 INFO Scanning tweets for: 2008-10-16 at 08:45:25
2017-03-21 08:46:06,107 INFO Tweet analysis for 2008-10-16 complete at 08:46:06. 29729 tweets scanned
2017-03-21 08:46:06,108 INFO Scanning tweets for: 2008-10-15 at 08:46:06
2017-03-21 08:46:36,159 INFO Tweet analysis for 2008-10-15 complete at 08:46:36. 22429 tweets scanned
2017-03-21 08:46:36,159 INFO Scanning tweets for: 2008-10-21 at 08:46:36
2017-03-21 08:47:04,930 INFO Tweet analysis for 2008-10-21 complete at 08:47:04. 21417 tweets scanned
2017-03-21 08:47:04,930 INFO Scanning tweets for: 2012-10-24 at 08:47:04
2017-03-21 08:47:32,691 INFO Tweet analysis for 2012-10-24 complete at 08:47:32. 20000 tweets scanned
2017-03-21 08:47:32,691 INFO Scanning tweets for: 2012-10-25 at 08:47:32
2017-03-21 08:48:00,384 INFO Tweet analysis for 2012-10-25 complete at 08:48:00. 20000 tweets scanned
2017-03-21 08:48:00,384 INFO Scanning tweets for: 2012-11-03 at 08:48:00
2017-03-21 08:48:27,876 INFO Tweet analysis for 2012-11-03 complete at 08:48:27. 20000 tweets scanned
2017-03-21 08:48:27,876 INFO Scanning tweets for: 2012-10-13 at 08:48:27
2017-03-21 08:48:55,376 INFO Tweet analysis for 2012-10-13 complete at 08:48:55. 20000 tweets scanned
2017-03-21 08:48:55,376 INFO Scanning tweets for: 2016-10-30 at 08:48:55
2017-03-21 08:49:10,273 INFO Tweet analysis for 2016-10-30 complete at 08:49:10. 11032 tweets scanned
2017-03-21 08:49:10,273 INFO Scanning tweets for: 2016-10-10 at 08:49:10
2017-03-21 08:49:37,171 INFO Tweet analysis for 2016-10-10 complete at 08:49:37. 20000 tweets scanned
2017-03-21 08:49:37,171 INFO Scanning tweets for: 2012-10-10 at 08:49:37
2017-03-21 08:50:04,699 INFO Tweet analysis for 2012-10-10 complete at 08:50:04. 20000 tweets scanned
2017-03-21 08:50:04,700 INFO Scanning tweets for: 2016-11-07 at 08:50:04
2017-03-21 08:50:31,162 INFO Tweet analysis for 2016-11-07 complete at 08:50:31. 20000 tweets scanned
2017-03-21 08:50:31,162 INFO Scanning tweets for: 2016-10-15 at 08:50:31
2017-03-21 08:50:57,635 INFO Tweet analysis for 2016-10-15 complete at 08:50:57. 20000 tweets scanned
2017-03-21 08:50:57,635 INFO Scanning tweets for: 2012-10-19 at 08:50:57
2017-03-21 08:51:25,105 INFO Tweet analysis for 2012-10-19 complete at 08:51:25. 20000 tweets scanned
2017-03-21 08:51:25,105 INFO Scanning tweets for: 2016-10-26 at 08:51:25
2017-03-21 08:51:40,986 INFO Tweet analysis for 2016-10-26 complete at 08:51:40. 11629 tweets scanned
2017-03-21 08:51:40,986 INFO Scanning tweets for: 2016-10-21 at 08:51:40
2017-03-21 08:52:07,401 INFO Tweet analysis for 2016-10-21 complete at 08:52:07. 20000 tweets scanned
2017-03-21 08:52:07,401 INFO Scanning tweets for: 2016-10-28 at 08:52:07
2017-03-21 08:52:34,391 INFO Tweet analysis for 2016-10-28 complete at 08:52:34. 20000 tweets scanned
2017-03-21 08:52:34,391 INFO Scanning tweets for: 2016-11-04 at 08:52:34
2017-03-21 08:53:00,268 INFO Tweet analysis for 2016-11-04 complete at 08:53:00. 20000 tweets scanned
2017-03-21 08:53:00,268 INFO Scanning tweets for: 2008-10-13 at 08:53:00
2017-03-21 08:53:25,225 INFO Tweet analysis for 2008-10-13 complete at 08:53:25. 18400 tweets scanned
2017-03-21 08:53:25,225 INFO Scanning tweets for: 2008-10-30 at 08:53:25
2017-03-21 08:53:55,877 INFO Tweet analysis for 2008-10-30 complete at 08:53:55. 22605 tweets scanned
2017-03-21 08:53:55,877 INFO Scanning tweets for: 2012-10-09 at 08:53:55
2017-03-21 08:54:23,777 INFO Tweet analysis for 2012-10-09 complete at 08:54:23. 20000 tweets scanned
2017-03-21 08:54:23,777 INFO Scanning tweets for: 2008-11-01 at 08:54:23
2017-03-21 08:54:49,298 INFO Tweet analysis for 2008-11-01 complete at 08:54:49. 20653 tweets scanned
2017-03-21 08:54:49,298 INFO Scanning tweets for: 2012-11-04 at 08:54:49
2017-03-21 08:55:16,560 INFO Tweet analysis for 2012-11-04 complete at 08:55:16. 20000 tweets scanned
2017-03-21 08:55:16,560 INFO Scanning tweets for: 2008-10-14 at 08:55:16
2017-03-21 08:55:41,497 INFO Tweet analysis for 2008-10-14 complete at 08:55:41. 18922 tweets scanned
2017-03-21 08:55:41,497 INFO Scanning tweets for: 2008-10-18 at 08:55:41
2017-03-21 08:56:02,868 INFO Tweet analysis for 2008-10-18 complete at 08:56:02. 15822 tweets scanned
2017-03-21 08:56:02,868 INFO Scanning tweets for: 2012-10-15 at 08:56:02
2017-03-21 08:56:30,215 INFO Tweet analysis for 2012-10-15 complete at 08:56:30. 20000 tweets scanned
2017-03-21 08:56:30,215 INFO Scanning tweets for: 2016-10-08 at 08:56:30
2017-03-21 08:56:58,380 INFO Tweet analysis for 2016-10-08 complete at 08:56:58. 20000 tweets scanned
2017-03-21 08:56:58,381 INFO Scanning tweets for: 2008-10-19 at 08:56:58
2017-03-21 08:57:08,171 INFO Tweet analysis for 2008-10-19 complete at 08:57:08. 7112 tweets scanned
2017-03-21 08:57:08,171 INFO Scanning tweets for: 2008-10-05 at 08:57:08
2017-03-21 08:57:26,355 INFO Tweet analysis for 2008-10-05 complete at 08:57:26. 13768 tweets scanned
2017-03-21 08:57:26,355 INFO Scanning tweets for: 2012-10-14 at 08:57:26
2017-03-21 08:57:53,950 INFO Tweet analysis for 2012-10-14 complete at 08:57:53. 20000 tweets scanned
2017-03-21 08:57:53,950 INFO Scanning tweets for: 2016-11-01 at 08:57:53
2017-03-21 08:58:20,636 INFO Tweet analysis for 2016-11-01 complete at 08:58:20. 20000 tweets scanned
2017-03-21 08:58:20,637 INFO Scanning tweets for: 2012-10-11 at 08:58:20
2017-03-21 08:58:48,641 INFO Tweet analysis for 2012-10-11 complete at 08:58:48. 20000 tweets scanned
2017-03-21 08:58:48,642 INFO Scanning tweets for: 2008-10-31 at 08:58:48
2017-03-21 08:59:19,401 INFO Tweet analysis for 2008-10-31 complete at 08:59:19. 22806 tweets scanned
2017-03-21 08:59:19,401 INFO Scanning tweets for: 2008-10-28 at 08:59:19
2017-03-21 08:59:47,756 INFO Tweet analysis for 2008-10-28 complete at 08:59:47. 20729 tweets scanned
2017-03-21 08:59:47,756 INFO Scanning tweets for: 2012-10-29 at 08:59:47
2017-03-21 09:00:14,766 INFO Tweet analysis for 2012-10-29 complete at 09:00:14. 20000 tweets scanned
2017-03-21 09:00:14,766 INFO Scanning tweets for: 2008-10-09 at 09:00:14
2017-03-21 09:00:42,958 INFO Tweet analysis for 2008-10-09 complete at 09:00:42. 20988 tweets scanned
2017-03-21 09:00:42,958 INFO Scanning tweets for: 2016-10-22 at 09:00:42
2017-03-21 09:01:09,397 INFO Tweet analysis for 2016-10-22 complete at 09:01:09. 20000 tweets scanned
2017-03-21 09:01:09,397 INFO Scanning tweets for: 2008-10-26 at 09:01:09
2017-03-21 09:01:31,899 INFO Tweet analysis for 2008-10-26 complete at 09:01:31. 17123 tweets scanned
2017-03-21 09:01:31,899 INFO Scanning tweets for: 2012-10-17 at 09:01:31
2017-03-21 09:01:59,552 INFO Tweet analysis for 2012-10-17 complete at 09:01:59. 20000 tweets scanned
2017-03-21 09:01:59,552 INFO Scanning tweets for: 2008-11-03 at 09:01:59
2017-03-21 09:02:31,294 INFO Tweet analysis for 2008-11-03 complete at 09:02:31. 24073 tweets scanned
2017-03-21 09:02:31,294 INFO Scanning tweets for: 2008-10-24 at 09:02:31
2017-03-21 09:03:02,200 INFO Tweet analysis for 2008-10-24 complete at 09:03:02. 23281 tweets scanned
2017-03-21 09:03:02,200 INFO Scanning tweets for: 2016-10-20 at 09:03:02
2017-03-21 09:03:28,793 INFO Tweet analysis for 2016-10-20 complete at 09:03:28. 20000 tweets scanned
2017-03-21 09:03:28,793 INFO Scanning tweets for: 2012-10-20 at 09:03:28
2017-03-21 09:03:56,171 INFO Tweet analysis for 2012-10-20 complete at 09:03:56. 20000 tweets scanned
2017-03-21 09:03:56,171 INFO Scanning tweets for: 2016-10-11 at 09:03:56
2017-03-21 09:04:23,462 INFO Tweet analysis for 2016-10-11 complete at 09:04:23. 20000 tweets scanned
2017-03-21 09:04:23,462 INFO Scanning tweets for: 2008-10-29 at 09:04:23
2017-03-21 09:04:52,995 INFO Tweet analysis for 2008-10-29 complete at 09:04:52. 21481 tweets scanned
2017-03-21 09:04:52,995 INFO Scanning tweets for: 2012-10-26 at 09:04:52
2017-03-21 09:05:21,007 INFO Tweet analysis for 2012-10-26 complete at 09:05:21. 20000 tweets scanned
2017-03-21 09:05:21,007 INFO Scanning tweets for: 2008-10-12 at 09:05:21
2017-03-21 09:05:38,103 INFO Tweet analysis for 2008-10-12 complete at 09:05:38. 12501 tweets scanned
2017-03-21 09:05:38,103 INFO Scanning tweets for: 2016-10-17 at 09:05:38
2017-03-21 09:06:04,934 INFO Tweet analysis for 2016-10-17 complete at 09:06:04. 20000 tweets scanned
2017-03-21 09:06:04,934 INFO Scanning tweets for: 2016-10-14 at 09:06:04
2017-03-21 09:06:32,034 INFO Tweet analysis for 2016-10-14 complete at 09:06:32. 20000 tweets scanned
2017-03-21 09:06:32,034 INFO Scanning tweets for: 2016-10-13 at 09:06:32
2017-03-21 09:06:59,193 INFO Tweet analysis for 2016-10-13 complete at 09:06:59. 20000 tweets scanned
2017-03-21 09:06:59,193 INFO Scanning tweets for: 2016-10-12 at 09:06:59
2017-03-21 09:07:26,758 INFO Tweet analysis for 2016-10-12 complete at 09:07:26. 20000 tweets scanned
2017-03-21 09:07:26,758 INFO Scanning tweets for: 2016-10-19 at 09:07:26
2017-03-21 09:07:53,790 INFO Tweet analysis for 2016-10-19 complete at 09:07:53. 20000 tweets scanned
2017-03-21 09:07:53,790 INFO Scanning tweets for: 2012-10-21 at 09:07:53
2017-03-21 09:08:21,364 INFO Tweet analysis for 2012-10-21 complete at 09:08:21. 20000 tweets scanned
2017-03-21 09:08:21,364 INFO Scanning tweets for: 2012-10-08 at 09:08:21
2017-03-21 09:08:47,808 INFO Tweet analysis for 2012-10-08 complete at 09:08:47. 20000 tweets scanned
2017-03-21 09:08:47,808 INFO Scanning tweets for: 2012-10-23 at 09:08:47
2017-03-21 09:09:15,824 INFO Tweet analysis for 2012-10-23 complete at 09:09:15. 20000 tweets scanned
2017-03-21 09:09:15,824 INFO Scanning tweets for: 2012-10-16 at 09:09:15
2017-03-21 09:09:43,640 INFO Tweet analysis for 2012-10-16 complete at 09:09:43. 20000 tweets scanned
2017-03-21 09:09:43,640 INFO Scanning tweets for: 2008-11-02 at 09:09:43
2017-03-21 09:10:13,957 INFO Tweet analysis for 2008-11-02 complete at 09:10:13. 23839 tweets scanned
2017-03-21 09:10:13,957 INFO Scanning tweets for: 2016-10-18 at 09:10:13
2017-03-21 09:10:40,468 INFO Tweet analysis for 2016-10-18 complete at 09:10:40. 20000 tweets scanned
2017-03-21 09:10:40,468 INFO Scanning tweets for: 2016-10-23 at 09:10:40
2017-03-21 09:11:07,086 INFO Tweet analysis for 2016-10-23 complete at 09:11:07. 20000 tweets scanned
2017-03-21 09:11:07,086 INFO Scanning tweets for: 2016-10-27 at 09:11:07
2017-03-21 09:11:34,208 INFO Tweet analysis for 2016-10-27 complete at 09:11:34. 20000 tweets scanned
2017-03-21 09:11:34,208 INFO Scanning tweets for: 2016-11-02 at 09:11:34
2017-03-21 09:12:00,752 INFO Tweet analysis for 2016-11-02 complete at 09:12:00. 20000 tweets scanned
2017-03-21 09:12:00,752 INFO Scanning tweets for: 2008-10-08 at 09:12:00
2017-03-21 09:12:37,586 INFO Tweet analysis for 2008-10-08 complete at 09:12:37. 26851 tweets scanned
2017-03-21 09:12:37,586 INFO Scanning tweets for: 2012-10-22 at 09:12:37
2017-03-21 09:13:05,252 INFO Tweet analysis for 2012-10-22 complete at 09:13:05. 20000 tweets scanned
2017-03-21 09:13:05,252 INFO Scanning tweets for: 2008-10-04 at 09:13:05
2017-03-21 09:13:20,061 INFO Tweet analysis for 2008-10-04 complete at 09:13:20. 11132 tweets scanned
2017-03-21 09:13:20,061 INFO Scanning tweets for: 2008-10-23 at 09:13:20
2017-03-21 09:13:49,264 INFO Tweet analysis for 2008-10-23 complete at 09:13:49. 21951 tweets scanned
2017-03-21 09:13:49,264 INFO Scanning tweets for: 2012-10-28 at 09:13:49
2017-03-21 09:14:16,320 INFO Tweet analysis for 2012-10-28 complete at 09:14:16. 20000 tweets scanned
2017-03-21 09:14:16,320 INFO Scanning tweets for: 2012-10-30 at 09:14:16
2017-03-21 09:14:43,859 INFO Tweet analysis for 2012-10-30 complete at 09:14:43. 20000 tweets scanned
2017-03-21 09:14:43,859 INFO Scanning tweets for: 2008-10-06 at 09:14:43
2017-03-21 09:15:10,734 INFO Tweet analysis for 2008-10-06 complete at 09:15:10. 19768 tweets scanned
2017-03-21 09:15:10,735 INFO Scanning tweets for: 2008-10-22 at 09:15:10
2017-03-21 09:15:39,830 INFO Tweet analysis for 2008-10-22 complete at 09:15:39. 21701 tweets scanned
2017-03-21 09:15:39,830 INFO Scanning tweets for: 2008-10-20 at 09:15:39
2017-03-21 09:16:09,088 INFO Tweet analysis for 2008-10-20 complete at 09:16:09. 21595 tweets scanned
2017-03-21 09:16:09,088 INFO Scanning tweets for: 2008-10-10 at 09:16:09
2017-03-21 09:16:37,108 INFO Tweet analysis for 2008-10-10 complete at 09:16:37. 20622 tweets scanned
2017-03-21 09:16:37,108 INFO Scanning tweets for: 2016-11-03 at 09:16:37
2017-03-21 09:17:03,622 INFO Tweet analysis for 2016-11-03 complete at 09:17:03. 20000 tweets scanned
2017-03-21 09:17:03,622 INFO Scanning tweets for: 2016-11-05 at 09:17:03
2017-03-21 09:17:29,952 INFO Tweet analysis for 2016-11-05 complete at 09:17:29. 20000 tweets scanned
2017-03-21 09:17:29,952 INFO Scanning tweets for: 2016-10-09 at 09:17:29
2017-03-21 09:17:58,583 INFO Tweet analysis for 2016-10-09 complete at 09:17:58. 20000 tweets scanned
2017-03-21 09:17:58,583 INFO Scanning tweets for: 2016-11-06 at 09:17:58
2017-03-21 09:18:25,444 INFO Tweet analysis for 2016-11-06 complete at 09:18:25. 20000 tweets scanned
2017-03-21 09:18:25,444 INFO Scanning tweets for: 2012-11-05 at 09:18:25
2017-03-21 09:18:51,980 INFO Tweet analysis for 2012-11-05 complete at 09:18:51. 20000 tweets scanned
2017-03-21 09:18:51,980 INFO Scanning tweets for: 2016-10-24 at 09:18:51
2017-03-21 09:19:18,809 INFO Tweet analysis for 2016-10-24 complete at 09:19:18. 20000 tweets scanned
2017-03-21 09:19:18,809 INFO Scanning tweets for: 2016-10-31 at 09:19:18
2017-03-21 09:19:45,835 INFO Tweet analysis for 2016-10-31 complete at 09:19:45. 20000 tweets scanned
2017-03-21 09:19:45,835 INFO Scanning tweets for: 2012-10-31 at 09:19:45
2017-03-21 09:20:13,463 INFO Tweet analysis for 2012-10-31 complete at 09:20:13. 20000 tweets scanned
2017-03-21 09:20:13,463 INFO Scanning tweets for: 2012-10-06 at 09:20:13
2017-03-21 09:20:40,819 INFO Tweet analysis for 2012-10-06 complete at 09:20:40. 20000 tweets scanned
2017-03-21 09:20:40,819 INFO Scanning tweets for: 2012-11-01 at 09:20:40
2017-03-21 09:21:08,805 INFO Tweet analysis for 2012-11-01 complete at 09:21:08. 20000 tweets scanned
2017-03-21 09:21:23,635 INFO Input tweets: 1843698
2017-03-21 09:21:23,635 INFO Dropped tweets: 39439
2017-03-21 09:21:23,735 INFO Average scan time: 0.00133570271105
2017-03-21 09:21:23,833 INFO All input scanned at 09:21:23
2017-03-21 09:21:23,924 INFO Time taken: 2462.63241696s
2017-03-21 09:34:14,477 INFO 0 duplicates dropped at data5/romney.csv
2017-03-21 09:34:17,060 INFO 1079 duplicates dropped at data5/2016-10-28.csv
2017-03-21 09:34:19,533 INFO 1626 duplicates dropped at data5/2012-11-01.csv
2017-03-21 09:34:21,870 INFO 2372 duplicates dropped at data5/2012-10-21.csv
2017-03-21 09:34:27,546 INFO 2722 duplicates dropped at data5/2008-11-02.csv
2017-03-21 09:34:30,664 INFO 3345 duplicates dropped at data5/2008-10-06.csv
2017-03-21 09:34:32,869 INFO 2768 duplicates dropped at data5/2008-10-25.csv
2017-03-21 09:34:33,738 INFO 408 duplicates dropped at data5/2016-10-26.csv
2017-03-21 09:34:34,563 INFO 1719 duplicates dropped at data5/2008-10-04.csv
2017-03-21 09:34:36,965 INFO 891 duplicates dropped at data5/2016-10-21.csv
2017-03-21 09:34:39,296 INFO 2315 duplicates dropped at data5/2012-10-19.csv
2017-03-21 09:34:41,554 INFO 2950 duplicates dropped at data5/2012-10-17.csv
2017-03-21 09:34:44,033 INFO 1550 duplicates dropped at data5/2012-10-30.csv
2017-03-21 09:34:46,631 INFO 755 duplicates dropped at data5/2016-10-25.csv
2017-03-21 09:34:49,123 INFO 1660 duplicates dropped at data5/2012-10-27.csv
2017-03-21 09:34:51,592 INFO 695 duplicates dropped at data5/2016-10-14.csv
2017-03-21 09:34:53,899 INFO 2386 duplicates dropped at data5/2012-10-15.csv
2017-03-21 09:34:56,513 INFO 784 duplicates dropped at data5/2016-10-27.csv
2017-03-21 09:35:00,980 INFO 4065 duplicates dropped at data5/2008-10-07.csv
2017-03-21 09:35:03,465 INFO 1464 duplicates dropped at data5/2012-10-31.csv
2017-03-21 09:35:12,495 INFO 3658 duplicates dropped at data5/2008-10-16.csv
2017-03-21 09:35:15,159 INFO 2863 duplicates dropped at data5/2008-10-13.csv
2017-03-21 09:35:17,331 INFO 2712 duplicates dropped at data5/2008-10-26.csv
2017-03-21 09:35:19,869 INFO 1678 duplicates dropped at data5/2012-10-06.csv
2017-03-21 09:35:19,879 INFO 0 duplicates dropped at data5/BarackObama.csv
2017-03-21 09:35:24,702 INFO 2962 duplicates dropped at data5/2008-10-30.csv
2017-03-21 09:35:27,080 INFO 2167 duplicates dropped at data5/2012-10-11.csv
2017-03-21 09:35:29,478 INFO 1029 duplicates dropped at data5/2016-10-23.csv
2017-03-21 09:35:33,624 INFO 3064 duplicates dropped at data5/2008-10-20.csv
2017-03-21 09:35:36,068 INFO 885 duplicates dropped at data5/2016-11-06.csv
2017-03-21 09:35:38,635 INFO 907 duplicates dropped at data5/2016-10-12.csv
2017-03-21 09:35:40,917 INFO 2483 duplicates dropped at data5/2012-10-20.csv
2017-03-21 09:35:43,402 INFO 1693 duplicates dropped at data5/2012-10-28.csv
2017-03-21 09:35:44,246 INFO 176 duplicates dropped at data5/2016-10-30.csv
2017-03-21 09:35:47,772 INFO 3523 duplicates dropped at data5/2008-10-09.csv
2017-03-21 09:35:50,329 INFO 667 duplicates dropped at data5/2016-10-08.csv
2017-03-21 09:35:52,822 INFO 3448 duplicates dropped at data5/2008-10-11.csv
2017-03-21 09:35:57,151 INFO 3557 duplicates dropped at data5/2008-10-15.csv
2017-03-21 09:35:59,984 INFO 2723 duplicates dropped at data5/2008-10-14.csv
2017-03-21 09:36:02,575 INFO 825 duplicates dropped at data5/2016-10-17.csv
2017-03-21 09:36:07,921 INFO 3783 duplicates dropped at data5/2008-10-17.csv
2017-03-21 09:36:10,442 INFO 1050 duplicates dropped at data5/2016-11-02.csv
2017-03-21 09:36:12,823 INFO 2200 duplicates dropped at data5/2012-10-10.csv
2017-03-21 09:47:21,185 INFO 1200 duplicates dropped at data5/clinton.csv
2017-03-21 09:47:23,661 INFO 1855 duplicates dropped at data5/2012-10-29.csv
2017-03-21 09:47:25,867 INFO 3112 duplicates dropped at data5/2012-10-22.csv
2017-03-21 09:47:29,321 INFO 2678 duplicates dropped at data5/2008-10-27.csv
2017-03-21 09:47:30,530 INFO 2066 duplicates dropped at data5/2008-10-12.csv
2017-03-21 09:47:32,988 INFO 969 duplicates dropped at data5/2016-11-07.csv
2017-03-21 10:05:43,104 INFO 0 duplicates dropped at data5/obama1.csv
2017-03-21 10:05:45,612 INFO 883 duplicates dropped at data5/2016-10-29.csv
2017-03-21 10:05:47,437 INFO 2301 duplicates dropped at data5/2008-10-18.csv
2017-03-21 10:16:50,121 INFO 1827 duplicates dropped at data5/trump.csv
2017-03-21 10:16:52,558 INFO 1310 duplicates dropped at data5/2016-10-19.csv
2017-03-21 10:16:55,061 INFO 1023 duplicates dropped at data5/2016-10-15.csv
2017-03-21 10:16:57,463 INFO 825 duplicates dropped at data5/2016-10-22.csv
2017-03-21 10:17:01,552 INFO 3041 duplicates dropped at data5/2008-10-22.csv
2017-03-21 10:17:03,875 INFO 2237 duplicates dropped at data5/2012-10-13.csv
2017-03-21 10:17:05,080 INFO 2367 duplicates dropped at data5/2008-10-05.csv
2017-03-21 10:17:05,475 INFO 841 duplicates dropped at data5/2008-10-19.csv
2017-03-21 10:17:07,913 INFO 1029 duplicates dropped at data5/2016-10-20.csv
2017-03-21 10:17:11,774 INFO 2919 duplicates dropped at data5/2008-10-28.csv
2017-03-21 10:17:14,165 INFO 1028 duplicates dropped at data5/2016-11-03.csv
2017-03-21 10:17:16,563 INFO 931 duplicates dropped at data5/2016-10-31.csv
2017-03-21 10:29:35,738 INFO 0 duplicates dropped at data5/obama2.csv
2017-03-21 10:29:38,125 INFO 2563 duplicates dropped at data5/2012-10-23.csv
2017-03-21 10:29:40,564 INFO 1884 duplicates dropped at data5/2012-10-24.csv
2017-03-21 10:29:42,358 INFO 996 duplicates dropped at data5/2012-10-12.csv
2017-03-21 10:29:44,784 INFO 1917 duplicates dropped at data5/2012-10-09.csv
2017-03-21 10:29:49,048 INFO 2865 duplicates dropped at data5/2008-10-29.csv
2017-03-21 10:35:22,034 INFO 0 duplicates dropped at data5/palin.csv
2017-03-21 10:35:24,639 INFO 1630 duplicates dropped at data5/2012-10-25.csv
2017-03-21 10:35:26,834 INFO 2195 duplicates dropped at data5/2016-10-09.csv
2017-03-21 10:35:29,159 INFO 2851 duplicates dropped at data5/2012-10-16.csv
2017-03-21 10:35:33,006 INFO 2237 duplicates dropped at data5/2008-11-01.csv
2017-03-21 10:35:35,433 INFO 1217 duplicates dropped at data5/2016-11-01.csv
2017-03-21 10:35:37,906 INFO 821 duplicates dropped at data5/2016-10-18.csv
2017-03-21 10:47:53,393 INFO 0 duplicates dropped at data5/mccain.csv
2017-03-21 10:47:55,895 INFO 959 duplicates dropped at data5/2016-11-04.csv
2017-03-21 10:47:58,549 INFO 877 duplicates dropped at data5/2016-10-16.csv
2017-03-21 10:48:02,732 INFO 3349 duplicates dropped at data5/2008-10-23.csv
2017-03-21 10:48:07,660 INFO 3233 duplicates dropped at data5/2008-10-24.csv
2017-03-21 10:48:09,913 INFO 2870 duplicates dropped at data5/2012-10-08.csv
2017-03-21 10:48:12,578 INFO 1030 duplicates dropped at data5/2016-10-11.csv
2017-03-21 10:48:15,041 INFO 788 duplicates dropped at data5/2016-10-24.csv
2017-03-21 10:48:17,441 INFO 1084 duplicates dropped at data5/2016-11-05.csv
2017-03-21 10:48:19,787 INFO 2029 duplicates dropped at data5/2012-11-02.csv
2017-03-21 10:48:22,298 INFO 1455 duplicates dropped at data5/2012-10-26.csv
2017-03-21 10:48:24,612 INFO 2478 duplicates dropped at data5/2012-11-04.csv
2017-03-21 15:02:55,035 INFO 0 duplicates dropped at data5/romney.csv
2017-03-21 15:02:59,013 INFO 0 duplicates dropped at data5/2016-10-28.csv
2017-03-21 15:03:01,751 INFO 0 duplicates dropped at data5/2012-11-01.csv
2017-03-21 15:03:05,111 INFO 0 duplicates dropped at data5/2012-10-21.csv
2017-03-21 15:03:10,420 INFO 0 duplicates dropped at data5/2008-11-02.csv
2017-03-21 15:03:13,704 INFO 0 duplicates dropped at data5/2008-10-06.csv
2017-03-21 15:03:15,781 INFO 0 duplicates dropped at data5/2008-10-25.csv
2017-03-21 15:03:16,788 INFO 0 duplicates dropped at data5/2016-10-26.csv
2017-03-21 15:03:17,570 INFO 0 duplicates dropped at data5/2008-10-04.csv
2017-03-21 15:03:21,862 INFO 0 duplicates dropped at data5/2016-10-21.csv
2017-03-21 15:03:25,585 INFO 0 duplicates dropped at data5/2012-10-19.csv
2017-03-21 15:03:28,904 INFO 0 duplicates dropped at data5/2012-10-17.csv
2017-03-21 15:03:32,513 INFO 0 duplicates dropped at data5/2012-10-30.csv
2017-03-21 15:03:35,471 INFO 0 duplicates dropped at data5/2016-10-25.csv
2017-03-21 15:03:38,218 INFO 0 duplicates dropped at data5/2012-10-27.csv
2017-03-21 15:03:41,713 INFO 0 duplicates dropped at data5/2016-10-14.csv
2017-03-21 15:03:44,665 INFO 0 duplicates dropped at data5/2012-10-15.csv
2017-03-21 15:03:48,057 INFO 0 duplicates dropped at data5/2016-10-27.csv
2017-03-21 15:03:54,119 INFO 0 duplicates dropped at data5/2008-10-07.csv
2017-03-21 15:03:57,661 INFO 0 duplicates dropped at data5/2012-10-31.csv
2017-03-21 15:04:10,289 INFO 0 duplicates dropped at data5/2008-10-16.csv
2017-03-21 15:04:13,998 INFO 0 duplicates dropped at data5/2008-10-13.csv
2017-03-21 15:04:17,482 INFO 0 duplicates dropped at data5/2008-10-26.csv
2017-03-21 15:04:20,659 INFO 0 duplicates dropped at data5/2012-10-06.csv
2017-03-21 15:04:20,667 INFO 0 duplicates dropped at data5/BarackObama.csv
2017-03-21 15:04:27,213 INFO 0 duplicates dropped at data5/2008-10-30.csv
2017-03-21 15:04:30,342 INFO 0 duplicates dropped at data5/2012-10-11.csv
2017-03-21 15:04:33,455 INFO 0 duplicates dropped at data5/2016-10-23.csv
2017-03-21 15:04:38,478 INFO 0 duplicates dropped at data5/2008-10-20.csv
2017-03-21 15:04:40,844 INFO 0 duplicates dropped at data5/2016-11-06.csv
2017-03-21 15:04:43,223 INFO 0 duplicates dropped at data5/2016-10-12.csv
2017-03-21 15:04:45,387 INFO 0 duplicates dropped at data5/2012-10-20.csv
2017-03-21 15:04:47,694 INFO 0 duplicates dropped at data5/2012-10-28.csv
2017-03-21 15:04:48,528 INFO 0 duplicates dropped at data5/2016-10-30.csv
2017-03-21 15:04:51,380 INFO 0 duplicates dropped at data5/2008-10-09.csv
2017-03-21 15:04:53,831 INFO 0 duplicates dropped at data5/2016-10-08.csv
2017-03-21 15:04:55,900 INFO 0 duplicates dropped at data5/2008-10-11.csv
2017-03-21 15:04:59,436 INFO 0 duplicates dropped at data5/2008-10-15.csv
2017-03-21 15:05:01,857 INFO 0 duplicates dropped at data5/2008-10-14.csv
2017-03-21 15:05:04,332 INFO 0 duplicates dropped at data5/2016-10-17.csv
2017-03-21 15:05:08,390 INFO 0 duplicates dropped at data5/2008-10-17.csv
2017-03-21 15:05:10,669 INFO 0 duplicates dropped at data5/2016-11-02.csv
2017-03-21 15:05:12,908 INFO 0 duplicates dropped at data5/2012-10-10.csv
2017-03-21 15:12:07,480 INFO 0 duplicates dropped at data5/clinton.csv
2017-03-21 15:12:42,858 INFO 0 duplicates dropped at data5/romney.csv
2017-03-21 15:13:07,748 INFO 0 duplicates dropped at data5/romney.csv
2017-03-21 15:13:10,779 INFO 0 duplicates dropped at data5/2016-10-28.csv
2017-03-21 15:13:14,783 INFO 0 duplicates dropped at data5/2012-11-01.csv
2017-03-21 15:13:18,129 INFO 0 duplicates dropped at data5/2012-10-21.csv
2017-03-21 15:13:27,650 INFO 0 duplicates dropped at data5/2008-11-02.csv
2017-03-21 15:13:33,093 INFO 0 duplicates dropped at data5/2008-10-06.csv
2017-03-21 15:13:36,502 INFO 0 duplicates dropped at data5/2008-10-25.csv
2017-03-21 15:13:37,682 INFO 0 duplicates dropped at data5/2016-10-26.csv
2017-03-21 15:13:38,775 INFO 0 duplicates dropped at data5/2008-10-04.csv
2017-03-21 15:13:42,448 INFO 0 duplicates dropped at data5/2016-10-21.csv
2017-03-21 15:13:45,641 INFO 0 duplicates dropped at data5/2012-10-19.csv
2017-03-21 15:13:48,556 INFO 0 duplicates dropped at data5/2012-10-17.csv
2017-03-21 15:13:52,921 INFO 0 duplicates dropped at data5/2012-10-30.csv
2017-03-21 15:13:57,193 INFO 0 duplicates dropped at data5/2016-10-25.csv
2017-03-21 15:14:01,134 INFO 0 duplicates dropped at data5/2012-10-27.csv
2017-03-21 15:14:05,029 INFO 0 duplicates dropped at data5/2016-10-14.csv
2017-03-21 15:14:08,165 INFO 0 duplicates dropped at data5/2012-10-15.csv
2017-03-21 15:14:11,691 INFO 0 duplicates dropped at data5/2016-10-27.csv
2017-03-21 15:14:19,628 INFO 0 duplicates dropped at data5/2008-10-07.csv
2017-03-21 15:14:23,138 INFO 0 duplicates dropped at data5/2012-10-31.csv
2017-03-21 15:14:38,130 INFO 0 duplicates dropped at data5/2008-10-16.csv
2017-03-21 15:14:42,106 INFO 0 duplicates dropped at data5/2008-10-13.csv
2017-03-21 15:14:45,332 INFO 0 duplicates dropped at data5/2008-10-26.csv
2017-03-21 15:14:48,608 INFO 0 duplicates dropped at data5/2012-10-06.csv
2017-03-21 15:14:48,622 INFO 0 duplicates dropped at data5/BarackObama.csv
2017-03-21 15:14:56,991 INFO 0 duplicates dropped at data5/2008-10-30.csv
2017-03-21 15:15:02,164 INFO 0 duplicates dropped at data5/2012-10-11.csv
2017-03-21 15:15:06,957 INFO 0 duplicates dropped at data5/2016-10-23.csv
2017-03-21 15:15:13,837 INFO 0 duplicates dropped at data5/2008-10-20.csv
2017-03-21 15:15:17,665 INFO 0 duplicates dropped at data5/2016-11-06.csv
2017-03-21 15:15:21,320 INFO 0 duplicates dropped at data5/2016-10-12.csv
2017-03-21 15:15:24,469 INFO 0 duplicates dropped at data5/2012-10-20.csv
2017-03-21 15:15:28,949 INFO 0 duplicates dropped at data5/2012-10-28.csv
2017-03-21 15:15:30,628 INFO 0 duplicates dropped at data5/2016-10-30.csv
2017-03-21 15:15:36,878 INFO 0 duplicates dropped at data5/2008-10-09.csv
2017-03-21 15:15:41,751 INFO 0 duplicates dropped at data5/2016-10-08.csv
2017-03-21 15:15:46,343 INFO 0 duplicates dropped at data5/2008-10-11.csv
2017-03-21 15:15:53,915 INFO 0 duplicates dropped at data5/2008-10-15.csv
2017-03-21 15:15:58,779 INFO 0 duplicates dropped at data5/2008-10-14.csv
2017-03-21 15:16:02,369 INFO 0 duplicates dropped at data5/2016-10-17.csv
2017-03-21 15:16:10,005 INFO 0 duplicates dropped at data5/2008-10-17.csv
2017-03-21 15:16:13,343 INFO 0 duplicates dropped at data5/2016-11-02.csv
2017-03-21 15:16:16,628 INFO 0 duplicates dropped at data5/2012-10-10.csv
2017-03-21 15:16:24,346 INFO 0 duplicates dropped at data5/clinton.csv
2017-03-21 15:16:27,734 INFO 0 duplicates dropped at data5/2012-10-29.csv
2017-03-21 15:16:30,677 INFO 0 duplicates dropped at data5/2012-10-22.csv
2017-03-21 15:16:35,599 INFO 0 duplicates dropped at data5/2008-10-27.csv
2017-03-21 15:16:37,108 INFO 0 duplicates dropped at data5/2008-10-12.csv
2017-03-21 15:16:40,603 INFO 0 duplicates dropped at data5/2016-11-07.csv
2017-03-21 15:35:48,097 INFO 0 duplicates dropped at data5/obama1.csv
2017-03-21 15:35:51,126 INFO 0 duplicates dropped at data5/2016-10-29.csv
2017-03-21 15:35:53,236 INFO 0 duplicates dropped at data5/2008-10-18.csv
2017-03-21 15:47:43,101 INFO 0 duplicates dropped at data5/trump.csv
2017-03-21 15:47:45,596 INFO 0 duplicates dropped at data5/2016-10-19.csv
2017-03-21 15:47:48,523 INFO 0 duplicates dropped at data5/2016-10-15.csv
2017-03-21 15:47:51,778 INFO 0 duplicates dropped at data5/2016-10-22.csv
2017-03-21 15:47:55,107 INFO 0 duplicates dropped at data5/2008-10-22.csv
2017-03-21 15:47:57,444 INFO 0 duplicates dropped at data5/2012-10-13.csv
2017-03-21 15:47:58,567 INFO 0 duplicates dropped at data5/2008-10-05.csv
2017-03-21 15:47:59,006 INFO 0 duplicates dropped at data5/2008-10-19.csv
2017-03-21 15:48:02,147 INFO 0 duplicates dropped at data5/2016-10-20.csv
2017-03-21 15:48:07,885 INFO 0 duplicates dropped at data5/2008-10-28.csv
2017-03-21 15:48:12,925 INFO 0 duplicates dropped at data5/2016-11-03.csv
2017-03-21 15:48:16,336 INFO 0 duplicates dropped at data5/2016-10-31.csv
2017-03-21 16:06:06,032 INFO 0 duplicates dropped at data5/obama2.csv
2017-03-21 16:06:09,578 INFO 0 duplicates dropped at data5/2012-10-23.csv
2017-03-21 16:06:12,726 INFO 0 duplicates dropped at data5/2012-10-24.csv
2017-03-21 16:06:15,119 INFO 0 duplicates dropped at data5/2012-10-12.csv
2017-03-21 16:06:18,530 INFO 0 duplicates dropped at data5/2012-10-09.csv
2017-03-21 16:06:24,977 INFO 0 duplicates dropped at data5/2008-10-29.csv
2017-03-21 16:13:24,599 INFO 0 duplicates dropped at data5/palin.csv
2017-03-21 16:13:28,239 INFO 0 duplicates dropped at data5/2012-10-25.csv
2017-03-21 16:13:31,383 INFO 0 duplicates dropped at data5/2016-10-09.csv
2017-03-21 16:13:34,849 INFO 0 duplicates dropped at data5/2012-10-16.csv
2017-03-21 16:13:42,090 INFO 0 duplicates dropped at data5/2008-11-01.csv
2017-03-21 16:13:45,457 INFO 0 duplicates dropped at data5/2016-11-01.csv
2017-03-21 16:13:48,603 INFO 0 duplicates dropped at data5/2016-10-18.csv
2017-03-21 16:27:26,593 INFO 0 duplicates dropped at data5/mccain.csv
2017-03-21 16:27:29,016 INFO 0 duplicates dropped at data5/2016-11-04.csv
2017-03-21 16:27:31,510 INFO 0 duplicates dropped at data5/2016-10-16.csv
2017-03-21 16:27:34,759 INFO 0 duplicates dropped at data5/2008-10-23.csv
2017-03-21 16:27:38,825 INFO 0 duplicates dropped at data5/2008-10-24.csv
2017-03-21 16:27:40,852 INFO 0 duplicates dropped at data5/2012-10-08.csv
2017-03-21 16:27:43,183 INFO 0 duplicates dropped at data5/2016-10-11.csv
2017-03-21 16:27:45,560 INFO 0 duplicates dropped at data5/2016-10-24.csv
2017-03-21 16:27:47,852 INFO 0 duplicates dropped at data5/2016-11-05.csv
2017-03-21 16:27:50,043 INFO 0 duplicates dropped at data5/2012-11-02.csv
2017-03-21 16:27:52,443 INFO 0 duplicates dropped at data5/2012-10-26.csv
2017-03-21 16:27:54,581 INFO 0 duplicates dropped at data5/2012-11-04.csv
