2017-03-12 12:10:55,767 INFO Beginnning Scan at: 12:10:55
2017-03-12 12:10:55,793 INFO Scanning tweets for: 2012-10-18 at 12:10:55
2017-03-12 12:11:28,578 INFO Tweet analysis for 2012-10-18 complete at 12:11:28. 20000 tweets scanned
2017-03-12 12:11:28,578 INFO Scanning tweets for: 2012-10-27 at 12:11:28
2017-03-12 12:12:02,583 INFO Tweet analysis for 2012-10-27 complete at 12:12:02. 20000 tweets scanned
2017-03-12 12:12:02,583 INFO Scanning tweets for: 2008-10-27 at 12:12:02
2017-03-12 12:12:34,361 INFO Tweet analysis for 2008-10-27 complete at 12:12:34. 20078 tweets scanned
2017-03-12 12:12:34,361 INFO Scanning tweets for: 2016-10-16 at 12:12:34
2017-03-12 12:13:05,192 INFO Tweet analysis for 2016-10-16 complete at 12:13:05. 20000 tweets scanned
2017-03-12 12:13:05,192 INFO Scanning tweets for: 2008-10-11 at 12:13:05
2017-03-12 12:13:35,233 INFO Tweet analysis for 2008-10-11 complete at 12:13:35. 18755 tweets scanned
2017-03-12 12:13:35,233 INFO Scanning tweets for: 2008-10-07 at 12:13:35
2017-03-12 12:14:07,961 INFO Tweet analysis for 2008-10-07 complete at 12:14:07. 22868 tweets scanned
2017-03-12 12:14:07,961 INFO Scanning tweets for: 2016-10-29 at 12:14:07
2017-03-12 12:14:35,510 INFO Tweet analysis for 2016-10-29 complete at 12:14:35. 20000 tweets scanned
2017-03-12 12:14:35,510 INFO Scanning tweets for: 2012-11-02 at 12:14:35
2017-03-12 12:15:06,609 INFO Tweet analysis for 2012-11-02 complete at 12:15:06. 20000 tweets scanned
2017-03-12 12:15:06,609 INFO Scanning tweets for: 2012-10-07 at 12:15:06
2017-03-12 12:15:37,028 INFO Tweet analysis for 2012-10-07 complete at 12:15:37. 20000 tweets scanned
2017-03-12 12:15:37,028 INFO Scanning tweets for: 2016-10-25 at 12:15:37
2017-03-12 12:16:04,635 INFO Tweet analysis for 2016-10-25 complete at 12:16:04. 20000 tweets scanned
2017-03-12 12:16:04,635 INFO Scanning tweets for: 2008-10-17 at 12:16:04
2017-03-12 12:16:38,028 INFO Tweet analysis for 2008-10-17 complete at 12:16:38. 24197 tweets scanned
2017-03-12 12:16:38,029 INFO Scanning tweets for: 2008-10-25 at 12:16:38
2017-03-12 12:17:01,678 INFO Tweet analysis for 2008-10-25 complete at 12:17:01. 17236 tweets scanned
2017-03-12 12:17:01,678 INFO Scanning tweets for: 2012-10-12 at 12:17:01
2017-03-12 12:17:25,661 INFO Tweet analysis for 2012-10-12 complete at 12:17:25. 16605 tweets scanned
2017-03-12 12:17:25,661 INFO Scanning tweets for: 2008-10-16 at 12:17:25
2017-03-12 12:18:08,321 INFO Tweet analysis for 2008-10-16 complete at 12:18:08. 29729 tweets scanned
2017-03-12 12:18:08,322 INFO Scanning tweets for: 2008-10-15 at 12:18:08
2017-03-12 12:18:39,545 INFO Tweet analysis for 2008-10-15 complete at 12:18:39. 22429 tweets scanned
2017-03-12 12:18:39,545 INFO Scanning tweets for: 2008-10-21 at 12:18:39
2017-03-12 12:19:09,700 INFO Tweet analysis for 2008-10-21 complete at 12:19:09. 21417 tweets scanned
2017-03-12 12:19:09,700 INFO Scanning tweets for: 2012-10-24 at 12:19:09
2017-03-12 12:19:39,245 INFO Tweet analysis for 2012-10-24 complete at 12:19:39. 20000 tweets scanned
2017-03-12 12:19:39,246 INFO Scanning tweets for: 2012-10-25 at 12:19:39
2017-03-12 12:20:08,832 INFO Tweet analysis for 2012-10-25 complete at 12:20:08. 20000 tweets scanned
2017-03-12 12:20:08,832 INFO Scanning tweets for: 2012-11-03 at 12:20:08
2017-03-12 12:20:37,808 INFO Tweet analysis for 2012-11-03 complete at 12:20:37. 20000 tweets scanned
2017-03-12 12:20:37,808 INFO Scanning tweets for: 2012-10-13 at 12:20:37
2017-03-12 12:21:06,895 INFO Tweet analysis for 2012-10-13 complete at 12:21:06. 20000 tweets scanned
2017-03-12 12:21:06,895 INFO Scanning tweets for: 2016-10-30 at 12:21:06
2017-03-12 12:21:22,577 INFO Tweet analysis for 2016-10-30 complete at 12:21:22. 11032 tweets scanned
2017-03-12 12:21:22,577 INFO Scanning tweets for: 2016-10-10 at 12:21:22
2017-03-12 12:21:51,232 INFO Tweet analysis for 2016-10-10 complete at 12:21:51. 20000 tweets scanned
2017-03-12 12:21:51,232 INFO Scanning tweets for: 2012-10-10 at 12:21:51
2017-03-12 12:22:25,118 INFO Tweet analysis for 2012-10-10 complete at 12:22:25. 20000 tweets scanned
2017-03-12 12:22:25,119 INFO Scanning tweets for: 2016-11-07 at 12:22:25
2017-03-12 12:22:59,456 INFO Tweet analysis for 2016-11-07 complete at 12:22:59. 20000 tweets scanned
2017-03-12 12:22:59,456 INFO Scanning tweets for: 2016-10-15 at 12:22:59
2017-03-12 12:23:33,042 INFO Tweet analysis for 2016-10-15 complete at 12:23:33. 20000 tweets scanned
2017-03-12 12:23:33,042 INFO Scanning tweets for: 2012-10-19 at 12:23:33
2017-03-12 12:24:12,937 INFO Tweet analysis for 2012-10-19 complete at 12:24:12. 20000 tweets scanned
2017-03-12 12:24:12,937 INFO Scanning tweets for: 2016-10-26 at 12:24:12
2017-03-12 12:24:35,664 INFO Tweet analysis for 2016-10-26 complete at 12:24:35. 11629 tweets scanned
2017-03-12 12:24:35,665 INFO Scanning tweets for: 2016-10-21 at 12:24:35
2017-03-12 12:25:11,892 INFO Tweet analysis for 2016-10-21 complete at 12:25:11. 20000 tweets scanned
2017-03-12 12:25:11,892 INFO Scanning tweets for: 2016-10-28 at 12:25:11
2017-03-12 12:25:46,852 INFO Tweet analysis for 2016-10-28 complete at 12:25:46. 20000 tweets scanned
2017-03-12 12:25:46,852 INFO Scanning tweets for: 2016-11-04 at 12:25:46
2017-03-12 12:26:23,255 INFO Tweet analysis for 2016-11-04 complete at 12:26:23. 20000 tweets scanned
2017-03-12 12:26:23,255 INFO Scanning tweets for: 2008-10-13 at 12:26:23
2017-03-12 12:26:58,959 INFO Tweet analysis for 2008-10-13 complete at 12:26:58. 18400 tweets scanned
2017-03-12 12:26:58,960 INFO Scanning tweets for: 2008-10-30 at 12:26:58
2017-03-12 12:27:39,575 INFO Tweet analysis for 2008-10-30 complete at 12:27:39. 22605 tweets scanned
2017-03-12 12:27:39,576 INFO Scanning tweets for: 2012-10-09 at 12:27:39
2017-03-12 12:28:17,529 INFO Tweet analysis for 2012-10-09 complete at 12:28:17. 20000 tweets scanned
2017-03-12 12:28:17,529 INFO Scanning tweets for: 2008-11-01 at 12:28:17
2017-03-12 12:28:52,436 INFO Tweet analysis for 2008-11-01 complete at 12:28:52. 20653 tweets scanned
2017-03-12 12:28:52,436 INFO Scanning tweets for: 2012-11-04 at 12:28:52
2017-03-12 12:29:27,758 INFO Tweet analysis for 2012-11-04 complete at 12:29:27. 20000 tweets scanned
2017-03-12 12:29:27,758 INFO Scanning tweets for: 2008-10-14 at 12:29:27
2017-03-12 12:29:59,437 INFO Tweet analysis for 2008-10-14 complete at 12:29:59. 18922 tweets scanned
2017-03-12 12:29:59,437 INFO Scanning tweets for: 2008-10-18 at 12:29:59
2017-03-12 12:30:26,456 INFO Tweet analysis for 2008-10-18 complete at 12:30:26. 15822 tweets scanned
2017-03-12 12:30:26,457 INFO Scanning tweets for: 2012-10-15 at 12:30:26
2017-03-12 12:31:04,935 INFO Tweet analysis for 2012-10-15 complete at 12:31:04. 20000 tweets scanned
2017-03-12 12:31:04,935 INFO Scanning tweets for: 2016-10-08 at 12:31:04
2017-03-12 12:31:43,676 INFO Tweet analysis for 2016-10-08 complete at 12:31:43. 20000 tweets scanned
2017-03-12 12:31:43,676 INFO Scanning tweets for: 2008-10-19 at 12:31:43
2017-03-12 12:31:57,846 INFO Tweet analysis for 2008-10-19 complete at 12:31:57. 7112 tweets scanned
2017-03-12 12:31:57,846 INFO Scanning tweets for: 2008-10-05 at 12:31:57
2017-03-12 12:32:24,481 INFO Tweet analysis for 2008-10-05 complete at 12:32:24. 13768 tweets scanned
2017-03-12 12:32:24,481 INFO Scanning tweets for: 2012-10-14 at 12:32:24
2017-03-12 12:33:02,667 INFO Tweet analysis for 2012-10-14 complete at 12:33:02. 20000 tweets scanned
2017-03-12 12:33:02,668 INFO Scanning tweets for: 2016-11-01 at 12:33:02
2017-03-12 12:33:37,702 INFO Tweet analysis for 2016-11-01 complete at 12:33:37. 20000 tweets scanned
2017-03-12 12:33:37,702 INFO Scanning tweets for: 2012-10-11 at 12:33:37
2017-03-12 12:34:17,635 INFO Tweet analysis for 2012-10-11 complete at 12:34:17. 20000 tweets scanned
2017-03-12 12:34:17,635 INFO Scanning tweets for: 2008-10-31 at 12:34:17
2017-03-12 12:35:01,139 INFO Tweet analysis for 2008-10-31 complete at 12:35:01. 22806 tweets scanned
2017-03-12 12:35:01,140 INFO Scanning tweets for: 2008-10-28 at 12:35:01
2017-03-12 12:35:36,616 INFO Tweet analysis for 2008-10-28 complete at 12:35:36. 20729 tweets scanned
2017-03-12 12:35:36,616 INFO Scanning tweets for: 2012-10-29 at 12:35:36
2017-03-12 12:36:14,272 INFO Tweet analysis for 2012-10-29 complete at 12:36:14. 20000 tweets scanned
2017-03-12 12:36:14,272 INFO Scanning tweets for: 2008-10-09 at 12:36:14
2017-03-12 12:36:45,728 INFO Tweet analysis for 2008-10-09 complete at 12:36:45. 20988 tweets scanned
2017-03-12 12:36:45,728 INFO Scanning tweets for: 2016-10-22 at 12:36:45
2017-03-12 12:37:18,077 INFO Tweet analysis for 2016-10-22 complete at 12:37:18. 20000 tweets scanned
2017-03-12 12:37:18,077 INFO Scanning tweets for: 2008-10-26 at 12:37:18
2017-03-12 12:37:49,111 INFO Tweet analysis for 2008-10-26 complete at 12:37:49. 17123 tweets scanned
2017-03-12 12:37:49,111 INFO Scanning tweets for: 2012-10-17 at 12:37:49
2017-03-12 12:38:23,999 INFO Tweet analysis for 2012-10-17 complete at 12:38:23. 20000 tweets scanned
2017-03-12 12:38:23,999 INFO Scanning tweets for: 2008-11-03 at 12:38:23
2017-03-12 12:39:06,047 INFO Tweet analysis for 2008-11-03 complete at 12:39:06. 24073 tweets scanned
2017-03-12 12:39:06,047 INFO Scanning tweets for: 2008-10-24 at 12:39:06
2017-03-12 12:39:48,837 INFO Tweet analysis for 2008-10-24 complete at 12:39:48. 23281 tweets scanned
2017-03-12 12:39:48,838 INFO Scanning tweets for: 2016-10-20 at 12:39:48
2017-03-12 12:40:24,704 INFO Tweet analysis for 2016-10-20 complete at 12:40:24. 20000 tweets scanned
2017-03-12 12:40:24,704 INFO Scanning tweets for: 2012-10-20 at 12:40:24
2017-03-12 12:40:59,422 INFO Tweet analysis for 2012-10-20 complete at 12:40:59. 20000 tweets scanned
2017-03-12 12:40:59,422 INFO Scanning tweets for: 2016-10-11 at 12:40:59
2017-03-12 12:41:31,922 INFO Tweet analysis for 2016-10-11 complete at 12:41:31. 20000 tweets scanned
2017-03-12 12:41:31,922 INFO Scanning tweets for: 2008-10-29 at 12:41:31
2017-03-12 12:42:16,525 INFO Tweet analysis for 2008-10-29 complete at 12:42:16. 21481 tweets scanned
2017-03-12 12:42:16,525 INFO Scanning tweets for: 2012-10-26 at 12:42:16
2017-03-12 12:42:54,653 INFO Tweet analysis for 2012-10-26 complete at 12:42:54. 20000 tweets scanned
2017-03-12 12:42:54,653 INFO Scanning tweets for: 2008-10-12 at 12:42:54
2017-03-12 12:43:20,512 INFO Tweet analysis for 2008-10-12 complete at 12:43:20. 12501 tweets scanned
2017-03-12 12:43:20,512 INFO Scanning tweets for: 2016-10-17 at 12:43:20
2017-03-12 12:43:56,249 INFO Tweet analysis for 2016-10-17 complete at 12:43:56. 20000 tweets scanned
2017-03-12 12:43:56,249 INFO Scanning tweets for: 2016-10-14 at 12:43:56
2017-03-12 12:44:38,567 INFO Tweet analysis for 2016-10-14 complete at 12:44:38. 20000 tweets scanned
2017-03-12 12:44:38,567 INFO Scanning tweets for: 2016-10-13 at 12:44:38
2017-03-12 12:45:17,501 INFO Tweet analysis for 2016-10-13 complete at 12:45:17. 20000 tweets scanned
2017-03-12 12:45:17,501 INFO Scanning tweets for: 2016-10-12 at 12:45:17
2017-03-12 12:45:57,258 INFO Tweet analysis for 2016-10-12 complete at 12:45:57. 20000 tweets scanned
2017-03-12 12:45:57,258 INFO Scanning tweets for: 2016-10-19 at 12:45:57
2017-03-12 12:46:25,862 INFO Tweet analysis for 2016-10-19 complete at 12:46:25. 20000 tweets scanned
2017-03-12 12:46:25,862 INFO Scanning tweets for: 2012-10-21 at 12:46:25
2017-03-12 12:46:55,398 INFO Tweet analysis for 2012-10-21 complete at 12:46:55. 20000 tweets scanned
2017-03-12 12:46:55,398 INFO Scanning tweets for: 2012-10-08 at 12:46:55
2017-03-12 12:47:23,233 INFO Tweet analysis for 2012-10-08 complete at 12:47:23. 20000 tweets scanned
2017-03-12 12:47:23,233 INFO Scanning tweets for: 2012-10-23 at 12:47:23
2017-03-12 12:47:51,893 INFO Tweet analysis for 2012-10-23 complete at 12:47:51. 20000 tweets scanned
2017-03-12 12:47:51,893 INFO Scanning tweets for: 2012-10-16 at 12:47:51
2017-03-12 12:48:20,820 INFO Tweet analysis for 2012-10-16 complete at 12:48:20. 20000 tweets scanned
2017-03-12 12:48:20,820 INFO Scanning tweets for: 2008-11-02 at 12:48:20
2017-03-12 12:48:52,345 INFO Tweet analysis for 2008-11-02 complete at 12:48:52. 23839 tweets scanned
2017-03-12 12:48:52,345 INFO Scanning tweets for: 2016-10-18 at 12:48:52
2017-03-12 12:49:20,185 INFO Tweet analysis for 2016-10-18 complete at 12:49:20. 20000 tweets scanned
2017-03-12 12:49:20,185 INFO Scanning tweets for: 2016-10-23 at 12:49:20
2017-03-12 12:49:47,817 INFO Tweet analysis for 2016-10-23 complete at 12:49:47. 20000 tweets scanned
2017-03-12 12:49:47,817 INFO Scanning tweets for: 2016-10-27 at 12:49:47
2017-03-12 12:50:15,202 INFO Tweet analysis for 2016-10-27 complete at 12:50:15. 20000 tweets scanned
2017-03-12 12:50:15,202 INFO Scanning tweets for: 2016-11-02 at 12:50:15
2017-03-12 12:50:42,445 INFO Tweet analysis for 2016-11-02 complete at 12:50:42. 20000 tweets scanned
2017-03-12 12:50:42,445 INFO Scanning tweets for: 2008-10-08 at 12:50:42
2017-03-12 12:51:20,427 INFO Tweet analysis for 2008-10-08 complete at 12:51:20. 26851 tweets scanned
2017-03-12 12:51:20,427 INFO Scanning tweets for: 2012-10-22 at 12:51:20
2017-03-12 12:51:49,749 INFO Tweet analysis for 2012-10-22 complete at 12:51:49. 20000 tweets scanned
2017-03-12 12:51:49,749 INFO Scanning tweets for: 2008-10-04 at 12:51:49
2017-03-12 12:52:04,897 INFO Tweet analysis for 2008-10-04 complete at 12:52:04. 11132 tweets scanned
2017-03-12 12:52:04,897 INFO Scanning tweets for: 2008-10-23 at 12:52:04
2017-03-12 12:52:34,530 INFO Tweet analysis for 2008-10-23 complete at 12:52:34. 21951 tweets scanned
2017-03-12 12:52:34,531 INFO Scanning tweets for: 2012-10-28 at 12:52:34
2017-03-12 12:53:02,156 INFO Tweet analysis for 2012-10-28 complete at 12:53:02. 20000 tweets scanned
2017-03-12 12:53:02,156 INFO Scanning tweets for: 2012-10-30 at 12:53:02
2017-03-12 12:53:33,885 INFO Tweet analysis for 2012-10-30 complete at 12:53:33. 20000 tweets scanned
2017-03-12 12:53:33,886 INFO Scanning tweets for: 2008-10-06 at 12:53:33
2017-03-12 12:54:05,817 INFO Tweet analysis for 2008-10-06 complete at 12:54:05. 19768 tweets scanned
2017-03-12 12:54:05,817 INFO Scanning tweets for: 2008-10-22 at 12:54:05
2017-03-12 12:54:42,267 INFO Tweet analysis for 2008-10-22 complete at 12:54:42. 21701 tweets scanned
2017-03-12 12:54:42,267 INFO Scanning tweets for: 2008-10-20 at 12:54:42
2017-03-12 12:55:22,184 INFO Tweet analysis for 2008-10-20 complete at 12:55:22. 21595 tweets scanned
2017-03-12 12:55:22,184 INFO Scanning tweets for: 2008-10-10 at 12:55:22
2017-03-12 12:55:58,659 INFO Tweet analysis for 2008-10-10 complete at 12:55:58. 20622 tweets scanned
2017-03-12 12:55:58,659 INFO Scanning tweets for: 2016-11-03 at 12:55:58
2017-03-12 12:56:31,985 INFO Tweet analysis for 2016-11-03 complete at 12:56:31. 20000 tweets scanned
2017-03-12 12:56:31,985 INFO Scanning tweets for: 2016-11-05 at 12:56:31
2017-03-12 12:57:08,007 INFO Tweet analysis for 2016-11-05 complete at 12:57:08. 20000 tweets scanned
2017-03-12 12:57:08,007 INFO Scanning tweets for: 2016-10-09 at 12:57:08
2017-03-12 12:57:46,808 INFO Tweet analysis for 2016-10-09 complete at 12:57:46. 20000 tweets scanned
2017-03-12 12:57:46,808 INFO Scanning tweets for: 2016-11-06 at 12:57:46
2017-03-12 12:58:26,394 INFO Tweet analysis for 2016-11-06 complete at 12:58:26. 20000 tweets scanned
2017-03-12 12:58:26,394 INFO Scanning tweets for: 2012-11-05 at 12:58:26
2017-03-12 12:59:01,010 INFO Tweet analysis for 2012-11-05 complete at 12:59:01. 20000 tweets scanned
2017-03-12 12:59:01,010 INFO Scanning tweets for: 2016-10-24 at 12:59:01
2017-03-12 12:59:37,388 INFO Tweet analysis for 2016-10-24 complete at 12:59:37. 20000 tweets scanned
2017-03-12 12:59:37,389 INFO Scanning tweets for: 2016-10-31 at 12:59:37
2017-03-12 13:00:08,904 INFO Tweet analysis for 2016-10-31 complete at 13:00:08. 20000 tweets scanned
2017-03-12 13:00:08,904 INFO Scanning tweets for: 2012-10-31 at 13:00:08
2017-03-12 13:00:38,523 INFO Tweet analysis for 2012-10-31 complete at 13:00:38. 20000 tweets scanned
2017-03-12 13:00:38,523 INFO Scanning tweets for: 2012-10-06 at 13:00:38
2017-03-12 13:01:08,222 INFO Tweet analysis for 2012-10-06 complete at 13:01:08. 20000 tweets scanned
2017-03-12 13:01:08,222 INFO Scanning tweets for: 2012-11-01 at 13:01:08
2017-03-12 13:01:39,840 INFO Tweet analysis for 2012-11-01 complete at 13:01:39. 20000 tweets scanned
2017-03-12 13:01:56,419 INFO Input tweets: 1843698
2017-03-12 13:01:56,419 INFO Dropped tweets: 39439
2017-03-12 13:01:56,920 INFO Average scan time: nan
2017-03-12 13:01:56,938 INFO All input scanned at 13:01:56
2017-03-12 13:01:56,938 INFO Time taken: 0.0
2017-03-12 13:03:19,520 INFO Beginnning Scan at: 13:03:19
2017-03-12 13:03:19,796 INFO Scanning tweets for: 2012-10-18 at 13:03:19
2017-03-12 13:04:01,798 INFO Tweet analysis for 2012-10-18 complete at 13:04:01. 20000 tweets scanned
2017-03-12 13:04:01,798 INFO Scanning tweets for: 2012-10-27 at 13:04:01
2017-03-12 13:04:47,550 INFO Tweet analysis for 2012-10-27 complete at 13:04:47. 20000 tweets scanned
2017-03-12 13:04:47,550 INFO Scanning tweets for: 2008-10-27 at 13:04:47
2017-03-12 13:05:32,643 INFO Tweet analysis for 2008-10-27 complete at 13:05:32. 20078 tweets scanned
2017-03-12 13:05:32,643 INFO Scanning tweets for: 2016-10-16 at 13:05:32
2017-03-12 13:06:09,919 INFO Tweet analysis for 2016-10-16 complete at 13:06:09. 20000 tweets scanned
2017-03-12 13:06:09,919 INFO Scanning tweets for: 2008-10-11 at 13:06:09
2017-03-12 13:06:49,040 INFO Tweet analysis for 2008-10-11 complete at 13:06:49. 18755 tweets scanned
2017-03-12 13:06:49,040 INFO Scanning tweets for: 2008-10-07 at 13:06:49
2017-03-12 13:07:53,192 INFO Tweet analysis for 2008-10-07 complete at 13:07:53. 22868 tweets scanned
2017-03-12 13:07:53,192 INFO Scanning tweets for: 2016-10-29 at 13:07:53
2017-03-12 13:08:50,783 INFO Tweet analysis for 2016-10-29 complete at 13:08:50. 20000 tweets scanned
2017-03-12 13:08:50,784 INFO Scanning tweets for: 2012-11-02 at 13:08:50
2017-03-12 13:09:53,510 INFO Tweet analysis for 2012-11-02 complete at 13:09:53. 20000 tweets scanned
2017-03-12 13:09:53,510 INFO Scanning tweets for: 2012-10-07 at 13:09:53
2017-03-12 13:10:55,613 INFO Tweet analysis for 2012-10-07 complete at 13:10:55. 20000 tweets scanned
2017-03-12 13:10:55,614 INFO Scanning tweets for: 2016-10-25 at 13:10:55
2017-03-12 13:12:00,476 INFO Tweet analysis for 2016-10-25 complete at 13:12:00. 20000 tweets scanned
2017-03-12 13:12:00,476 INFO Scanning tweets for: 2008-10-17 at 13:12:00
2017-03-12 13:13:23,386 INFO Tweet analysis for 2008-10-17 complete at 13:13:23. 24197 tweets scanned
2017-03-12 13:13:23,387 INFO Scanning tweets for: 2008-10-25 at 13:13:23
2017-03-12 13:14:25,575 INFO Tweet analysis for 2008-10-25 complete at 13:14:25. 17236 tweets scanned
2017-03-12 13:14:25,575 INFO Scanning tweets for: 2012-10-12 at 13:14:25
2017-03-12 13:15:20,277 INFO Tweet analysis for 2012-10-12 complete at 13:15:20. 16605 tweets scanned
2017-03-12 13:15:20,278 INFO Scanning tweets for: 2008-10-16 at 13:15:20
2017-03-12 13:16:55,898 INFO Tweet analysis for 2008-10-16 complete at 13:16:55. 29729 tweets scanned
2017-03-12 13:16:55,899 INFO Scanning tweets for: 2008-10-15 at 13:16:55
2017-03-12 13:18:09,169 INFO Tweet analysis for 2008-10-15 complete at 13:18:09. 22429 tweets scanned
2017-03-12 13:18:09,170 INFO Scanning tweets for: 2008-10-21 at 13:18:09
2017-03-12 13:19:23,365 INFO Tweet analysis for 2008-10-21 complete at 13:19:23. 21417 tweets scanned
2017-03-12 13:19:23,365 INFO Scanning tweets for: 2012-10-24 at 13:19:23
2017-03-12 13:20:30,307 INFO Tweet analysis for 2012-10-24 complete at 13:20:30. 20000 tweets scanned
2017-03-12 13:20:30,307 INFO Scanning tweets for: 2012-10-25 at 13:20:30
2017-03-12 13:21:40,221 INFO Tweet analysis for 2012-10-25 complete at 13:21:40. 20000 tweets scanned
2017-03-12 13:21:40,221 INFO Scanning tweets for: 2012-11-03 at 13:21:40
2017-03-12 13:22:51,783 INFO Tweet analysis for 2012-11-03 complete at 13:22:51. 20000 tweets scanned
2017-03-12 13:22:51,783 INFO Scanning tweets for: 2012-10-13 at 13:22:51
2017-03-12 13:24:03,960 INFO Tweet analysis for 2012-10-13 complete at 13:24:03. 20000 tweets scanned
2017-03-12 13:24:03,960 INFO Scanning tweets for: 2016-10-30 at 13:24:03
2017-03-12 13:24:45,839 INFO Tweet analysis for 2016-10-30 complete at 13:24:45. 11032 tweets scanned
2017-03-12 13:24:45,839 INFO Scanning tweets for: 2016-10-10 at 13:24:45
2017-03-12 13:26:00,907 INFO Tweet analysis for 2016-10-10 complete at 13:26:00. 20000 tweets scanned
2017-03-12 13:26:00,907 INFO Scanning tweets for: 2012-10-10 at 13:26:00
2017-03-12 13:27:12,453 INFO Tweet analysis for 2012-10-10 complete at 13:27:12. 20000 tweets scanned
2017-03-12 13:27:12,453 INFO Scanning tweets for: 2016-11-07 at 13:27:12
2017-03-12 13:28:28,905 INFO Tweet analysis for 2016-11-07 complete at 13:28:28. 20000 tweets scanned
2017-03-12 13:28:28,905 INFO Scanning tweets for: 2016-10-15 at 13:28:28
2017-03-12 13:29:28,392 INFO Tweet analysis for 2016-10-15 complete at 13:29:28. 20000 tweets scanned
2017-03-12 13:29:28,393 INFO Scanning tweets for: 2012-10-19 at 13:29:28
2017-03-12 13:30:46,902 INFO Tweet analysis for 2012-10-19 complete at 13:30:46. 20000 tweets scanned
2017-03-12 13:30:46,902 INFO Scanning tweets for: 2016-10-26 at 13:30:46
2017-03-12 13:31:28,606 INFO Tweet analysis for 2016-10-26 complete at 13:31:28. 11629 tweets scanned
2017-03-12 13:31:28,606 INFO Scanning tweets for: 2016-10-21 at 13:31:28
2017-03-12 13:32:32,763 INFO Tweet analysis for 2016-10-21 complete at 13:32:32. 20000 tweets scanned
2017-03-12 13:32:32,763 INFO Scanning tweets for: 2016-10-28 at 13:32:32
2017-03-12 13:33:58,017 INFO Tweet analysis for 2016-10-28 complete at 13:33:58. 20000 tweets scanned
2017-03-12 13:33:58,017 INFO Scanning tweets for: 2016-11-04 at 13:33:58
2017-03-12 13:35:14,432 INFO Tweet analysis for 2016-11-04 complete at 13:35:14. 20000 tweets scanned
2017-03-12 13:35:14,432 INFO Scanning tweets for: 2008-10-13 at 13:35:14
2017-03-12 13:36:37,995 INFO Tweet analysis for 2008-10-13 complete at 13:36:37. 18400 tweets scanned
2017-03-12 13:36:37,996 INFO Scanning tweets for: 2008-10-30 at 13:36:37
2017-03-12 13:38:14,911 INFO Tweet analysis for 2008-10-30 complete at 13:38:14. 22605 tweets scanned
2017-03-12 13:38:14,912 INFO Scanning tweets for: 2012-10-09 at 13:38:14
2017-03-12 13:39:26,848 INFO Tweet analysis for 2012-10-09 complete at 13:39:26. 20000 tweets scanned
2017-03-12 13:39:26,848 INFO Scanning tweets for: 2008-11-01 at 13:39:26
2017-03-12 13:40:35,577 INFO Tweet analysis for 2008-11-01 complete at 13:40:35. 20653 tweets scanned
2017-03-12 13:40:35,577 INFO Scanning tweets for: 2012-11-04 at 13:40:35
2017-03-12 13:41:51,361 INFO Tweet analysis for 2012-11-04 complete at 13:41:51. 20000 tweets scanned
2017-03-12 13:41:51,361 INFO Scanning tweets for: 2008-10-14 at 13:41:51
2017-03-12 13:43:27,379 INFO Tweet analysis for 2008-10-14 complete at 13:43:27. 18922 tweets scanned
2017-03-12 13:43:27,380 INFO Scanning tweets for: 2008-10-18 at 13:43:27
2017-03-12 13:44:44,649 INFO Tweet analysis for 2008-10-18 complete at 13:44:44. 15822 tweets scanned
2017-03-12 13:44:44,650 INFO Scanning tweets for: 2012-10-15 at 13:44:44
2017-03-12 13:46:22,692 INFO Tweet analysis for 2012-10-15 complete at 13:46:22. 20000 tweets scanned
2017-03-12 13:46:22,692 INFO Scanning tweets for: 2016-10-08 at 13:46:22
2017-03-12 13:48:26,732 INFO Tweet analysis for 2016-10-08 complete at 13:48:26. 20000 tweets scanned
2017-03-12 13:48:26,732 INFO Scanning tweets for: 2008-10-19 at 13:48:26
2017-03-12 13:49:05,992 INFO Tweet analysis for 2008-10-19 complete at 13:49:05. 7112 tweets scanned
2017-03-12 13:49:05,992 INFO Scanning tweets for: 2008-10-05 at 13:49:05
2017-03-12 13:50:05,670 INFO Tweet analysis for 2008-10-05 complete at 13:50:05. 13768 tweets scanned
2017-03-12 13:50:05,670 INFO Scanning tweets for: 2012-10-14 at 13:50:05
2017-03-12 13:51:47,747 INFO Tweet analysis for 2012-10-14 complete at 13:51:47. 20000 tweets scanned
2017-03-12 13:51:47,747 INFO Scanning tweets for: 2016-11-01 at 13:51:47
2017-03-12 13:53:26,937 INFO Tweet analysis for 2016-11-01 complete at 13:53:26. 20000 tweets scanned
2017-03-12 13:53:26,937 INFO Scanning tweets for: 2012-10-11 at 13:53:26
2017-03-12 13:55:09,745 INFO Tweet analysis for 2012-10-11 complete at 13:55:09. 20000 tweets scanned
2017-03-12 13:55:09,745 INFO Scanning tweets for: 2008-10-31 at 13:55:09
2017-03-12 13:57:10,252 INFO Tweet analysis for 2008-10-31 complete at 13:57:10. 22806 tweets scanned
2017-03-12 13:57:10,252 INFO Scanning tweets for: 2008-10-28 at 13:57:10
2017-03-12 13:59:08,516 INFO Tweet analysis for 2008-10-28 complete at 13:59:08. 20729 tweets scanned
2017-03-12 13:59:08,516 INFO Scanning tweets for: 2012-10-29 at 13:59:08
2017-03-12 14:01:06,162 INFO Tweet analysis for 2012-10-29 complete at 14:01:06. 20000 tweets scanned
2017-03-12 14:01:06,162 INFO Scanning tweets for: 2008-10-09 at 14:01:06
2017-03-12 14:03:09,455 INFO Tweet analysis for 2008-10-09 complete at 14:03:09. 20988 tweets scanned
2017-03-12 14:03:09,455 INFO Scanning tweets for: 2016-10-22 at 14:03:09
2017-03-12 14:05:02,732 INFO Tweet analysis for 2016-10-22 complete at 14:05:02. 20000 tweets scanned
2017-03-12 14:05:02,732 INFO Scanning tweets for: 2008-10-26 at 14:05:02
2017-03-12 14:06:29,873 INFO Tweet analysis for 2008-10-26 complete at 14:06:29. 17123 tweets scanned
2017-03-12 14:06:29,873 INFO Scanning tweets for: 2012-10-17 at 14:06:29
2017-03-12 14:08:17,707 INFO Tweet analysis for 2012-10-17 complete at 14:08:17. 20000 tweets scanned
2017-03-12 14:08:17,707 INFO Scanning tweets for: 2008-11-03 at 14:08:17
2017-03-12 14:10:41,533 INFO Tweet analysis for 2008-11-03 complete at 14:10:41. 24073 tweets scanned
2017-03-12 14:10:41,533 INFO Scanning tweets for: 2008-10-24 at 14:10:41
2017-03-12 14:13:30,715 INFO Tweet analysis for 2008-10-24 complete at 14:13:30. 23281 tweets scanned
2017-03-12 14:13:30,715 INFO Scanning tweets for: 2016-10-20 at 14:13:30
2017-03-12 14:15:25,934 INFO Tweet analysis for 2016-10-20 complete at 14:15:25. 20000 tweets scanned
2017-03-12 14:15:25,934 INFO Scanning tweets for: 2012-10-20 at 14:15:25
2017-03-12 14:17:38,535 INFO Tweet analysis for 2012-10-20 complete at 14:17:38. 20000 tweets scanned
2017-03-12 14:17:38,535 INFO Scanning tweets for: 2016-10-11 at 14:17:38
2017-03-12 14:19:40,623 INFO Tweet analysis for 2016-10-11 complete at 14:19:40. 20000 tweets scanned
2017-03-12 14:19:40,623 INFO Scanning tweets for: 2008-10-29 at 14:19:40
2017-03-12 14:21:55,825 INFO Tweet analysis for 2008-10-29 complete at 14:21:55. 21481 tweets scanned
2017-03-12 14:21:55,825 INFO Scanning tweets for: 2012-10-26 at 14:21:55
2017-03-12 14:24:00,148 INFO Tweet analysis for 2012-10-26 complete at 14:24:00. 20000 tweets scanned
2017-03-12 14:24:00,148 INFO Scanning tweets for: 2008-10-12 at 14:24:00
2017-03-12 14:25:11,754 INFO Tweet analysis for 2008-10-12 complete at 14:25:11. 12501 tweets scanned
2017-03-12 14:25:11,754 INFO Scanning tweets for: 2016-10-17 at 14:25:11
2017-03-12 14:27:07,339 INFO Tweet analysis for 2016-10-17 complete at 14:27:07. 20000 tweets scanned
2017-03-12 14:27:07,339 INFO Scanning tweets for: 2016-10-14 at 14:27:07
2017-03-12 14:29:05,629 INFO Tweet analysis for 2016-10-14 complete at 14:29:05. 20000 tweets scanned
2017-03-12 14:29:05,629 INFO Scanning tweets for: 2016-10-13 at 14:29:05
2017-03-12 14:30:58,092 INFO Tweet analysis for 2016-10-13 complete at 14:30:58. 20000 tweets scanned
2017-03-12 14:30:58,092 INFO Scanning tweets for: 2016-10-12 at 14:30:58
2017-03-12 14:33:14,265 INFO Tweet analysis for 2016-10-12 complete at 14:33:14. 20000 tweets scanned
2017-03-12 14:33:14,265 INFO Scanning tweets for: 2016-10-19 at 14:33:14
2017-03-12 14:35:37,863 INFO Tweet analysis for 2016-10-19 complete at 14:35:37. 20000 tweets scanned
2017-03-12 14:35:37,863 INFO Scanning tweets for: 2012-10-21 at 14:35:37
2017-03-12 14:37:39,041 INFO Tweet analysis for 2012-10-21 complete at 14:37:39. 20000 tweets scanned
2017-03-12 14:37:39,042 INFO Scanning tweets for: 2012-10-08 at 14:37:39
2017-03-12 14:39:35,053 INFO Tweet analysis for 2012-10-08 complete at 14:39:35. 20000 tweets scanned
2017-03-12 14:39:35,053 INFO Scanning tweets for: 2012-10-23 at 14:39:35
2017-03-12 14:41:37,088 INFO Tweet analysis for 2012-10-23 complete at 14:41:37. 20000 tweets scanned
2017-03-12 14:41:37,088 INFO Scanning tweets for: 2012-10-16 at 14:41:37
2017-03-12 14:44:06,855 INFO Tweet analysis for 2012-10-16 complete at 14:44:06. 20000 tweets scanned
2017-03-12 14:44:06,855 INFO Scanning tweets for: 2008-11-02 at 14:44:06
2017-03-12 14:47:11,896 INFO Tweet analysis for 2008-11-02 complete at 14:47:11. 23839 tweets scanned
2017-03-12 14:47:11,896 INFO Scanning tweets for: 2016-10-18 at 14:47:11
2017-03-12 14:50:21,405 INFO Tweet analysis for 2016-10-18 complete at 14:50:21. 20000 tweets scanned
2017-03-12 14:50:21,405 INFO Scanning tweets for: 2016-10-23 at 14:50:21
2017-03-12 14:52:33,395 INFO Tweet analysis for 2016-10-23 complete at 14:52:33. 20000 tweets scanned
2017-03-12 14:52:33,396 INFO Scanning tweets for: 2016-10-27 at 14:52:33
2017-03-12 14:54:29,500 INFO Tweet analysis for 2016-10-27 complete at 14:54:29. 20000 tweets scanned
2017-03-12 14:54:29,500 INFO Scanning tweets for: 2016-11-02 at 14:54:29
2017-03-12 14:56:57,832 INFO Tweet analysis for 2016-11-02 complete at 14:56:57. 20000 tweets scanned
2017-03-12 14:56:57,832 INFO Scanning tweets for: 2008-10-08 at 14:56:57
2017-03-12 14:59:59,540 INFO Tweet analysis for 2008-10-08 complete at 14:59:59. 26851 tweets scanned
2017-03-12 14:59:59,540 INFO Scanning tweets for: 2012-10-22 at 14:59:59
2017-03-12 15:02:04,987 INFO Tweet analysis for 2012-10-22 complete at 15:02:04. 20000 tweets scanned
2017-03-12 15:02:04,988 INFO Scanning tweets for: 2008-10-04 at 15:02:04
2017-03-12 15:03:29,819 INFO Tweet analysis for 2008-10-04 complete at 15:03:29. 11132 tweets scanned
2017-03-12 15:03:29,819 INFO Scanning tweets for: 2008-10-23 at 15:03:29
2017-03-12 15:06:34,941 INFO Tweet analysis for 2008-10-23 complete at 15:06:34. 21951 tweets scanned
2017-03-12 15:06:34,941 INFO Scanning tweets for: 2012-10-28 at 15:06:34
2017-03-12 15:08:46,407 INFO Tweet analysis for 2012-10-28 complete at 15:08:46. 20000 tweets scanned
2017-03-12 15:08:46,407 INFO Scanning tweets for: 2012-10-30 at 15:08:46
2017-03-12 15:12:04,724 INFO Tweet analysis for 2012-10-30 complete at 15:12:04. 20000 tweets scanned
2017-03-12 15:12:04,724 INFO Scanning tweets for: 2008-10-06 at 15:12:04
2017-03-12 15:15:06,269 INFO Tweet analysis for 2008-10-06 complete at 15:15:06. 19768 tweets scanned
2017-03-12 15:15:06,269 INFO Scanning tweets for: 2008-10-22 at 15:15:06
2017-03-12 15:18:38,645 INFO Tweet analysis for 2008-10-22 complete at 15:18:38. 21701 tweets scanned
2017-03-12 15:18:38,645 INFO Scanning tweets for: 2008-10-20 at 15:18:38
2017-03-12 15:21:30,438 INFO Tweet analysis for 2008-10-20 complete at 15:21:30. 21595 tweets scanned
2017-03-12 15:21:30,438 INFO Scanning tweets for: 2008-10-10 at 15:21:30
2017-03-12 15:24:39,608 INFO Tweet analysis for 2008-10-10 complete at 15:24:39. 20622 tweets scanned
2017-03-12 15:24:39,608 INFO Scanning tweets for: 2016-11-03 at 15:24:39
2017-03-12 15:28:12,487 INFO Tweet analysis for 2016-11-03 complete at 15:28:12. 20000 tweets scanned
2017-03-12 15:28:12,580 INFO Scanning tweets for: 2016-11-05 at 15:28:12
2017-03-12 15:31:15,419 INFO Tweet analysis for 2016-11-05 complete at 15:31:15. 20000 tweets scanned
2017-03-12 15:31:15,420 INFO Scanning tweets for: 2016-10-09 at 15:31:15
2017-03-12 15:34:18,572 INFO Tweet analysis for 2016-10-09 complete at 15:34:18. 20000 tweets scanned
2017-03-12 15:34:18,572 INFO Scanning tweets for: 2016-11-06 at 15:34:18
2017-03-12 15:37:18,919 INFO Tweet analysis for 2016-11-06 complete at 15:37:18. 20000 tweets scanned
2017-03-12 15:37:18,919 INFO Scanning tweets for: 2012-11-05 at 15:37:18
2017-03-12 15:40:39,480 INFO Tweet analysis for 2012-11-05 complete at 15:40:39. 20000 tweets scanned
2017-03-12 15:40:39,481 INFO Scanning tweets for: 2016-10-24 at 15:40:39
2017-03-12 15:43:02,867 INFO Tweet analysis for 2016-10-24 complete at 15:43:02. 20000 tweets scanned
2017-03-12 15:43:02,867 INFO Scanning tweets for: 2016-10-31 at 15:43:02
2017-03-12 15:46:23,441 INFO Tweet analysis for 2016-10-31 complete at 15:46:23. 20000 tweets scanned
2017-03-12 15:46:23,441 INFO Scanning tweets for: 2012-10-31 at 15:46:23
2017-03-12 15:50:00,808 INFO Tweet analysis for 2012-10-31 complete at 15:50:00. 20000 tweets scanned
2017-03-12 15:50:00,867 INFO Scanning tweets for: 2012-10-06 at 15:50:00
2017-03-12 15:53:48,850 INFO Tweet analysis for 2012-10-06 complete at 15:53:48. 20000 tweets scanned
2017-03-12 15:53:48,850 INFO Scanning tweets for: 2012-11-01 at 15:53:48
2017-03-12 15:56:35,511 INFO Tweet analysis for 2012-11-01 complete at 15:56:35. 20000 tweets scanned
2017-03-12 15:56:55,183 INFO Input tweets: 1843698
2017-03-12 15:56:55,183 INFO Dropped tweets: 39439
2017-03-12 15:56:55,184 INFO Average scan time: -0.00220041212286
2017-03-12 15:56:55,187 INFO All input scanned at 15:56:55
2017-03-12 15:56:55,190 INFO Time taken: -4056.89543009
2017-03-12 16:01:54,681 INFO Beginnning Scan at: 16:01:54
2017-03-12 16:01:55,033 INFO Scanning tweets for: 2012-10-18 at 16:01:55
2017-03-12 16:02:24,962 INFO Tweet analysis for 2012-10-18 complete at 16:02:24. 20000 tweets scanned
2017-03-12 16:02:24,962 INFO Scanning tweets for: 2012-10-27 at 16:02:24
2017-03-12 16:02:55,423 INFO Tweet analysis for 2012-10-27 complete at 16:02:55. 20000 tweets scanned
2017-03-12 16:02:55,423 INFO Scanning tweets for: 2008-10-27 at 16:02:55
2017-03-12 16:03:26,861 INFO Tweet analysis for 2008-10-27 complete at 16:03:26. 20078 tweets scanned
2017-03-12 16:03:26,861 INFO Scanning tweets for: 2016-10-16 at 16:03:26
2017-03-12 16:03:59,398 INFO Tweet analysis for 2016-10-16 complete at 16:03:59. 20000 tweets scanned
2017-03-12 16:03:59,398 INFO Scanning tweets for: 2008-10-11 at 16:03:59
2017-03-12 16:04:31,798 INFO Tweet analysis for 2008-10-11 complete at 16:04:31. 18755 tweets scanned
2017-03-12 16:04:31,798 INFO Scanning tweets for: 2008-10-07 at 16:04:31
2017-03-12 16:05:15,579 INFO Tweet analysis for 2008-10-07 complete at 16:05:15. 22868 tweets scanned
2017-03-12 16:05:15,580 INFO Scanning tweets for: 2016-10-29 at 16:05:15
2017-03-12 16:05:54,376 INFO Tweet analysis for 2016-10-29 complete at 16:05:54. 20000 tweets scanned
2017-03-12 16:05:54,376 INFO Scanning tweets for: 2012-11-02 at 16:05:54
2017-03-12 16:06:36,239 INFO Tweet analysis for 2012-11-02 complete at 16:06:36. 20000 tweets scanned
2017-03-12 16:06:36,239 INFO Scanning tweets for: 2012-10-07 at 16:06:36
2017-03-12 16:07:18,712 INFO Tweet analysis for 2012-10-07 complete at 16:07:18. 20000 tweets scanned
2017-03-12 16:07:18,712 INFO Scanning tweets for: 2016-10-25 at 16:07:18
2017-03-12 16:08:02,721 INFO Tweet analysis for 2016-10-25 complete at 16:08:02. 20000 tweets scanned
2017-03-12 16:08:02,721 INFO Scanning tweets for: 2008-10-17 at 16:08:02
2017-03-12 16:08:55,768 INFO Tweet analysis for 2008-10-17 complete at 16:08:55. 24197 tweets scanned
2017-03-12 16:08:55,768 INFO Scanning tweets for: 2008-10-25 at 16:08:55
2017-03-12 16:09:34,660 INFO Tweet analysis for 2008-10-25 complete at 16:09:34. 17236 tweets scanned
2017-03-12 16:09:34,660 INFO Scanning tweets for: 2012-10-12 at 16:09:34
2017-03-12 16:10:14,341 INFO Tweet analysis for 2012-10-12 complete at 16:10:14. 16605 tweets scanned
2017-03-12 16:10:14,341 INFO Scanning tweets for: 2008-10-16 at 16:10:14
2017-03-12 16:11:27,494 INFO Tweet analysis for 2008-10-16 complete at 16:11:27. 29729 tweets scanned
2017-03-12 16:11:27,494 INFO Scanning tweets for: 2008-10-15 at 16:11:27
2017-03-12 16:12:22,595 INFO Tweet analysis for 2008-10-15 complete at 16:12:22. 22429 tweets scanned
2017-03-12 16:12:22,595 INFO Scanning tweets for: 2008-10-21 at 16:12:22
2017-03-12 16:13:17,167 INFO Tweet analysis for 2008-10-21 complete at 16:13:17. 21417 tweets scanned
2017-03-12 16:13:17,167 INFO Scanning tweets for: 2012-10-24 at 16:13:17
2017-03-12 16:14:10,586 INFO Tweet analysis for 2012-10-24 complete at 16:14:10. 20000 tweets scanned
2017-03-12 16:14:10,586 INFO Scanning tweets for: 2012-10-25 at 16:14:10
2017-03-12 16:15:04,369 INFO Tweet analysis for 2012-10-25 complete at 16:15:04. 20000 tweets scanned
2017-03-12 16:15:04,369 INFO Scanning tweets for: 2012-11-03 at 16:15:04
2017-03-12 16:15:59,602 INFO Tweet analysis for 2012-11-03 complete at 16:15:59. 20000 tweets scanned
2017-03-12 16:15:59,602 INFO Scanning tweets for: 2012-10-13 at 16:15:59
2017-03-12 16:16:55,357 INFO Tweet analysis for 2012-10-13 complete at 16:16:55. 20000 tweets scanned
2017-03-12 16:16:55,357 INFO Scanning tweets for: 2016-10-30 at 16:16:55
2017-03-12 16:17:25,779 INFO Tweet analysis for 2016-10-30 complete at 16:17:25. 11032 tweets scanned
2017-03-12 16:17:25,836 INFO Scanning tweets for: 2016-10-10 at 16:17:25
2017-03-12 16:18:23,292 INFO Tweet analysis for 2016-10-10 complete at 16:18:23. 20000 tweets scanned
2017-03-12 16:18:23,293 INFO Scanning tweets for: 2012-10-10 at 16:18:23
2017-03-12 16:19:22,717 INFO Tweet analysis for 2012-10-10 complete at 16:19:22. 20000 tweets scanned
2017-03-12 16:19:22,717 INFO Scanning tweets for: 2016-11-07 at 16:19:22
2017-03-12 16:20:21,725 INFO Tweet analysis for 2016-11-07 complete at 16:20:21. 20000 tweets scanned
2017-03-12 16:20:21,725 INFO Scanning tweets for: 2016-10-15 at 16:20:21
2017-03-12 16:21:24,580 INFO Tweet analysis for 2016-10-15 complete at 16:21:24. 20000 tweets scanned
2017-03-12 16:21:24,580 INFO Scanning tweets for: 2012-10-19 at 16:21:24
2017-03-12 16:22:26,586 INFO Tweet analysis for 2012-10-19 complete at 16:22:26. 20000 tweets scanned
2017-03-12 16:22:26,586 INFO Scanning tweets for: 2016-10-26 at 16:22:26
2017-03-12 16:23:02,844 INFO Tweet analysis for 2016-10-26 complete at 16:23:02. 11629 tweets scanned
2017-03-12 16:23:02,844 INFO Scanning tweets for: 2016-10-21 at 16:23:02
2017-03-12 16:24:04,985 INFO Tweet analysis for 2016-10-21 complete at 16:24:04. 20000 tweets scanned
2017-03-12 16:24:04,985 INFO Scanning tweets for: 2016-10-28 at 16:24:04
2017-03-12 16:25:09,295 INFO Tweet analysis for 2016-10-28 complete at 16:25:09. 20000 tweets scanned
2017-03-12 16:25:09,296 INFO Scanning tweets for: 2016-11-04 at 16:25:09
2017-03-12 16:26:13,570 INFO Tweet analysis for 2016-11-04 complete at 16:26:13. 20000 tweets scanned
2017-03-12 16:26:13,570 INFO Scanning tweets for: 2008-10-13 at 16:26:13
2017-03-12 16:27:01,222 INFO Beginnning Scan at: 16:27:01
2017-03-12 16:27:01,247 INFO Scanning tweets for: 2012-10-18 at 16:27:01
2017-03-12 16:27:24,831 INFO Beginnning Scan at: 16:27:24
2017-03-12 16:27:24,832 INFO Scanning tweets for: 2012-10-18 at 16:27:24
2017-03-12 16:27:54,189 INFO Tweet analysis for 2012-10-18 complete at 16:27:54. 20000 tweets scanned
2017-03-12 16:27:54,189 INFO Scanning tweets for: 2012-10-27 at 16:27:54
2017-03-12 16:28:23,890 INFO Tweet analysis for 2012-10-27 complete at 16:28:23. 20000 tweets scanned
2017-03-12 16:28:23,890 INFO Scanning tweets for: 2008-10-27 at 16:28:23
2017-03-12 16:28:53,375 INFO Tweet analysis for 2008-10-27 complete at 16:28:53. 20078 tweets scanned
2017-03-12 16:28:53,375 INFO Scanning tweets for: 2016-10-16 at 16:28:53
2017-03-12 16:29:23,830 INFO Tweet analysis for 2016-10-16 complete at 16:29:23. 20000 tweets scanned
2017-03-12 16:29:23,830 INFO Scanning tweets for: 2008-10-11 at 16:29:23
2017-03-12 16:29:51,932 INFO Tweet analysis for 2008-10-11 complete at 16:29:51. 18755 tweets scanned
2017-03-12 16:29:51,932 INFO Scanning tweets for: 2008-10-07 at 16:29:51
2017-03-12 16:30:26,000 INFO Tweet analysis for 2008-10-07 complete at 16:30:26. 22868 tweets scanned
2017-03-12 16:30:26,000 INFO Scanning tweets for: 2016-10-29 at 16:30:26
2017-03-12 16:30:55,418 INFO Tweet analysis for 2016-10-29 complete at 16:30:55. 20000 tweets scanned
2017-03-12 16:30:55,418 INFO Scanning tweets for: 2012-11-02 at 16:30:55
2017-03-12 16:31:26,064 INFO Tweet analysis for 2012-11-02 complete at 16:31:26. 20000 tweets scanned
2017-03-12 16:31:26,064 INFO Scanning tweets for: 2012-10-07 at 16:31:26
2017-03-12 16:31:55,396 INFO Tweet analysis for 2012-10-07 complete at 16:31:55. 20000 tweets scanned
2017-03-12 16:31:55,396 INFO Scanning tweets for: 2016-10-25 at 16:31:55
2017-03-12 16:32:24,733 INFO Tweet analysis for 2016-10-25 complete at 16:32:24. 20000 tweets scanned
2017-03-12 16:32:24,733 INFO Scanning tweets for: 2008-10-17 at 16:32:24
2017-03-12 16:32:59,622 INFO Tweet analysis for 2008-10-17 complete at 16:32:59. 24197 tweets scanned
2017-03-12 16:32:59,622 INFO Scanning tweets for: 2008-10-25 at 16:32:59
2017-03-12 16:33:23,881 INFO Tweet analysis for 2008-10-25 complete at 16:33:23. 17236 tweets scanned
2017-03-12 16:33:23,881 INFO Scanning tweets for: 2012-10-12 at 16:33:23
2017-03-12 16:33:48,560 INFO Tweet analysis for 2012-10-12 complete at 16:33:48. 16605 tweets scanned
2017-03-12 16:33:48,560 INFO Scanning tweets for: 2008-10-16 at 16:33:48
2017-03-12 16:34:33,804 INFO Tweet analysis for 2008-10-16 complete at 16:34:33. 29729 tweets scanned
2017-03-12 16:34:33,804 INFO Scanning tweets for: 2008-10-15 at 16:34:33
2017-03-12 16:35:06,633 INFO Tweet analysis for 2008-10-15 complete at 16:35:06. 22429 tweets scanned
2017-03-12 16:35:06,634 INFO Scanning tweets for: 2008-10-21 at 16:35:06
2017-03-12 16:35:37,793 INFO Tweet analysis for 2008-10-21 complete at 16:35:37. 21417 tweets scanned
2017-03-12 16:35:37,794 INFO Scanning tweets for: 2012-10-24 at 16:35:37
2017-03-12 16:36:08,383 INFO Tweet analysis for 2012-10-24 complete at 16:36:08. 20000 tweets scanned
2017-03-12 16:36:08,384 INFO Scanning tweets for: 2012-10-25 at 16:36:08
2017-03-12 16:36:39,213 INFO Tweet analysis for 2012-10-25 complete at 16:36:39. 20000 tweets scanned
2017-03-12 16:36:39,213 INFO Scanning tweets for: 2012-11-03 at 16:36:39
2017-03-12 16:37:09,813 INFO Tweet analysis for 2012-11-03 complete at 16:37:09. 20000 tweets scanned
2017-03-12 16:37:09,813 INFO Scanning tweets for: 2012-10-13 at 16:37:09
2017-03-12 16:37:40,795 INFO Tweet analysis for 2012-10-13 complete at 16:37:40. 20000 tweets scanned
2017-03-12 16:37:40,795 INFO Scanning tweets for: 2016-10-30 at 16:37:40
2017-03-12 16:37:56,995 INFO Tweet analysis for 2016-10-30 complete at 16:37:56. 11032 tweets scanned
2017-03-12 16:37:56,995 INFO Scanning tweets for: 2016-10-10 at 16:37:56
2017-03-12 16:38:26,492 INFO Tweet analysis for 2016-10-10 complete at 16:38:26. 20000 tweets scanned
2017-03-12 16:38:26,492 INFO Scanning tweets for: 2012-10-10 at 16:38:26
2017-03-12 16:38:57,129 INFO Tweet analysis for 2012-10-10 complete at 16:38:57. 20000 tweets scanned
2017-03-12 16:38:57,129 INFO Scanning tweets for: 2016-11-07 at 16:38:57
2017-03-12 16:39:26,608 INFO Tweet analysis for 2016-11-07 complete at 16:39:26. 20000 tweets scanned
2017-03-12 16:39:26,608 INFO Scanning tweets for: 2016-10-15 at 16:39:26
2017-03-12 16:39:55,890 INFO Tweet analysis for 2016-10-15 complete at 16:39:55. 20000 tweets scanned
2017-03-12 16:39:55,890 INFO Scanning tweets for: 2012-10-19 at 16:39:55
2017-03-12 16:40:26,719 INFO Tweet analysis for 2012-10-19 complete at 16:40:26. 20000 tweets scanned
2017-03-12 16:40:26,719 INFO Scanning tweets for: 2016-10-26 at 16:40:26
2017-03-12 16:40:43,577 INFO Tweet analysis for 2016-10-26 complete at 16:40:43. 11629 tweets scanned
2017-03-12 16:40:43,577 INFO Scanning tweets for: 2016-10-21 at 16:40:43
2017-03-12 16:41:11,591 INFO Tweet analysis for 2016-10-21 complete at 16:41:11. 20000 tweets scanned
2017-03-12 16:41:11,591 INFO Scanning tweets for: 2016-10-28 at 16:41:11
2017-03-12 16:41:40,963 INFO Tweet analysis for 2016-10-28 complete at 16:41:40. 20000 tweets scanned
2017-03-12 16:41:40,963 INFO Scanning tweets for: 2016-11-04 at 16:41:40
2017-03-12 16:42:08,638 INFO Tweet analysis for 2016-11-04 complete at 16:42:08. 20000 tweets scanned
2017-03-12 16:42:08,638 INFO Scanning tweets for: 2008-10-13 at 16:42:08
2017-03-12 16:42:36,287 INFO Tweet analysis for 2008-10-13 complete at 16:42:36. 18400 tweets scanned
2017-03-12 16:42:36,287 INFO Scanning tweets for: 2008-10-30 at 16:42:36
2017-03-12 16:43:10,640 INFO Tweet analysis for 2008-10-30 complete at 16:43:10. 22605 tweets scanned
2017-03-12 16:43:10,640 INFO Scanning tweets for: 2012-10-09 at 16:43:10
2017-03-12 16:43:41,312 INFO Tweet analysis for 2012-10-09 complete at 16:43:41. 20000 tweets scanned
2017-03-12 16:43:41,312 INFO Scanning tweets for: 2008-11-01 at 16:43:41
2017-03-12 16:44:09,595 INFO Tweet analysis for 2008-11-01 complete at 16:44:09. 20653 tweets scanned
2017-03-12 16:44:09,595 INFO Scanning tweets for: 2012-11-04 at 16:44:09
2017-03-12 16:44:39,347 INFO Tweet analysis for 2012-11-04 complete at 16:44:39. 20000 tweets scanned
2017-03-12 16:44:39,347 INFO Scanning tweets for: 2008-10-14 at 16:44:39
2017-03-12 16:45:07,307 INFO Tweet analysis for 2008-10-14 complete at 16:45:07. 18922 tweets scanned
2017-03-12 16:45:07,308 INFO Scanning tweets for: 2008-10-18 at 16:45:07
2017-03-12 16:45:31,042 INFO Tweet analysis for 2008-10-18 complete at 16:45:31. 15822 tweets scanned
2017-03-12 16:45:31,042 INFO Scanning tweets for: 2012-10-15 at 16:45:31
2017-03-12 16:46:00,527 INFO Tweet analysis for 2012-10-15 complete at 16:46:00. 20000 tweets scanned
2017-03-12 16:46:00,527 INFO Scanning tweets for: 2016-10-08 at 16:46:00
2017-03-12 16:46:31,556 INFO Tweet analysis for 2016-10-08 complete at 16:46:31. 20000 tweets scanned
2017-03-12 16:46:31,556 INFO Scanning tweets for: 2008-10-19 at 16:46:31
2017-03-12 16:46:42,346 INFO Tweet analysis for 2008-10-19 complete at 16:46:42. 7112 tweets scanned
2017-03-12 16:46:42,347 INFO Scanning tweets for: 2008-10-05 at 16:46:42
2017-03-12 16:47:02,824 INFO Tweet analysis for 2008-10-05 complete at 16:47:02. 13768 tweets scanned
2017-03-12 16:47:02,824 INFO Scanning tweets for: 2012-10-14 at 16:47:02
2017-03-12 16:47:32,562 INFO Tweet analysis for 2012-10-14 complete at 16:47:32. 20000 tweets scanned
2017-03-12 16:47:32,562 INFO Scanning tweets for: 2016-11-01 at 16:47:32
2017-03-12 16:48:02,615 INFO Tweet analysis for 2016-11-01 complete at 16:48:02. 20000 tweets scanned
2017-03-12 16:48:02,616 INFO Scanning tweets for: 2012-10-11 at 16:48:02
2017-03-12 16:48:34,144 INFO Tweet analysis for 2012-10-11 complete at 16:48:34. 20000 tweets scanned
2017-03-12 16:48:34,144 INFO Scanning tweets for: 2008-10-31 at 16:48:34
2017-03-12 16:49:07,866 INFO Tweet analysis for 2008-10-31 complete at 16:49:07. 22806 tweets scanned
2017-03-12 16:49:07,866 INFO Scanning tweets for: 2008-10-28 at 16:49:07
2017-03-12 16:49:38,485 INFO Tweet analysis for 2008-10-28 complete at 16:49:38. 20729 tweets scanned
2017-03-12 16:49:38,485 INFO Scanning tweets for: 2012-10-29 at 16:49:38
2017-03-12 16:50:08,504 INFO Tweet analysis for 2012-10-29 complete at 16:50:08. 20000 tweets scanned
2017-03-12 16:50:08,504 INFO Scanning tweets for: 2008-10-09 at 16:50:08
2017-03-12 16:50:40,313 INFO Tweet analysis for 2008-10-09 complete at 16:50:40. 20988 tweets scanned
2017-03-12 16:50:40,313 INFO Scanning tweets for: 2016-10-22 at 16:50:40
2017-03-12 16:51:09,678 INFO Tweet analysis for 2016-10-22 complete at 16:51:09. 20000 tweets scanned
2017-03-12 16:51:09,678 INFO Scanning tweets for: 2008-10-26 at 16:51:09
2017-03-12 16:51:34,658 INFO Tweet analysis for 2008-10-26 complete at 16:51:34. 17123 tweets scanned
2017-03-12 16:51:34,658 INFO Scanning tweets for: 2012-10-17 at 16:51:34
2017-03-12 16:52:05,195 INFO Tweet analysis for 2012-10-17 complete at 16:52:05. 20000 tweets scanned
2017-03-12 16:52:05,195 INFO Scanning tweets for: 2008-11-03 at 16:52:05
2017-03-12 16:52:39,930 INFO Tweet analysis for 2008-11-03 complete at 16:52:39. 24073 tweets scanned
2017-03-12 16:52:39,930 INFO Scanning tweets for: 2008-10-24 at 16:52:39
2017-03-12 16:53:14,925 INFO Tweet analysis for 2008-10-24 complete at 16:53:14. 23281 tweets scanned
2017-03-12 16:53:14,925 INFO Scanning tweets for: 2016-10-20 at 16:53:14
2017-03-12 16:53:44,484 INFO Tweet analysis for 2016-10-20 complete at 16:53:44. 20000 tweets scanned
2017-03-12 16:53:44,485 INFO Scanning tweets for: 2012-10-20 at 16:53:44
2017-03-12 16:54:14,565 INFO Tweet analysis for 2012-10-20 complete at 16:54:14. 20000 tweets scanned
2017-03-12 16:54:14,565 INFO Scanning tweets for: 2016-10-11 at 16:54:14
2017-03-12 16:54:44,873 INFO Tweet analysis for 2016-10-11 complete at 16:54:44. 20000 tweets scanned
2017-03-12 16:54:44,873 INFO Scanning tweets for: 2008-10-29 at 16:54:44
2017-03-12 16:55:17,392 INFO Tweet analysis for 2008-10-29 complete at 16:55:17. 21481 tweets scanned
2017-03-12 16:55:17,392 INFO Scanning tweets for: 2012-10-26 at 16:55:17
2017-03-12 16:55:48,725 INFO Tweet analysis for 2012-10-26 complete at 16:55:48. 20000 tweets scanned
2017-03-12 16:55:48,725 INFO Scanning tweets for: 2008-10-12 at 16:55:48
2017-03-12 16:56:06,984 INFO Tweet analysis for 2008-10-12 complete at 16:56:06. 12501 tweets scanned
2017-03-12 16:56:06,984 INFO Scanning tweets for: 2016-10-17 at 16:56:06
2017-03-12 16:56:36,558 INFO Tweet analysis for 2016-10-17 complete at 16:56:36. 20000 tweets scanned
2017-03-12 16:56:36,558 INFO Scanning tweets for: 2016-10-14 at 16:56:36
2017-03-12 16:57:06,188 INFO Tweet analysis for 2016-10-14 complete at 16:57:06. 20000 tweets scanned
2017-03-12 16:57:06,188 INFO Scanning tweets for: 2016-10-13 at 16:57:06
2017-03-12 16:57:36,016 INFO Tweet analysis for 2016-10-13 complete at 16:57:36. 20000 tweets scanned
2017-03-12 16:57:36,016 INFO Scanning tweets for: 2016-10-12 at 16:57:36
2017-03-12 16:58:06,815 INFO Tweet analysis for 2016-10-12 complete at 16:58:06. 20000 tweets scanned
2017-03-12 16:58:06,815 INFO Scanning tweets for: 2016-10-19 at 16:58:06
2017-03-12 16:58:36,356 INFO Tweet analysis for 2016-10-19 complete at 16:58:36. 20000 tweets scanned
2017-03-12 16:58:36,356 INFO Scanning tweets for: 2012-10-21 at 16:58:36
2017-03-12 16:59:07,137 INFO Tweet analysis for 2012-10-21 complete at 16:59:07. 20000 tweets scanned
2017-03-12 16:59:07,137 INFO Scanning tweets for: 2012-10-08 at 16:59:07
2017-03-12 16:59:36,414 INFO Tweet analysis for 2012-10-08 complete at 16:59:36. 20000 tweets scanned
2017-03-12 16:59:36,414 INFO Scanning tweets for: 2012-10-23 at 16:59:36
2017-03-12 17:00:06,972 INFO Tweet analysis for 2012-10-23 complete at 17:00:06. 20000 tweets scanned
2017-03-12 17:00:06,972 INFO Scanning tweets for: 2012-10-16 at 17:00:06
2017-03-12 17:00:37,302 INFO Tweet analysis for 2012-10-16 complete at 17:00:37. 20000 tweets scanned
2017-03-12 17:00:37,302 INFO Scanning tweets for: 2008-11-02 at 17:00:37
2017-03-12 17:01:09,503 INFO Tweet analysis for 2008-11-02 complete at 17:01:09. 23839 tweets scanned
2017-03-12 17:01:09,503 INFO Scanning tweets for: 2016-10-18 at 17:01:09
2017-03-12 17:01:38,597 INFO Tweet analysis for 2016-10-18 complete at 17:01:38. 20000 tweets scanned
2017-03-12 17:01:38,597 INFO Scanning tweets for: 2016-10-23 at 17:01:38
2017-03-12 17:02:08,125 INFO Tweet analysis for 2016-10-23 complete at 17:02:08. 20000 tweets scanned
2017-03-12 17:02:08,125 INFO Scanning tweets for: 2016-10-27 at 17:02:08
2017-03-12 17:02:37,047 INFO Tweet analysis for 2016-10-27 complete at 17:02:37. 20000 tweets scanned
2017-03-12 17:02:37,047 INFO Scanning tweets for: 2016-11-02 at 17:02:37
2017-03-12 17:03:06,250 INFO Tweet analysis for 2016-11-02 complete at 17:03:06. 20000 tweets scanned
2017-03-12 17:03:06,250 INFO Scanning tweets for: 2008-10-08 at 17:03:06
2017-03-12 17:03:45,821 INFO Tweet analysis for 2008-10-08 complete at 17:03:45. 26851 tweets scanned
2017-03-12 17:03:45,821 INFO Scanning tweets for: 2012-10-22 at 17:03:45
2017-03-12 17:04:16,539 INFO Tweet analysis for 2012-10-22 complete at 17:04:16. 20000 tweets scanned
2017-03-12 17:04:16,539 INFO Scanning tweets for: 2008-10-04 at 17:04:16
2017-03-12 17:04:32,753 INFO Tweet analysis for 2008-10-04 complete at 17:04:32. 11132 tweets scanned
2017-03-12 17:04:32,753 INFO Scanning tweets for: 2008-10-23 at 17:04:32
2017-03-12 17:05:05,484 INFO Tweet analysis for 2008-10-23 complete at 17:05:05. 21951 tweets scanned
2017-03-12 17:05:05,484 INFO Scanning tweets for: 2012-10-28 at 17:05:05
2017-03-12 17:05:42,129 INFO Tweet analysis for 2012-10-28 complete at 17:05:42. 20000 tweets scanned
2017-03-12 17:05:42,129 INFO Scanning tweets for: 2012-10-30 at 17:05:42
2017-03-12 17:06:20,777 INFO Tweet analysis for 2012-10-30 complete at 17:06:20. 20000 tweets scanned
2017-03-12 17:06:20,777 INFO Scanning tweets for: 2008-10-06 at 17:06:20
2017-03-12 17:06:57,192 INFO Tweet analysis for 2008-10-06 complete at 17:06:57. 19768 tweets scanned
2017-03-12 17:06:57,193 INFO Scanning tweets for: 2008-10-22 at 17:06:57
2017-03-12 17:07:31,667 INFO Tweet analysis for 2008-10-22 complete at 17:07:31. 21701 tweets scanned
2017-03-12 17:07:31,667 INFO Scanning tweets for: 2008-10-20 at 17:07:31
2017-03-12 17:08:02,042 INFO Tweet analysis for 2008-10-20 complete at 17:08:02. 21595 tweets scanned
2017-03-12 17:08:02,042 INFO Scanning tweets for: 2008-10-10 at 17:08:02
2017-03-12 17:08:30,434 INFO Tweet analysis for 2008-10-10 complete at 17:08:30. 20622 tweets scanned
2017-03-12 17:08:30,434 INFO Scanning tweets for: 2016-11-03 at 17:08:30
2017-03-12 17:08:57,648 INFO Tweet analysis for 2016-11-03 complete at 17:08:57. 20000 tweets scanned
2017-03-12 17:08:57,648 INFO Scanning tweets for: 2016-11-05 at 17:08:57
2017-03-12 17:09:24,975 INFO Tweet analysis for 2016-11-05 complete at 17:09:24. 20000 tweets scanned
2017-03-12 17:09:24,975 INFO Scanning tweets for: 2016-10-09 at 17:09:24
2017-03-12 17:09:53,959 INFO Tweet analysis for 2016-10-09 complete at 17:09:53. 20000 tweets scanned
2017-03-12 17:09:53,959 INFO Scanning tweets for: 2016-11-06 at 17:09:53
2017-03-12 17:10:21,822 INFO Tweet analysis for 2016-11-06 complete at 17:10:21. 20000 tweets scanned
2017-03-12 17:10:21,823 INFO Scanning tweets for: 2012-11-05 at 17:10:21
2017-03-12 17:10:49,313 INFO Tweet analysis for 2012-11-05 complete at 17:10:49. 20000 tweets scanned
2017-03-12 17:10:49,313 INFO Scanning tweets for: 2016-10-24 at 17:10:49
2017-03-12 17:11:17,965 INFO Tweet analysis for 2016-10-24 complete at 17:11:17. 20000 tweets scanned
2017-03-12 17:11:17,965 INFO Scanning tweets for: 2016-10-31 at 17:11:17
2017-03-12 17:11:47,606 INFO Tweet analysis for 2016-10-31 complete at 17:11:47. 20000 tweets scanned
2017-03-12 17:11:47,606 INFO Scanning tweets for: 2012-10-31 at 17:11:47
2017-03-12 17:12:17,055 INFO Tweet analysis for 2012-10-31 complete at 17:12:17. 20000 tweets scanned
2017-03-12 17:12:17,056 INFO Scanning tweets for: 2012-10-06 at 17:12:17
2017-03-12 17:12:46,612 INFO Tweet analysis for 2012-10-06 complete at 17:12:46. 20000 tweets scanned
2017-03-12 17:12:46,612 INFO Scanning tweets for: 2012-11-01 at 17:12:46
2017-03-12 17:13:16,663 INFO Tweet analysis for 2012-11-01 complete at 17:13:16. 20000 tweets scanned
2017-03-12 17:13:32,340 INFO Input tweets: 1843698
2017-03-12 17:13:32,340 INFO Dropped tweets: 39439
2017-03-12 17:13:32,455 INFO Average scan time: 0.00147471075621
2017-03-12 17:13:32,570 INFO All input scanned at 17:13:32
2017-03-12 17:13:32,654 INFO Time taken: 2718.9212718s
2017-03-12 17:27:31,662 INFO Beginnning Scan at: 17:27:31
2017-03-12 17:27:31,829 INFO Scanning tweets for: 2012-10-18 at 17:27:31
2017-03-12 17:28:05,386 INFO Tweet analysis for 2012-10-18 complete at 17:28:05. 20000 tweets scanned
2017-03-12 17:28:05,386 INFO Scanning tweets for: 2012-10-27 at 17:28:05
2017-03-12 17:28:42,556 INFO Tweet analysis for 2012-10-27 complete at 17:28:42. 20000 tweets scanned
2017-03-12 17:28:42,556 INFO Scanning tweets for: 2008-10-27 at 17:28:42
2017-03-12 17:29:17,468 INFO Tweet analysis for 2008-10-27 complete at 17:29:17. 20078 tweets scanned
2017-03-12 17:29:17,468 INFO Scanning tweets for: 2016-10-16 at 17:29:17
2017-03-12 17:29:52,983 INFO Tweet analysis for 2016-10-16 complete at 17:29:52. 20000 tweets scanned
2017-03-12 17:29:52,983 INFO Scanning tweets for: 2008-10-11 at 17:29:52
2017-03-12 17:30:27,220 INFO Tweet analysis for 2008-10-11 complete at 17:30:27. 18755 tweets scanned
2017-03-12 17:30:27,220 INFO Scanning tweets for: 2008-10-07 at 17:30:27
2017-03-12 17:31:08,924 INFO Tweet analysis for 2008-10-07 complete at 17:31:08. 22868 tweets scanned
2017-03-12 17:31:08,924 INFO Scanning tweets for: 2016-10-29 at 17:31:08
2017-03-12 17:31:44,501 INFO Tweet analysis for 2016-10-29 complete at 17:31:44. 20000 tweets scanned
2017-03-12 17:31:44,502 INFO Scanning tweets for: 2012-11-02 at 17:31:44
2017-03-12 17:32:21,969 INFO Tweet analysis for 2012-11-02 complete at 17:32:21. 20000 tweets scanned
2017-03-12 17:32:21,969 INFO Scanning tweets for: 2012-10-07 at 17:32:21
2017-03-12 17:32:59,354 INFO Tweet analysis for 2012-10-07 complete at 17:32:59. 20000 tweets scanned
2017-03-12 17:32:59,354 INFO Scanning tweets for: 2016-10-25 at 17:32:59
2017-03-12 17:33:35,837 INFO Tweet analysis for 2016-10-25 complete at 17:33:35. 20000 tweets scanned
2017-03-12 17:33:35,837 INFO Scanning tweets for: 2008-10-17 at 17:33:35
2017-03-12 17:34:16,783 INFO Tweet analysis for 2008-10-17 complete at 17:34:16. 24197 tweets scanned
2017-03-12 17:34:16,783 INFO Scanning tweets for: 2008-10-25 at 17:34:16
2017-03-12 17:34:48,448 INFO Tweet analysis for 2008-10-25 complete at 17:34:48. 17236 tweets scanned
2017-03-12 17:34:48,448 INFO Scanning tweets for: 2012-10-12 at 17:34:48
2017-03-12 17:35:20,256 INFO Tweet analysis for 2012-10-12 complete at 17:35:20. 16605 tweets scanned
2017-03-12 17:35:20,256 INFO Scanning tweets for: 2008-10-16 at 17:35:20
2017-03-12 17:36:14,498 INFO Tweet analysis for 2008-10-16 complete at 17:36:14. 29729 tweets scanned
2017-03-12 17:36:14,498 INFO Scanning tweets for: 2008-10-15 at 17:36:14
2017-03-12 17:36:57,403 INFO Tweet analysis for 2008-10-15 complete at 17:36:57. 22429 tweets scanned
2017-03-12 17:36:57,403 INFO Scanning tweets for: 2008-10-21 at 17:36:57
2017-03-12 17:37:37,848 INFO Tweet analysis for 2008-10-21 complete at 17:37:37. 21417 tweets scanned
2017-03-12 17:37:37,848 INFO Scanning tweets for: 2012-10-24 at 17:37:37
2017-03-12 17:38:16,310 INFO Tweet analysis for 2012-10-24 complete at 17:38:16. 20000 tweets scanned
2017-03-12 17:38:16,310 INFO Scanning tweets for: 2012-10-25 at 17:38:16
2017-03-12 17:38:54,359 INFO Tweet analysis for 2012-10-25 complete at 17:38:54. 20000 tweets scanned
2017-03-12 17:38:54,359 INFO Scanning tweets for: 2012-11-03 at 17:38:54
2017-03-12 17:39:32,310 INFO Tweet analysis for 2012-11-03 complete at 17:39:32. 20000 tweets scanned
2017-03-12 17:39:32,310 INFO Scanning tweets for: 2012-10-13 at 17:39:32
2017-03-12 17:40:12,700 INFO Tweet analysis for 2012-10-13 complete at 17:40:12. 20000 tweets scanned
2017-03-12 17:40:12,700 INFO Scanning tweets for: 2016-10-30 at 17:40:12
2017-03-12 17:40:33,939 INFO Tweet analysis for 2016-10-30 complete at 17:40:33. 11032 tweets scanned
2017-03-12 17:40:33,939 INFO Scanning tweets for: 2016-10-10 at 17:40:33
2017-03-12 17:41:13,286 INFO Tweet analysis for 2016-10-10 complete at 17:41:13. 20000 tweets scanned
2017-03-12 17:41:13,286 INFO Scanning tweets for: 2012-10-10 at 17:41:13
2017-03-12 17:41:58,721 INFO Tweet analysis for 2012-10-10 complete at 17:41:58. 20000 tweets scanned
2017-03-12 17:41:58,721 INFO Scanning tweets for: 2016-11-07 at 17:41:58
2017-03-12 17:42:41,007 INFO Tweet analysis for 2016-11-07 complete at 17:42:41. 20000 tweets scanned
2017-03-12 17:42:41,007 INFO Scanning tweets for: 2016-10-15 at 17:42:41
2017-03-12 17:43:25,692 INFO Tweet analysis for 2016-10-15 complete at 17:43:25. 20000 tweets scanned
2017-03-12 17:43:25,692 INFO Scanning tweets for: 2012-10-19 at 17:43:25
2017-03-12 17:44:01,517 INFO Tweet analysis for 2012-10-19 complete at 17:44:01. 20000 tweets scanned
2017-03-12 17:44:01,518 INFO Scanning tweets for: 2016-10-26 at 17:44:01
2017-03-12 17:44:22,892 INFO Tweet analysis for 2016-10-26 complete at 17:44:22. 11629 tweets scanned
2017-03-12 17:44:22,892 INFO Scanning tweets for: 2016-10-21 at 17:44:22
2017-03-12 17:44:54,849 INFO Tweet analysis for 2016-10-21 complete at 17:44:54. 20000 tweets scanned
2017-03-12 17:44:54,849 INFO Scanning tweets for: 2016-10-28 at 17:44:54
2017-03-12 17:45:29,800 INFO Tweet analysis for 2016-10-28 complete at 17:45:29. 20000 tweets scanned
2017-03-12 17:45:29,800 INFO Scanning tweets for: 2016-11-04 at 17:45:29
2017-03-12 17:46:01,863 INFO Tweet analysis for 2016-11-04 complete at 17:46:01. 20000 tweets scanned
2017-03-12 17:46:01,863 INFO Scanning tweets for: 2008-10-13 at 17:46:01
2017-03-12 17:46:32,933 INFO Tweet analysis for 2008-10-13 complete at 17:46:32. 18400 tweets scanned
2017-03-12 17:46:32,933 INFO Scanning tweets for: 2008-10-30 at 17:46:32
2017-03-12 17:47:10,062 INFO Tweet analysis for 2008-10-30 complete at 17:47:10. 22605 tweets scanned
2017-03-12 17:47:10,062 INFO Scanning tweets for: 2012-10-09 at 17:47:10
2017-03-12 17:47:43,521 INFO Tweet analysis for 2012-10-09 complete at 17:47:43. 20000 tweets scanned
2017-03-12 17:47:43,521 INFO Scanning tweets for: 2008-11-01 at 17:47:43
2017-03-12 17:48:13,321 INFO Tweet analysis for 2008-11-01 complete at 17:48:13. 20653 tweets scanned
2017-03-12 17:48:13,321 INFO Scanning tweets for: 2012-11-04 at 17:48:13
2017-03-12 17:48:46,829 INFO Tweet analysis for 2012-11-04 complete at 17:48:46. 20000 tweets scanned
2017-03-12 17:48:46,829 INFO Scanning tweets for: 2008-10-14 at 17:48:46
2017-03-12 17:49:17,240 INFO Tweet analysis for 2008-10-14 complete at 17:49:17. 18922 tweets scanned
2017-03-12 17:49:17,241 INFO Scanning tweets for: 2008-10-18 at 17:49:17
2017-03-12 17:49:41,914 INFO Tweet analysis for 2008-10-18 complete at 17:49:41. 15822 tweets scanned
2017-03-12 17:49:41,914 INFO Scanning tweets for: 2012-10-15 at 17:49:41
2017-03-12 17:50:13,905 INFO Tweet analysis for 2012-10-15 complete at 17:50:13. 20000 tweets scanned
2017-03-12 17:50:13,905 INFO Scanning tweets for: 2016-10-08 at 17:50:13
2017-03-12 17:50:50,367 INFO Tweet analysis for 2016-10-08 complete at 17:50:50. 20000 tweets scanned
2017-03-12 17:50:50,368 INFO Scanning tweets for: 2008-10-19 at 17:50:50
2017-03-12 17:51:02,755 INFO Tweet analysis for 2008-10-19 complete at 17:51:02. 7112 tweets scanned
2017-03-12 17:51:02,755 INFO Scanning tweets for: 2008-10-05 at 17:51:02
2017-03-12 17:51:26,058 INFO Tweet analysis for 2008-10-05 complete at 17:51:26. 13768 tweets scanned
2017-03-12 17:51:26,059 INFO Scanning tweets for: 2012-10-14 at 17:51:26
2017-03-12 17:52:02,053 INFO Tweet analysis for 2012-10-14 complete at 17:52:02. 20000 tweets scanned
2017-03-12 17:52:02,054 INFO Scanning tweets for: 2016-11-01 at 17:52:02
2017-03-12 17:52:36,395 INFO Tweet analysis for 2016-11-01 complete at 17:52:36. 20000 tweets scanned
2017-03-12 17:52:36,395 INFO Scanning tweets for: 2012-10-11 at 17:52:36
2017-03-12 17:53:17,131 INFO Tweet analysis for 2012-10-11 complete at 17:53:17. 20000 tweets scanned
2017-03-12 17:53:17,131 INFO Scanning tweets for: 2008-10-31 at 17:53:17
2017-03-12 17:53:56,862 INFO Tweet analysis for 2008-10-31 complete at 17:53:56. 22806 tweets scanned
2017-03-12 17:53:56,862 INFO Scanning tweets for: 2008-10-28 at 17:53:56
2017-03-12 17:54:31,204 INFO Tweet analysis for 2008-10-28 complete at 17:54:31. 20729 tweets scanned
2017-03-12 17:54:31,204 INFO Scanning tweets for: 2012-10-29 at 17:54:31
2017-03-12 17:55:04,550 INFO Tweet analysis for 2012-10-29 complete at 17:55:04. 20000 tweets scanned
2017-03-12 17:55:04,550 INFO Scanning tweets for: 2008-10-09 at 17:55:04
2017-03-12 17:55:39,264 INFO Tweet analysis for 2008-10-09 complete at 17:55:39. 20988 tweets scanned
2017-03-12 17:55:39,264 INFO Scanning tweets for: 2016-10-22 at 17:55:39
2017-03-12 17:56:11,951 INFO Tweet analysis for 2016-10-22 complete at 17:56:11. 20000 tweets scanned
2017-03-12 17:56:11,951 INFO Scanning tweets for: 2008-10-26 at 17:56:11
2017-03-12 17:56:39,326 INFO Tweet analysis for 2008-10-26 complete at 17:56:39. 17123 tweets scanned
2017-03-12 17:56:39,326 INFO Scanning tweets for: 2012-10-17 at 17:56:39
2017-03-12 17:57:13,678 INFO Tweet analysis for 2012-10-17 complete at 17:57:13. 20000 tweets scanned
2017-03-12 17:57:13,688 INFO Scanning tweets for: 2008-11-03 at 17:57:13
2017-03-12 17:57:52,490 INFO Tweet analysis for 2008-11-03 complete at 17:57:52. 24073 tweets scanned
2017-03-12 17:57:52,490 INFO Scanning tweets for: 2008-10-24 at 17:57:52
2017-03-12 17:58:31,308 INFO Tweet analysis for 2008-10-24 complete at 17:58:31. 23281 tweets scanned
2017-03-12 17:58:31,308 INFO Scanning tweets for: 2016-10-20 at 17:58:31
2017-03-12 17:59:03,590 INFO Tweet analysis for 2016-10-20 complete at 17:59:03. 20000 tweets scanned
2017-03-12 17:59:03,590 INFO Scanning tweets for: 2012-10-20 at 17:59:03
2017-03-12 17:59:35,478 INFO Tweet analysis for 2012-10-20 complete at 17:59:35. 20000 tweets scanned
2017-03-12 17:59:35,479 INFO Scanning tweets for: 2016-10-11 at 17:59:35
2017-03-12 18:00:08,015 INFO Tweet analysis for 2016-10-11 complete at 18:00:08. 20000 tweets scanned
2017-03-12 18:00:08,015 INFO Scanning tweets for: 2008-10-29 at 18:00:08
2017-03-12 18:00:42,671 INFO Tweet analysis for 2008-10-29 complete at 18:00:42. 21481 tweets scanned
2017-03-12 18:00:42,672 INFO Scanning tweets for: 2012-10-26 at 18:00:42
2017-03-12 18:01:16,308 INFO Tweet analysis for 2012-10-26 complete at 18:01:16. 20000 tweets scanned
2017-03-12 18:01:16,308 INFO Scanning tweets for: 2008-10-12 at 18:01:16
2017-03-12 18:01:36,990 INFO Tweet analysis for 2008-10-12 complete at 18:01:36. 12501 tweets scanned
2017-03-12 18:01:36,991 INFO Scanning tweets for: 2016-10-17 at 18:01:36
2017-03-12 18:02:11,063 INFO Tweet analysis for 2016-10-17 complete at 18:02:11. 20000 tweets scanned
2017-03-12 18:02:11,063 INFO Scanning tweets for: 2016-10-14 at 18:02:11
2017-03-12 18:02:43,633 INFO Tweet analysis for 2016-10-14 complete at 18:02:43. 20000 tweets scanned
2017-03-12 18:02:43,633 INFO Scanning tweets for: 2016-10-13 at 18:02:43
2017-03-12 18:03:16,193 INFO Tweet analysis for 2016-10-13 complete at 18:03:16. 20000 tweets scanned
2017-03-12 18:03:16,193 INFO Scanning tweets for: 2016-10-12 at 18:03:16
2017-03-12 18:03:49,361 INFO Tweet analysis for 2016-10-12 complete at 18:03:49. 20000 tweets scanned
2017-03-12 18:03:49,361 INFO Scanning tweets for: 2016-10-19 at 18:03:49
2017-03-12 18:04:21,674 INFO Tweet analysis for 2016-10-19 complete at 18:04:21. 20000 tweets scanned
2017-03-12 18:04:21,674 INFO Scanning tweets for: 2012-10-21 at 18:04:21
2017-03-12 18:04:54,743 INFO Tweet analysis for 2012-10-21 complete at 18:04:54. 20000 tweets scanned
2017-03-12 18:04:54,744 INFO Scanning tweets for: 2012-10-08 at 18:04:54
2017-03-12 18:05:26,603 INFO Tweet analysis for 2012-10-08 complete at 18:05:26. 20000 tweets scanned
2017-03-12 18:05:26,604 INFO Scanning tweets for: 2012-10-23 at 18:05:26
2017-03-12 18:05:59,920 INFO Tweet analysis for 2012-10-23 complete at 18:05:59. 20000 tweets scanned
2017-03-12 18:05:59,920 INFO Scanning tweets for: 2012-10-16 at 18:05:59
2017-03-12 18:06:33,648 INFO Tweet analysis for 2012-10-16 complete at 18:06:33. 20000 tweets scanned
2017-03-12 18:06:33,648 INFO Scanning tweets for: 2008-11-02 at 18:06:33
2017-03-12 18:07:11,037 INFO Tweet analysis for 2008-11-02 complete at 18:07:11. 23839 tweets scanned
2017-03-12 18:07:11,037 INFO Scanning tweets for: 2016-10-18 at 18:07:11
2017-03-12 18:07:43,277 INFO Tweet analysis for 2016-10-18 complete at 18:07:43. 20000 tweets scanned
2017-03-12 18:07:43,277 INFO Scanning tweets for: 2016-10-23 at 18:07:43
2017-03-12 18:08:13,165 INFO Tweet analysis for 2016-10-23 complete at 18:08:13. 20000 tweets scanned
2017-03-12 18:08:13,165 INFO Scanning tweets for: 2016-10-27 at 18:08:13
2017-03-12 18:08:43,699 INFO Tweet analysis for 2016-10-27 complete at 18:08:43. 20000 tweets scanned
2017-03-12 18:08:43,700 INFO Scanning tweets for: 2016-11-02 at 18:08:43
2017-03-12 18:09:16,398 INFO Tweet analysis for 2016-11-02 complete at 18:09:16. 20000 tweets scanned
2017-03-12 18:09:16,399 INFO Scanning tweets for: 2008-10-08 at 18:09:16
2017-03-12 18:10:00,453 INFO Tweet analysis for 2008-10-08 complete at 18:10:00. 26851 tweets scanned
2017-03-12 18:10:00,453 INFO Scanning tweets for: 2012-10-22 at 18:10:00
2017-03-12 18:10:35,429 INFO Tweet analysis for 2012-10-22 complete at 18:10:35. 20000 tweets scanned
2017-03-12 18:10:35,479 INFO Scanning tweets for: 2008-10-04 at 18:10:35
2017-03-12 18:10:53,664 INFO Tweet analysis for 2008-10-04 complete at 18:10:53. 11132 tweets scanned
2017-03-12 18:10:53,665 INFO Scanning tweets for: 2008-10-23 at 18:10:53
2017-03-12 18:11:30,892 INFO Tweet analysis for 2008-10-23 complete at 18:11:30. 21951 tweets scanned
2017-03-12 18:11:30,892 INFO Scanning tweets for: 2012-10-28 at 18:11:30
2017-03-12 18:12:03,862 INFO Tweet analysis for 2012-10-28 complete at 18:12:03. 20000 tweets scanned
2017-03-12 18:12:03,862 INFO Scanning tweets for: 2012-10-30 at 18:12:03
2017-03-12 18:12:37,208 INFO Tweet analysis for 2012-10-30 complete at 18:12:37. 20000 tweets scanned
2017-03-12 18:12:37,208 INFO Scanning tweets for: 2008-10-06 at 18:12:37
2017-03-12 18:13:10,100 INFO Tweet analysis for 2008-10-06 complete at 18:13:10. 19768 tweets scanned
2017-03-12 18:13:10,100 INFO Scanning tweets for: 2008-10-22 at 18:13:10
2017-03-12 18:13:46,293 INFO Tweet analysis for 2008-10-22 complete at 18:13:46. 21701 tweets scanned
2017-03-12 18:13:46,293 INFO Scanning tweets for: 2008-10-20 at 18:13:46
2017-03-12 18:14:22,187 INFO Tweet analysis for 2008-10-20 complete at 18:14:22. 21595 tweets scanned
2017-03-12 18:14:22,187 INFO Scanning tweets for: 2008-10-10 at 18:14:22
2017-03-12 18:14:56,490 INFO Tweet analysis for 2008-10-10 complete at 18:14:56. 20622 tweets scanned
2017-03-12 18:14:56,490 INFO Scanning tweets for: 2016-11-03 at 18:14:56
2017-03-12 18:15:28,771 INFO Tweet analysis for 2016-11-03 complete at 18:15:28. 20000 tweets scanned
2017-03-12 18:15:28,772 INFO Scanning tweets for: 2016-11-05 at 18:15:28
2017-03-12 18:16:00,880 INFO Tweet analysis for 2016-11-05 complete at 18:16:00. 20000 tweets scanned
2017-03-12 18:16:00,880 INFO Scanning tweets for: 2016-10-09 at 18:16:00
2017-03-12 18:16:35,964 INFO Tweet analysis for 2016-10-09 complete at 18:16:35. 20000 tweets scanned
2017-03-12 18:16:35,964 INFO Scanning tweets for: 2016-11-06 at 18:16:35
2017-03-12 18:17:08,784 INFO Tweet analysis for 2016-11-06 complete at 18:17:08. 20000 tweets scanned
2017-03-12 18:17:08,784 INFO Scanning tweets for: 2012-11-05 at 18:17:08
2017-03-12 18:17:41,824 INFO Tweet analysis for 2012-11-05 complete at 18:17:41. 20000 tweets scanned
2017-03-12 18:17:41,824 INFO Scanning tweets for: 2016-10-24 at 18:17:41
2017-03-12 18:18:14,069 INFO Tweet analysis for 2016-10-24 complete at 18:18:14. 20000 tweets scanned
2017-03-12 18:18:14,069 INFO Scanning tweets for: 2016-10-31 at 18:18:14
2017-03-12 18:18:47,195 INFO Tweet analysis for 2016-10-31 complete at 18:18:47. 20000 tweets scanned
2017-03-12 18:18:47,195 INFO Scanning tweets for: 2012-10-31 at 18:18:47
2017-03-12 18:19:21,317 INFO Tweet analysis for 2012-10-31 complete at 18:19:21. 20000 tweets scanned
2017-03-12 18:19:21,317 INFO Scanning tweets for: 2012-10-06 at 18:19:21
2017-03-12 18:19:54,791 INFO Tweet analysis for 2012-10-06 complete at 18:19:54. 20000 tweets scanned
2017-03-12 18:19:54,791 INFO Scanning tweets for: 2012-11-01 at 18:19:54
2017-03-12 18:20:28,151 INFO Tweet analysis for 2012-11-01 complete at 18:20:28. 20000 tweets scanned
2017-03-12 18:20:46,342 INFO Input tweets: 1843698
2017-03-12 18:20:46,342 INFO Dropped tweets: 39439
2017-03-12 18:20:46,463 INFO Average scan time: 0.00169695248074
2017-03-12 18:20:46,551 INFO All input scanned at 18:20:46
2017-03-12 18:20:46,634 INFO Time taken: 3128.66789484s
