2017-03-12 16:27:24,831 INFO Beginnning Scan at: 16:27:24
2017-03-12 16:27:24,832 INFO Scanning tweets for: 2012-10-18 at 16:27:24
2017-03-12 16:27:54,189 INFO Tweet analysis for 2012-10-18 complete at 16:27:54. 20000 tweets scanned
2017-03-12 16:27:54,189 INFO Scanning tweets for: 2012-10-27 at 16:27:54
2017-03-12 16:28:23,890 INFO Tweet analysis for 2012-10-27 complete at 16:28:23. 20000 tweets scanned
2017-03-12 16:28:23,890 INFO Scanning tweets for: 2008-10-27 at 16:28:23
2017-03-12 16:28:53,375 INFO Tweet analysis for 2008-10-27 complete at 16:28:53. 20078 tweets scanned
2017-03-12 16:28:53,375 INFO Scanning tweets for: 2016-10-16 at 16:28:53
2017-03-12 16:29:23,830 INFO Tweet analysis for 2016-10-16 complete at 16:29:23. 20000 tweets scanned
2017-03-12 16:29:23,830 INFO Scanning tweets for: 2008-10-11 at 16:29:23
2017-03-12 16:29:51,932 INFO Tweet analysis for 2008-10-11 complete at 16:29:51. 18755 tweets scanned
2017-03-12 16:29:51,932 INFO Scanning tweets for: 2008-10-07 at 16:29:51
2017-03-12 16:30:26,000 INFO Tweet analysis for 2008-10-07 complete at 16:30:26. 22868 tweets scanned
2017-03-12 16:30:26,000 INFO Scanning tweets for: 2016-10-29 at 16:30:26
2017-03-12 16:30:55,418 INFO Tweet analysis for 2016-10-29 complete at 16:30:55. 20000 tweets scanned
2017-03-12 16:30:55,418 INFO Scanning tweets for: 2012-11-02 at 16:30:55
2017-03-12 16:31:26,064 INFO Tweet analysis for 2012-11-02 complete at 16:31:26. 20000 tweets scanned
2017-03-12 16:31:26,064 INFO Scanning tweets for: 2012-10-07 at 16:31:26
2017-03-12 16:31:55,396 INFO Tweet analysis for 2012-10-07 complete at 16:31:55. 20000 tweets scanned
2017-03-12 16:31:55,396 INFO Scanning tweets for: 2016-10-25 at 16:31:55
2017-03-12 16:32:24,733 INFO Tweet analysis for 2016-10-25 complete at 16:32:24. 20000 tweets scanned
2017-03-12 16:32:24,733 INFO Scanning tweets for: 2008-10-17 at 16:32:24
2017-03-12 16:32:59,622 INFO Tweet analysis for 2008-10-17 complete at 16:32:59. 24197 tweets scanned
2017-03-12 16:32:59,622 INFO Scanning tweets for: 2008-10-25 at 16:32:59
2017-03-12 16:33:23,881 INFO Tweet analysis for 2008-10-25 complete at 16:33:23. 17236 tweets scanned
2017-03-12 16:33:23,881 INFO Scanning tweets for: 2012-10-12 at 16:33:23
2017-03-12 16:33:48,560 INFO Tweet analysis for 2012-10-12 complete at 16:33:48. 16605 tweets scanned
2017-03-12 16:33:48,560 INFO Scanning tweets for: 2008-10-16 at 16:33:48
2017-03-12 16:34:33,804 INFO Tweet analysis for 2008-10-16 complete at 16:34:33. 29729 tweets scanned
2017-03-12 16:34:33,804 INFO Scanning tweets for: 2008-10-15 at 16:34:33
2017-03-12 16:35:06,633 INFO Tweet analysis for 2008-10-15 complete at 16:35:06. 22429 tweets scanned
2017-03-12 16:35:06,634 INFO Scanning tweets for: 2008-10-21 at 16:35:06
2017-03-12 16:35:37,793 INFO Tweet analysis for 2008-10-21 complete at 16:35:37. 21417 tweets scanned
2017-03-12 16:35:37,794 INFO Scanning tweets for: 2012-10-24 at 16:35:37
2017-03-12 16:36:08,383 INFO Tweet analysis for 2012-10-24 complete at 16:36:08. 20000 tweets scanned
2017-03-12 16:36:08,384 INFO Scanning tweets for: 2012-10-25 at 16:36:08
2017-03-12 16:36:39,213 INFO Tweet analysis for 2012-10-25 complete at 16:36:39. 20000 tweets scanned
2017-03-12 16:36:39,213 INFO Scanning tweets for: 2012-11-03 at 16:36:39
2017-03-12 16:37:09,813 INFO Tweet analysis for 2012-11-03 complete at 16:37:09. 20000 tweets scanned
2017-03-12 16:37:09,813 INFO Scanning tweets for: 2012-10-13 at 16:37:09
2017-03-12 16:37:40,795 INFO Tweet analysis for 2012-10-13 complete at 16:37:40. 20000 tweets scanned
2017-03-12 16:37:40,795 INFO Scanning tweets for: 2016-10-30 at 16:37:40
2017-03-12 16:37:56,995 INFO Tweet analysis for 2016-10-30 complete at 16:37:56. 11032 tweets scanned
2017-03-12 16:37:56,995 INFO Scanning tweets for: 2016-10-10 at 16:37:56
2017-03-12 16:38:26,492 INFO Tweet analysis for 2016-10-10 complete at 16:38:26. 20000 tweets scanned
2017-03-12 16:38:26,492 INFO Scanning tweets for: 2012-10-10 at 16:38:26
2017-03-12 16:38:57,129 INFO Tweet analysis for 2012-10-10 complete at 16:38:57. 20000 tweets scanned
2017-03-12 16:38:57,129 INFO Scanning tweets for: 2016-11-07 at 16:38:57
2017-03-12 16:39:26,608 INFO Tweet analysis for 2016-11-07 complete at 16:39:26. 20000 tweets scanned
2017-03-12 16:39:26,608 INFO Scanning tweets for: 2016-10-15 at 16:39:26
2017-03-12 16:39:55,890 INFO Tweet analysis for 2016-10-15 complete at 16:39:55. 20000 tweets scanned
2017-03-12 16:39:55,890 INFO Scanning tweets for: 2012-10-19 at 16:39:55
2017-03-12 16:40:26,719 INFO Tweet analysis for 2012-10-19 complete at 16:40:26. 20000 tweets scanned
2017-03-12 16:40:26,719 INFO Scanning tweets for: 2016-10-26 at 16:40:26
2017-03-12 16:40:43,577 INFO Tweet analysis for 2016-10-26 complete at 16:40:43. 11629 tweets scanned
2017-03-12 16:40:43,577 INFO Scanning tweets for: 2016-10-21 at 16:40:43
2017-03-12 16:41:11,591 INFO Tweet analysis for 2016-10-21 complete at 16:41:11. 20000 tweets scanned
2017-03-12 16:41:11,591 INFO Scanning tweets for: 2016-10-28 at 16:41:11
2017-03-12 16:41:40,963 INFO Tweet analysis for 2016-10-28 complete at 16:41:40. 20000 tweets scanned
2017-03-12 16:41:40,963 INFO Scanning tweets for: 2016-11-04 at 16:41:40
2017-03-12 16:42:08,638 INFO Tweet analysis for 2016-11-04 complete at 16:42:08. 20000 tweets scanned
2017-03-12 16:42:08,638 INFO Scanning tweets for: 2008-10-13 at 16:42:08
2017-03-12 16:42:36,287 INFO Tweet analysis for 2008-10-13 complete at 16:42:36. 18400 tweets scanned
2017-03-12 16:42:36,287 INFO Scanning tweets for: 2008-10-30 at 16:42:36
2017-03-12 16:43:10,640 INFO Tweet analysis for 2008-10-30 complete at 16:43:10. 22605 tweets scanned
2017-03-12 16:43:10,640 INFO Scanning tweets for: 2012-10-09 at 16:43:10
2017-03-12 16:43:41,312 INFO Tweet analysis for 2012-10-09 complete at 16:43:41. 20000 tweets scanned
2017-03-12 16:43:41,312 INFO Scanning tweets for: 2008-11-01 at 16:43:41
2017-03-12 16:44:09,595 INFO Tweet analysis for 2008-11-01 complete at 16:44:09. 20653 tweets scanned
2017-03-12 16:44:09,595 INFO Scanning tweets for: 2012-11-04 at 16:44:09
2017-03-12 16:44:39,347 INFO Tweet analysis for 2012-11-04 complete at 16:44:39. 20000 tweets scanned
2017-03-12 16:44:39,347 INFO Scanning tweets for: 2008-10-14 at 16:44:39
2017-03-12 16:45:07,307 INFO Tweet analysis for 2008-10-14 complete at 16:45:07. 18922 tweets scanned
2017-03-12 16:45:07,308 INFO Scanning tweets for: 2008-10-18 at 16:45:07
2017-03-12 16:45:31,042 INFO Tweet analysis for 2008-10-18 complete at 16:45:31. 15822 tweets scanned
2017-03-12 16:45:31,042 INFO Scanning tweets for: 2012-10-15 at 16:45:31
2017-03-12 16:46:00,527 INFO Tweet analysis for 2012-10-15 complete at 16:46:00. 20000 tweets scanned
2017-03-12 16:46:00,527 INFO Scanning tweets for: 2016-10-08 at 16:46:00
2017-03-12 16:46:31,556 INFO Tweet analysis for 2016-10-08 complete at 16:46:31. 20000 tweets scanned
2017-03-12 16:46:31,556 INFO Scanning tweets for: 2008-10-19 at 16:46:31
2017-03-12 16:46:42,346 INFO Tweet analysis for 2008-10-19 complete at 16:46:42. 7112 tweets scanned
2017-03-12 16:46:42,347 INFO Scanning tweets for: 2008-10-05 at 16:46:42
2017-03-12 16:47:02,824 INFO Tweet analysis for 2008-10-05 complete at 16:47:02. 13768 tweets scanned
2017-03-12 16:47:02,824 INFO Scanning tweets for: 2012-10-14 at 16:47:02
2017-03-12 16:47:32,562 INFO Tweet analysis for 2012-10-14 complete at 16:47:32. 20000 tweets scanned
2017-03-12 16:47:32,562 INFO Scanning tweets for: 2016-11-01 at 16:47:32
2017-03-12 16:48:02,615 INFO Tweet analysis for 2016-11-01 complete at 16:48:02. 20000 tweets scanned
2017-03-12 16:48:02,616 INFO Scanning tweets for: 2012-10-11 at 16:48:02
2017-03-12 16:48:34,144 INFO Tweet analysis for 2012-10-11 complete at 16:48:34. 20000 tweets scanned
2017-03-12 16:48:34,144 INFO Scanning tweets for: 2008-10-31 at 16:48:34
2017-03-12 16:49:07,866 INFO Tweet analysis for 2008-10-31 complete at 16:49:07. 22806 tweets scanned
2017-03-12 16:49:07,866 INFO Scanning tweets for: 2008-10-28 at 16:49:07
2017-03-12 16:49:38,485 INFO Tweet analysis for 2008-10-28 complete at 16:49:38. 20729 tweets scanned
2017-03-12 16:49:38,485 INFO Scanning tweets for: 2012-10-29 at 16:49:38
2017-03-12 16:50:08,504 INFO Tweet analysis for 2012-10-29 complete at 16:50:08. 20000 tweets scanned
2017-03-12 16:50:08,504 INFO Scanning tweets for: 2008-10-09 at 16:50:08
2017-03-12 16:50:40,313 INFO Tweet analysis for 2008-10-09 complete at 16:50:40. 20988 tweets scanned
2017-03-12 16:50:40,313 INFO Scanning tweets for: 2016-10-22 at 16:50:40
2017-03-12 16:51:09,678 INFO Tweet analysis for 2016-10-22 complete at 16:51:09. 20000 tweets scanned
2017-03-12 16:51:09,678 INFO Scanning tweets for: 2008-10-26 at 16:51:09
2017-03-12 16:51:34,658 INFO Tweet analysis for 2008-10-26 complete at 16:51:34. 17123 tweets scanned
2017-03-12 16:51:34,658 INFO Scanning tweets for: 2012-10-17 at 16:51:34
2017-03-12 16:52:05,195 INFO Tweet analysis for 2012-10-17 complete at 16:52:05. 20000 tweets scanned
2017-03-12 16:52:05,195 INFO Scanning tweets for: 2008-11-03 at 16:52:05
2017-03-12 16:52:39,930 INFO Tweet analysis for 2008-11-03 complete at 16:52:39. 24073 tweets scanned
2017-03-12 16:52:39,930 INFO Scanning tweets for: 2008-10-24 at 16:52:39
2017-03-12 16:53:14,925 INFO Tweet analysis for 2008-10-24 complete at 16:53:14. 23281 tweets scanned
2017-03-12 16:53:14,925 INFO Scanning tweets for: 2016-10-20 at 16:53:14
2017-03-12 16:53:44,484 INFO Tweet analysis for 2016-10-20 complete at 16:53:44. 20000 tweets scanned
2017-03-12 16:53:44,485 INFO Scanning tweets for: 2012-10-20 at 16:53:44
2017-03-12 16:54:14,565 INFO Tweet analysis for 2012-10-20 complete at 16:54:14. 20000 tweets scanned
2017-03-12 16:54:14,565 INFO Scanning tweets for: 2016-10-11 at 16:54:14
2017-03-12 16:54:44,873 INFO Tweet analysis for 2016-10-11 complete at 16:54:44. 20000 tweets scanned
2017-03-12 16:54:44,873 INFO Scanning tweets for: 2008-10-29 at 16:54:44
2017-03-12 16:55:17,392 INFO Tweet analysis for 2008-10-29 complete at 16:55:17. 21481 tweets scanned
2017-03-12 16:55:17,392 INFO Scanning tweets for: 2012-10-26 at 16:55:17
2017-03-12 16:55:48,725 INFO Tweet analysis for 2012-10-26 complete at 16:55:48. 20000 tweets scanned
2017-03-12 16:55:48,725 INFO Scanning tweets for: 2008-10-12 at 16:55:48
2017-03-12 16:56:06,984 INFO Tweet analysis for 2008-10-12 complete at 16:56:06. 12501 tweets scanned
2017-03-12 16:56:06,984 INFO Scanning tweets for: 2016-10-17 at 16:56:06
2017-03-12 16:56:36,558 INFO Tweet analysis for 2016-10-17 complete at 16:56:36. 20000 tweets scanned
2017-03-12 16:56:36,558 INFO Scanning tweets for: 2016-10-14 at 16:56:36
2017-03-12 16:57:06,188 INFO Tweet analysis for 2016-10-14 complete at 16:57:06. 20000 tweets scanned
2017-03-12 16:57:06,188 INFO Scanning tweets for: 2016-10-13 at 16:57:06
2017-03-12 16:57:36,016 INFO Tweet analysis for 2016-10-13 complete at 16:57:36. 20000 tweets scanned
2017-03-12 16:57:36,016 INFO Scanning tweets for: 2016-10-12 at 16:57:36
2017-03-12 16:58:06,815 INFO Tweet analysis for 2016-10-12 complete at 16:58:06. 20000 tweets scanned
2017-03-12 16:58:06,815 INFO Scanning tweets for: 2016-10-19 at 16:58:06
2017-03-12 16:58:36,356 INFO Tweet analysis for 2016-10-19 complete at 16:58:36. 20000 tweets scanned
2017-03-12 16:58:36,356 INFO Scanning tweets for: 2012-10-21 at 16:58:36
2017-03-12 16:59:07,137 INFO Tweet analysis for 2012-10-21 complete at 16:59:07. 20000 tweets scanned
2017-03-12 16:59:07,137 INFO Scanning tweets for: 2012-10-08 at 16:59:07
2017-03-12 16:59:36,414 INFO Tweet analysis for 2012-10-08 complete at 16:59:36. 20000 tweets scanned
2017-03-12 16:59:36,414 INFO Scanning tweets for: 2012-10-23 at 16:59:36
2017-03-12 17:00:06,972 INFO Tweet analysis for 2012-10-23 complete at 17:00:06. 20000 tweets scanned
2017-03-12 17:00:06,972 INFO Scanning tweets for: 2012-10-16 at 17:00:06
2017-03-12 17:00:37,302 INFO Tweet analysis for 2012-10-16 complete at 17:00:37. 20000 tweets scanned
2017-03-12 17:00:37,302 INFO Scanning tweets for: 2008-11-02 at 17:00:37
2017-03-12 17:01:09,503 INFO Tweet analysis for 2008-11-02 complete at 17:01:09. 23839 tweets scanned
2017-03-12 17:01:09,503 INFO Scanning tweets for: 2016-10-18 at 17:01:09
2017-03-12 17:01:38,597 INFO Tweet analysis for 2016-10-18 complete at 17:01:38. 20000 tweets scanned
2017-03-12 17:01:38,597 INFO Scanning tweets for: 2016-10-23 at 17:01:38
2017-03-12 17:02:08,125 INFO Tweet analysis for 2016-10-23 complete at 17:02:08. 20000 tweets scanned
2017-03-12 17:02:08,125 INFO Scanning tweets for: 2016-10-27 at 17:02:08
2017-03-12 17:02:37,047 INFO Tweet analysis for 2016-10-27 complete at 17:02:37. 20000 tweets scanned
2017-03-12 17:02:37,047 INFO Scanning tweets for: 2016-11-02 at 17:02:37
2017-03-12 17:03:06,250 INFO Tweet analysis for 2016-11-02 complete at 17:03:06. 20000 tweets scanned
2017-03-12 17:03:06,250 INFO Scanning tweets for: 2008-10-08 at 17:03:06
2017-03-12 17:03:45,821 INFO Tweet analysis for 2008-10-08 complete at 17:03:45. 26851 tweets scanned
2017-03-12 17:03:45,821 INFO Scanning tweets for: 2012-10-22 at 17:03:45
2017-03-12 17:04:16,539 INFO Tweet analysis for 2012-10-22 complete at 17:04:16. 20000 tweets scanned
2017-03-12 17:04:16,539 INFO Scanning tweets for: 2008-10-04 at 17:04:16
2017-03-12 17:04:32,753 INFO Tweet analysis for 2008-10-04 complete at 17:04:32. 11132 tweets scanned
2017-03-12 17:04:32,753 INFO Scanning tweets for: 2008-10-23 at 17:04:32
2017-03-12 17:05:05,484 INFO Tweet analysis for 2008-10-23 complete at 17:05:05. 21951 tweets scanned
2017-03-12 17:05:05,484 INFO Scanning tweets for: 2012-10-28 at 17:05:05
2017-03-12 17:05:42,129 INFO Tweet analysis for 2012-10-28 complete at 17:05:42. 20000 tweets scanned
2017-03-12 17:05:42,129 INFO Scanning tweets for: 2012-10-30 at 17:05:42
2017-03-12 17:06:20,777 INFO Tweet analysis for 2012-10-30 complete at 17:06:20. 20000 tweets scanned
2017-03-12 17:06:20,777 INFO Scanning tweets for: 2008-10-06 at 17:06:20
2017-03-12 17:06:57,192 INFO Tweet analysis for 2008-10-06 complete at 17:06:57. 19768 tweets scanned
2017-03-12 17:06:57,193 INFO Scanning tweets for: 2008-10-22 at 17:06:57
2017-03-12 17:07:31,667 INFO Tweet analysis for 2008-10-22 complete at 17:07:31. 21701 tweets scanned
2017-03-12 17:07:31,667 INFO Scanning tweets for: 2008-10-20 at 17:07:31
2017-03-12 17:08:02,042 INFO Tweet analysis for 2008-10-20 complete at 17:08:02. 21595 tweets scanned
2017-03-12 17:08:02,042 INFO Scanning tweets for: 2008-10-10 at 17:08:02
2017-03-12 17:08:30,434 INFO Tweet analysis for 2008-10-10 complete at 17:08:30. 20622 tweets scanned
2017-03-12 17:08:30,434 INFO Scanning tweets for: 2016-11-03 at 17:08:30
2017-03-12 17:08:57,648 INFO Tweet analysis for 2016-11-03 complete at 17:08:57. 20000 tweets scanned
2017-03-12 17:08:57,648 INFO Scanning tweets for: 2016-11-05 at 17:08:57
2017-03-12 17:09:24,975 INFO Tweet analysis for 2016-11-05 complete at 17:09:24. 20000 tweets scanned
2017-03-12 17:09:24,975 INFO Scanning tweets for: 2016-10-09 at 17:09:24
2017-03-12 17:09:53,959 INFO Tweet analysis for 2016-10-09 complete at 17:09:53. 20000 tweets scanned
2017-03-12 17:09:53,959 INFO Scanning tweets for: 2016-11-06 at 17:09:53
2017-03-12 17:10:21,822 INFO Tweet analysis for 2016-11-06 complete at 17:10:21. 20000 tweets scanned
2017-03-12 17:10:21,823 INFO Scanning tweets for: 2012-11-05 at 17:10:21
2017-03-12 17:10:49,313 INFO Tweet analysis for 2012-11-05 complete at 17:10:49. 20000 tweets scanned
2017-03-12 17:10:49,313 INFO Scanning tweets for: 2016-10-24 at 17:10:49
2017-03-12 17:11:17,965 INFO Tweet analysis for 2016-10-24 complete at 17:11:17. 20000 tweets scanned
2017-03-12 17:11:17,965 INFO Scanning tweets for: 2016-10-31 at 17:11:17
2017-03-12 17:11:47,606 INFO Tweet analysis for 2016-10-31 complete at 17:11:47. 20000 tweets scanned
2017-03-12 17:11:47,606 INFO Scanning tweets for: 2012-10-31 at 17:11:47
2017-03-12 17:12:17,055 INFO Tweet analysis for 2012-10-31 complete at 17:12:17. 20000 tweets scanned
2017-03-12 17:12:17,056 INFO Scanning tweets for: 2012-10-06 at 17:12:17
2017-03-12 17:12:46,612 INFO Tweet analysis for 2012-10-06 complete at 17:12:46. 20000 tweets scanned
2017-03-12 17:12:46,612 INFO Scanning tweets for: 2012-11-01 at 17:12:46
2017-03-12 17:13:16,663 INFO Tweet analysis for 2012-11-01 complete at 17:13:16. 20000 tweets scanned
2017-03-12 17:13:32,340 INFO Input tweets: 1843698
2017-03-12 17:13:32,340 INFO Dropped tweets: 39439
2017-03-12 17:13:32,455 INFO Average scan time: 0.00147471075621
2017-03-12 17:13:32,570 INFO All input scanned at 17:13:32
2017-03-12 17:13:32,654 INFO Time taken: 2718.9212718s
