Beginnning Scan at: 00:56:10
Scanning tweets for: 2012-10-18 at 00:56:10
Tweet analysis for 2012-10-18 complete at 00:56:38. 20000 tweets scanned
Scanning tweets for: 2012-10-27 at 00:56:38
Tweet analysis for 2012-10-27 complete at 00:57:07. 20000 tweets scanned
Scanning tweets for: 2008-10-27 at 00:57:07
Tweet analysis for 2008-10-27 complete at 00:57:35. 20078 tweets scanned
Scanning tweets for: 2016-10-16 at 00:57:35
Tweet analysis for 2016-10-16 complete at 00:58:03. 20000 tweets scanned
Scanning tweets for: 2008-10-11 at 00:58:03
Tweet analysis for 2008-10-11 complete at 00:58:30. 18755 tweets scanned
Scanning tweets for: 2008-10-07 at 00:58:30
Tweet analysis for 2008-10-07 complete at 00:59:03. 22868 tweets scanned
Scanning tweets for: 2016-10-29 at 00:59:03
Tweet analysis for 2016-10-29 complete at 00:59:32. 20000 tweets scanned
Scanning tweets for: 2012-11-02 at 00:59:32
Tweet analysis for 2012-11-02 complete at 01:00:00. 20000 tweets scanned
Scanning tweets for: 2012-10-07 at 01:00:00
Tweet analysis for 2012-10-07 complete at 01:00:28. 20000 tweets scanned
Scanning tweets for: 2016-10-25 at 01:00:28
Tweet analysis for 2016-10-25 complete at 01:00:55. 20000 tweets scanned
Scanning tweets for: 2008-10-17 at 01:00:55
Tweet analysis for 2008-10-17 complete at 01:01:28. 24197 tweets scanned
Scanning tweets for: 2008-10-25 at 01:01:28
Tweet analysis for 2008-10-25 complete at 01:01:51. 17236 tweets scanned
Scanning tweets for: 2012-10-12 at 01:01:51
Tweet analysis for 2012-10-12 complete at 01:02:15. 16605 tweets scanned
Scanning tweets for: 2008-10-16 at 01:02:15
Tweet analysis for 2008-10-16 complete at 01:02:56. 29729 tweets scanned
Scanning tweets for: 2008-10-15 at 01:02:56
Tweet analysis for 2008-10-15 complete at 01:03:26. 22429 tweets scanned
Scanning tweets for: 2008-10-21 at 01:03:26
Tweet analysis for 2008-10-21 complete at 01:03:57. 21417 tweets scanned
Scanning tweets for: 2012-10-24 at 01:03:57
Tweet analysis for 2012-10-24 complete at 01:04:32. 20000 tweets scanned
Scanning tweets for: 2012-10-25 at 01:04:32
Tweet analysis for 2012-10-25 complete at 01:05:09. 20000 tweets scanned
Scanning tweets for: 2012-11-03 at 01:05:09
Tweet analysis for 2012-11-03 complete at 01:05:46. 20000 tweets scanned
Scanning tweets for: 2012-10-13 at 01:05:46
Tweet analysis for 2012-10-13 complete at 01:06:22. 20000 tweets scanned
Scanning tweets for: 2016-10-30 at 01:06:22
Tweet analysis for 2016-10-30 complete at 01:06:41. 11032 tweets scanned
Scanning tweets for: 2016-10-10 at 01:06:41
Tweet analysis for 2016-10-10 complete at 01:07:09. 20000 tweets scanned
Scanning tweets for: 2012-10-10 at 01:07:09
Tweet analysis for 2012-10-10 complete at 01:07:38. 20000 tweets scanned
Scanning tweets for: 2016-11-07 at 01:07:38
Tweet analysis for 2016-11-07 complete at 01:08:10. 20000 tweets scanned
Scanning tweets for: 2016-10-15 at 01:08:10
Tweet analysis for 2016-10-15 complete at 01:08:45. 20000 tweets scanned
Scanning tweets for: 2012-10-19 at 01:08:45
Tweet analysis for 2012-10-19 complete at 01:09:23. 20000 tweets scanned
Scanning tweets for: 2016-10-26 at 01:09:23
Tweet analysis for 2016-10-26 complete at 01:09:43. 11629 tweets scanned
Scanning tweets for: 2016-10-21 at 01:09:43
Tweet analysis for 2016-10-21 complete at 01:10:18. 20000 tweets scanned
Scanning tweets for: 2016-10-28 at 01:10:18
Tweet analysis for 2016-10-28 complete at 01:10:55. 20000 tweets scanned
Scanning tweets for: 2016-11-04 at 01:10:55
Tweet analysis for 2016-11-04 complete at 01:11:22. 20000 tweets scanned
Scanning tweets for: 2008-10-13 at 01:11:22
Tweet analysis for 2008-10-13 complete at 01:11:48. 18400 tweets scanned
Scanning tweets for: 2008-10-30 at 01:11:48
Tweet analysis for 2008-10-30 complete at 01:12:19. 22605 tweets scanned
Scanning tweets for: 2012-10-09 at 01:12:19
Tweet analysis for 2012-10-09 complete at 01:12:47. 20000 tweets scanned
Scanning tweets for: 2008-11-01 at 01:12:47
Tweet analysis for 2008-11-01 complete at 01:13:14. 20653 tweets scanned
Scanning tweets for: 2012-11-04 at 01:13:14
Tweet analysis for 2012-11-04 complete at 01:13:42. 20000 tweets scanned
Scanning tweets for: 2008-10-14 at 01:13:42
Tweet analysis for 2008-10-14 complete at 01:14:08. 18922 tweets scanned
Scanning tweets for: 2008-10-18 at 01:14:08
Tweet analysis for 2008-10-18 complete at 01:14:30. 15822 tweets scanned
Scanning tweets for: 2012-10-15 at 01:14:30
Tweet analysis for 2012-10-15 complete at 01:14:59. 20000 tweets scanned
Scanning tweets for: 2016-10-08 at 01:14:59
Tweet analysis for 2016-10-08 complete at 01:15:28. 20000 tweets scanned
Scanning tweets for: 2008-10-19 at 01:15:28
Tweet analysis for 2008-10-19 complete at 01:15:38. 7112 tweets scanned
Scanning tweets for: 2008-10-05 at 01:15:38
Tweet analysis for 2008-10-05 complete at 01:15:57. 13768 tweets scanned
Scanning tweets for: 2012-10-14 at 01:15:57
Tweet analysis for 2012-10-14 complete at 01:16:34. 20000 tweets scanned
Scanning tweets for: 2016-11-01 at 01:16:34
Tweet analysis for 2016-11-01 complete at 01:17:11. 20000 tweets scanned
Scanning tweets for: 2012-10-11 at 01:17:11
Tweet analysis for 2012-10-11 complete at 01:17:48. 20000 tweets scanned
Scanning tweets for: 2008-10-31 at 01:17:48
Tweet analysis for 2008-10-31 complete at 01:18:32. 22806 tweets scanned
Scanning tweets for: 2008-10-28 at 01:18:32
Tweet analysis for 2008-10-28 complete at 01:19:08. 20729 tweets scanned
Scanning tweets for: 2012-10-29 at 01:19:08
Tweet analysis for 2012-10-29 complete at 01:19:42. 20000 tweets scanned
Scanning tweets for: 2008-10-09 at 01:19:42
Tweet analysis for 2008-10-09 complete at 01:20:20. 20988 tweets scanned
Scanning tweets for: 2016-10-22 at 01:20:20
Tweet analysis for 2016-10-22 complete at 01:20:59. 20000 tweets scanned
Scanning tweets for: 2008-10-26 at 01:20:59
Tweet analysis for 2008-10-26 complete at 01:21:29. 17123 tweets scanned
Scanning tweets for: 2012-10-17 at 01:21:29
Tweet analysis for 2012-10-17 complete at 01:22:07. 20000 tweets scanned
Scanning tweets for: 2008-11-03 at 01:22:07
Tweet analysis for 2008-11-03 complete at 01:22:50. 24073 tweets scanned
Scanning tweets for: 2008-10-24 at 01:22:50
Tweet analysis for 2008-10-24 complete at 01:23:29. 23281 tweets scanned
Scanning tweets for: 2016-10-20 at 01:23:29
Tweet analysis for 2016-10-20 complete at 01:23:57. 20000 tweets scanned
Scanning tweets for: 2012-10-20 at 01:23:57
Tweet analysis for 2012-10-20 complete at 01:24:29. 20000 tweets scanned
Scanning tweets for: 2016-10-11 at 01:24:30
Tweet analysis for 2016-10-11 complete at 01:25:02. 20000 tweets scanned
Scanning tweets for: 2008-10-29 at 01:25:02
Tweet analysis for 2008-10-29 complete at 01:25:43. 21481 tweets scanned
Scanning tweets for: 2012-10-26 at 01:25:43
Tweet analysis for 2012-10-26 complete at 01:26:14. 20000 tweets scanned
Scanning tweets for: 2008-10-12 at 01:26:14
Tweet analysis for 2008-10-12 complete at 01:26:32. 12501 tweets scanned
Scanning tweets for: 2016-10-17 at 01:26:32
Tweet analysis for 2016-10-17 complete at 01:27:01. 20000 tweets scanned
Scanning tweets for: 2016-10-14 at 01:27:01
Tweet analysis for 2016-10-14 complete at 01:27:30. 20000 tweets scanned
Scanning tweets for: 2016-10-13 at 01:27:30
Tweet analysis for 2016-10-13 complete at 01:27:59. 20000 tweets scanned
Scanning tweets for: 2016-10-12 at 01:27:59
Tweet analysis for 2016-10-12 complete at 01:28:27. 20000 tweets scanned
Scanning tweets for: 2016-10-19 at 01:28:27
Tweet analysis for 2016-10-19 complete at 01:29:02. 20000 tweets scanned
Scanning tweets for: 2012-10-21 at 01:29:02
Tweet analysis for 2012-10-21 complete at 01:29:31. 20000 tweets scanned
Scanning tweets for: 2012-10-08 at 01:29:31
Tweet analysis for 2012-10-08 complete at 01:29:59. 20000 tweets scanned
Scanning tweets for: 2012-10-23 at 01:29:59
Tweet analysis for 2012-10-23 complete at 01:30:28. 20000 tweets scanned
Scanning tweets for: 2012-10-16 at 01:30:28
Tweet analysis for 2012-10-16 complete at 01:30:58. 20000 tweets scanned
Scanning tweets for: 2008-11-02 at 01:30:58
Tweet analysis for 2008-11-02 complete at 01:31:31. 23839 tweets scanned
Scanning tweets for: 2016-10-18 at 01:31:31
Tweet analysis for 2016-10-18 complete at 01:31:59. 20000 tweets scanned
Scanning tweets for: 2016-10-23 at 01:31:59
Tweet analysis for 2016-10-23 complete at 01:32:28. 20000 tweets scanned
Scanning tweets for: 2016-10-27 at 01:32:28
Tweet analysis for 2016-10-27 complete at 01:32:56. 20000 tweets scanned
Scanning tweets for: 2016-11-02 at 01:32:56
Tweet analysis for 2016-11-02 complete at 01:33:32. 20000 tweets scanned
Scanning tweets for: 2008-10-08 at 01:33:32
Tweet analysis for 2008-10-08 complete at 01:34:11. 26851 tweets scanned
Scanning tweets for: 2012-10-22 at 01:34:11
Tweet analysis for 2012-10-22 complete at 01:34:40. 20000 tweets scanned
Scanning tweets for: 2008-10-04 at 01:34:40
Tweet analysis for 2008-10-04 complete at 01:34:57. 11132 tweets scanned
Scanning tweets for: 2008-10-23 at 01:34:57
Tweet analysis for 2008-10-23 complete at 01:35:28. 21951 tweets scanned
Scanning tweets for: 2012-10-28 at 01:35:28
Tweet analysis for 2012-10-28 complete at 01:36:00. 20000 tweets scanned
Scanning tweets for: 2012-10-30 at 01:36:00
Tweet analysis for 2012-10-30 complete at 01:36:30. 20000 tweets scanned
Scanning tweets for: 2008-10-06 at 01:36:30
Tweet analysis for 2008-10-06 complete at 01:36:58. 19768 tweets scanned
Scanning tweets for: 2008-10-22 at 01:36:58
Tweet analysis for 2008-10-22 complete at 01:37:37. 21701 tweets scanned
Scanning tweets for: 2008-10-20 at 01:37:37
Tweet analysis for 2008-10-20 complete at 01:38:10. 21595 tweets scanned
Scanning tweets for: 2008-10-10 at 01:38:10
Tweet analysis for 2008-10-10 complete at 01:38:40. 20622 tweets scanned
Scanning tweets for: 2016-11-03 at 01:38:40
Tweet analysis for 2016-11-03 complete at 01:39:18. 20000 tweets scanned
Scanning tweets for: 2016-11-05 at 01:39:18
Tweet analysis for 2016-11-05 complete at 01:39:47. 20000 tweets scanned
Scanning tweets for: 2016-10-09 at 01:39:47
Tweet analysis for 2016-10-09 complete at 01:40:18. 20000 tweets scanned
Scanning tweets for: 2016-11-06 at 01:40:18
Tweet analysis for 2016-11-06 complete at 01:40:45. 20000 tweets scanned
Scanning tweets for: 2012-11-05 at 01:40:45
Tweet analysis for 2012-11-05 complete at 01:41:13. 20000 tweets scanned
Scanning tweets for: 2016-10-24 at 01:41:13
Tweet analysis for 2016-10-24 complete at 01:41:41. 20000 tweets scanned
Scanning tweets for: 2016-10-31 at 01:41:41
Tweet analysis for 2016-10-31 complete at 01:42:09. 20000 tweets scanned
Scanning tweets for: 2012-10-31 at 01:42:09
Tweet analysis for 2012-10-31 complete at 01:42:38. 20000 tweets scanned
Scanning tweets for: 2012-10-06 at 01:42:38
Tweet analysis for 2012-10-06 complete at 01:43:06. 20000 tweets scanned
Scanning tweets for: 2012-11-01 at 01:43:06
Tweet analysis for 2012-11-01 complete at 01:43:34. 20000 tweets scanned
1843698 files
39439 dropped
1804259 saved files
All input scanned at 01:43:54